$ /Users/maryamsediqi/freqtrade/.venv/bin/freqtrade backtesting --config user_data/config_freqai_autoresearch.json --strategy AutoresearchFreqAIStrategy --timerange 20250101-20250601 --export trades --backtest-filename /Users/maryamsediqi/autoresearch/freqtrade/runs/backtest_AutoresearchFreqAIStrategy_20260310T152815Z.json --strategy-path /Users/maryamsediqi/autoresearch/freqtrade/strategies --freqaimodel PyTorchMLPRegressor

2026-03-10 16:28:15,756 - freqtrade - INFO - freqtrade 2026.2
2026-03-10 16:28:16,062 - numexpr.utils - INFO - NumExpr defaulting to 8 threads.
2026-03-10 16:28:17,031 - freqtrade.configuration.load_config - INFO - Using config: user_data/config_freqai_autoresearch.json ...
2026-03-10 16:28:17,034 - freqtrade.loggers - INFO - Enabling colorized output.
2026-03-10 16:28:17,034 - freqtrade.loggers - INFO - Logfile configured
2026-03-10 16:28:17,034 - freqtrade.loggers - INFO - Verbosity set to 0
2026-03-10 16:28:17,034 - freqtrade.configuration.configuration - INFO - Using additional Strategy lookup path: /Users/maryamsediqi/autoresearch/freqtrade/strategies
2026-03-10 16:28:17,034 - freqtrade.configuration.configuration - INFO - Using max_open_trades: 2 ...
2026-03-10 16:28:17,034 - freqtrade.configuration.configuration - INFO - Parameter --timerange detected: 20250101-20250601 ...
2026-03-10 16:28:17,035 - freqtrade.configuration.configuration - INFO - Using user-data directory: /Users/maryamsediqi/freqtrade/user_data ...
2026-03-10 16:28:17,035 - freqtrade.configuration.configuration - INFO - Using data directory: /Users/maryamsediqi/freqtrade/user_data/data/binance ...
2026-03-10 16:28:17,035 - freqtrade.configuration.configuration - INFO - Storing backtest results to 
/Users/maryamsediqi/autoresearch/freqtrade/runs/backtest_AutoresearchFreqAIStrategy_20260310T152815Z.json ...
2026-03-10 16:28:17,035 - freqtrade.configuration.configuration - WARNING - DEPRECATED: Using `--export-filename` has no impact when backtesting. Please use `--notes` to annotate backtest results and 
`--backtest-directory` to specify the output directory. 
2026-03-10 16:28:17,035 - freqtrade.configuration.configuration - INFO - Parameter --export detected: trades ...
2026-03-10 16:28:17,035 - freqtrade.configuration.configuration - INFO - Parameter --cache=day detected ...
2026-03-10 16:28:17,035 - freqtrade.configuration.configuration - INFO - Filter trades by timerange: 20250101-20250601
2026-03-10 16:28:17,036 - freqtrade.configuration.configuration - INFO - Using freqaimodel class name: PyTorchMLPRegressor
2026-03-10 16:28:17,036 - freqtrade.exchange.check_exchange - INFO - Checking exchange...
2026-03-10 16:28:17,040 - freqtrade.exchange.check_exchange - INFO - Exchange "binance" is officially supported by the Freqtrade development team.
2026-03-10 16:28:17,040 - freqtrade.configuration.configuration - INFO - Using pairlist from configuration.
2026-03-10 16:28:17,040 - freqtrade.configuration.config_validation - INFO - Validating configuration ...
2026-03-10 16:28:17,041 - freqtrade.commands.optimize_commands - INFO - Starting freqtrade in Backtesting mode
2026-03-10 16:28:17,042 - freqtrade.exchange.exchange - INFO - Instance is running with dry_run enabled
2026-03-10 16:28:17,042 - freqtrade.exchange.exchange - INFO - Using CCXT 4.5.39
2026-03-10 16:28:17,042 - freqtrade.exchange.exchange - INFO - Applying additional ccxt config: {'options': {'defaultType': 'swap'}}
2026-03-10 16:28:17,045 - freqtrade.exchange.exchange - INFO - Applying additional ccxt config: {'options': {'defaultType': 'swap'}}
2026-03-10 16:28:17,049 - freqtrade.exchange.exchange - INFO - Using Exchange "Binance"
2026-03-10 16:28:18,428 - freqtrade.resolvers.exchange_resolver - INFO - Using resolved exchange 'Binance'...
2026-03-10 16:28:18,439 - freqtrade.resolvers.iresolver - INFO - Using resolved strategy AutoresearchFreqAIStrategy from 
'/Users/maryamsediqi/autoresearch/freqtrade/strategies/AutoresearchFreqAIStrategy.py'...
2026-03-10 16:28:18,440 - freqtrade.strategy.hyper - INFO - Found no parameter file.
2026-03-10 16:28:18,440 - freqtrade.resolvers.strategy_resolver - INFO - Override strategy 'timeframe' with value from the configuration: 5m.
2026-03-10 16:28:18,440 - freqtrade.resolvers.strategy_resolver - INFO - Override strategy 'stake_currency' with value from the configuration: USDT.
2026-03-10 16:28:18,440 - freqtrade.resolvers.strategy_resolver - INFO - Override strategy 'stake_amount' with value from the configuration: 75.
2026-03-10 16:28:18,440 - freqtrade.resolvers.strategy_resolver - INFO - Override strategy 'max_open_trades' with value from the configuration: 2.
2026-03-10 16:28:18,440 - freqtrade.resolvers.strategy_resolver - INFO - Strategy using minimal_roi: {'0': 0.02, '60': 0.01, '180': 0.0}
2026-03-10 16:28:18,441 - freqtrade.resolvers.strategy_resolver - INFO - Strategy using timeframe: 5m
2026-03-10 16:28:18,441 - freqtrade.resolvers.strategy_resolver - INFO - Strategy using stoploss: -0.02
2026-03-10 16:28:18,441 - freqtrade.resolvers.strategy_resolver - INFO - Strategy using trailing_stop: False
2026-03-10 16:28:18,441 - freqtrade.resolvers.strategy_resolver - INFO - Strategy using trailing_stop_positive_offset: 0.0
2026-03-10 16:28:18,441 - freqtrade.resolvers.strategy_resolver - INFO - Strategy using trailing_only_offset_is_reached: False
2026-03-10 16:28:18,441 - freqtrade.resolvers.strategy_resolver - INFO - Strategy using use_custom_stoploss: False
2026-03-10 16:28:18,441 - freqtrade.resolvers.strategy_resolver - INFO - Strategy using process_only_new_candles: True
2026-03-10 16:28:18,441 - freqtrade.resolvers.strategy_resolver - INFO - Strategy using order_types: {'entry': 'limit', 'exit': 'limit', 'stoploss': 'limit', 'stoploss_on_exchange': False, 
'stoploss_on_exchange_interval': 60}
2026-03-10 16:28:18,441 - freqtrade.resolvers.strategy_resolver - INFO - Strategy using order_time_in_force: {'entry': 'GTC', 'exit': 'GTC'}
2026-03-10 16:28:18,442 - freqtrade.resolvers.strategy_resolver - INFO - Strategy using stake_currency: USDT
2026-03-10 16:28:18,442 - freqtrade.resolvers.strategy_resolver - INFO - Strategy using stake_amount: 75
2026-03-10 16:28:18,442 - freqtrade.resolvers.strategy_resolver - INFO - Strategy using startup_candle_count: 240
2026-03-10 16:28:18,442 - freqtrade.resolvers.strategy_resolver - INFO - Strategy using use_exit_signal: True
2026-03-10 16:28:18,442 - freqtrade.resolvers.strategy_resolver - INFO - Strategy using exit_profit_only: False
2026-03-10 16:28:18,442 - freqtrade.resolvers.strategy_resolver - INFO - Strategy using ignore_roi_if_entry_signal: False
2026-03-10 16:28:18,442 - freqtrade.resolvers.strategy_resolver - INFO - Strategy using exit_profit_offset: 0.0
2026-03-10 16:28:18,442 - freqtrade.resolvers.strategy_resolver - INFO - Strategy using disable_dataframe_checks: False
2026-03-10 16:28:18,442 - freqtrade.resolvers.strategy_resolver - INFO - Strategy using ignore_buying_expired_candle_after: 0
2026-03-10 16:28:18,442 - freqtrade.resolvers.strategy_resolver - INFO - Strategy using position_adjustment_enable: False
2026-03-10 16:28:18,443 - freqtrade.resolvers.strategy_resolver - INFO - Strategy using max_entry_position_adjustment: -1
2026-03-10 16:28:18,443 - freqtrade.resolvers.strategy_resolver - INFO - Strategy using max_open_trades: 2
2026-03-10 16:28:18,443 - freqtrade.configuration.config_validation - INFO - Validating configuration ...
2026-03-10 16:28:18,449 - freqtrade.resolvers.iresolver - INFO - Using resolved pairlist StaticPairList from '/Users/maryamsediqi/freqtrade/freqtrade/plugins/pairlist/StaticPairList.py'...
2026-03-10 16:28:18,452 - freqtrade.optimize.backtesting - INFO - Using fee 0.0500% - worst case fee from exchange (lowest tier).
2026-03-10 16:28:18,453 - freqtrade.data.dataprovider - INFO - Increasing startup_candle_count for freqai on 5m to 8880
2026-03-10 16:28:18,574 - freqtrade.optimize.backtesting - INFO - Loading data from 2024-12-01 04:00:00 up to 2025-06-01 00:00:00 (181 days).
2026-03-10 16:28:19,014 - freqtrade.optimize.backtesting - INFO - Dataload complete. Calculating indicators
2026-03-10 16:28:19,016 - freqtrade.optimize.backtesting - INFO - Running backtesting for Strategy AutoresearchFreqAIStrategy
2026-03-10 16:28:20,864 - freqtrade.resolvers.iresolver - INFO - Using resolved freqaimodel PyTorchMLPRegressor from 
'/Users/maryamsediqi/freqtrade/freqtrade/freqai/prediction_models/PyTorchMLPRegressor.py'...
2026-03-10 16:28:20,864 - freqtrade.freqai.data_drawer - INFO - Could not find existing datadrawer, starting from scratch
2026-03-10 16:28:20,865 - freqtrade.freqai.data_drawer - INFO - Could not find existing historic_predictions, starting from scratch
2026-03-10 16:28:20,865 - freqtrade.freqai.freqai_interface - INFO - Set fresh train queue from whitelist. Queue: ['BTC/USDT:USDT', 'ETH/USDT:USDT']
2026-03-10 16:28:20,932 - freqtrade.freqai.freqai_interface - INFO - Training 22 timeranges
2026-03-10 16:28:20,932 - freqtrade.freqai.freqai_interface - INFO - Training BTC/USDT:USDT, 1/2 pairs from 2024-12-02 00:00:00 to 2025-01-01 00:00:00, 1/22 trains
2026-03-10 16:28:20,935 - freqtrade.freqai.data_kitchen - INFO - Found backtesting prediction file at 
/Users/maryamsediqi/freqtrade/user_data/models/autoresearch-v1/backtesting_predictions/cb_btc_1735689600_prediction.feather
2026-03-10 16:28:20,945 - freqtrade.data.dataprovider - INFO - Increasing startup_candle_count for freqai on 15m to 3120
2026-03-10 16:28:20,945 - freqtrade.data.dataprovider - INFO - Loading data for BTC/USDT:USDT 15m from 2024-11-29 12:00:00 to 2025-06-01 00:00:00
2026-03-10 16:28:20,979 - freqtrade.data.dataprovider - INFO - Increasing startup_candle_count for freqai on 1h to 960
2026-03-10 16:28:20,979 - freqtrade.data.dataprovider - INFO - Loading data for BTC/USDT:USDT 1h from 2024-11-22 00:00:00 to 2025-06-01 00:00:00
2026-03-10 16:28:20,997 - freqtrade.data.dataprovider - INFO - Increasing startup_candle_count for freqai on 5m to 8880
2026-03-10 16:28:20,998 - freqtrade.data.dataprovider - INFO - Loading data for ETH/USDT:USDT 5m from 2024-12-01 04:00:00 to 2025-06-01 00:00:00
2026-03-10 16:28:21,079 - freqtrade.data.dataprovider - INFO - Increasing startup_candle_count for freqai on 15m to 3120
2026-03-10 16:28:21,080 - freqtrade.data.dataprovider - INFO - Loading data for ETH/USDT:USDT 15m from 2024-11-29 12:00:00 to 2025-06-01 00:00:00
2026-03-10 16:28:21,110 - freqtrade.data.dataprovider - INFO - Increasing startup_candle_count for freqai on 1h to 960
2026-03-10 16:28:21,110 - freqtrade.data.dataprovider - INFO - Loading data for ETH/USDT:USDT 1h from 2024-11-22 00:00:00 to 2025-06-01 00:00:00
2026-03-10 16:28:21,129 - freqtrade.freqai.freqai_interface - INFO - Training BTC/USDT:USDT, 1/2 pairs from 2024-12-09 00:00:00 to 2025-01-08 00:00:00, 2/22 trains
2026-03-10 16:28:21,133 - freqtrade.freqai.data_kitchen - INFO - Found backtesting prediction file at 
/Users/maryamsediqi/freqtrade/user_data/models/autoresearch-v1/backtesting_predictions/cb_btc_1736294400_prediction.feather
2026-03-10 16:28:21,134 - freqtrade.freqai.freqai_interface - INFO - Training BTC/USDT:USDT, 1/2 pairs from 2024-12-16 00:00:00 to 2025-01-15 00:00:00, 3/22 trains
2026-03-10 16:28:21,136 - freqtrade.freqai.data_kitchen - INFO - Found backtesting prediction file at 
/Users/maryamsediqi/freqtrade/user_data/models/autoresearch-v1/backtesting_predictions/cb_btc_1736899200_prediction.feather
2026-03-10 16:28:21,137 - freqtrade.freqai.freqai_interface - INFO - Training BTC/USDT:USDT, 1/2 pairs from 2024-12-23 00:00:00 to 2025-01-22 00:00:00, 4/22 trains
2026-03-10 16:28:21,139 - freqtrade.freqai.data_kitchen - INFO - Found backtesting prediction file at 
/Users/maryamsediqi/freqtrade/user_data/models/autoresearch-v1/backtesting_predictions/cb_btc_1737504000_prediction.feather
2026-03-10 16:28:21,140 - freqtrade.freqai.freqai_interface - INFO - Training BTC/USDT:USDT, 1/2 pairs from 2024-12-30 00:00:00 to 2025-01-29 00:00:00, 5/22 trains
2026-03-10 16:28:21,141 - freqtrade.freqai.data_kitchen - INFO - Found backtesting prediction file at 
/Users/maryamsediqi/freqtrade/user_data/models/autoresearch-v1/backtesting_predictions/cb_btc_1738108800_prediction.feather
2026-03-10 16:28:21,142 - freqtrade.freqai.freqai_interface - INFO - Training BTC/USDT:USDT, 1/2 pairs from 2025-01-06 00:00:00 to 2025-02-05 00:00:00, 6/22 trains
2026-03-10 16:28:21,144 - freqtrade.freqai.data_kitchen - INFO - Found backtesting prediction file at 
/Users/maryamsediqi/freqtrade/user_data/models/autoresearch-v1/backtesting_predictions/cb_btc_1738713600_prediction.feather
2026-03-10 16:28:21,145 - freqtrade.freqai.freqai_interface - INFO - Training BTC/USDT:USDT, 1/2 pairs from 2025-01-13 00:00:00 to 2025-02-12 00:00:00, 7/22 trains
2026-03-10 16:28:21,147 - freqtrade.freqai.data_kitchen - INFO - Found backtesting prediction file at 
/Users/maryamsediqi/freqtrade/user_data/models/autoresearch-v1/backtesting_predictions/cb_btc_1739318400_prediction.feather
2026-03-10 16:28:21,147 - freqtrade.freqai.freqai_interface - INFO - Training BTC/USDT:USDT, 1/2 pairs from 2025-01-20 00:00:00 to 2025-02-19 00:00:00, 8/22 trains
2026-03-10 16:28:21,149 - freqtrade.freqai.data_kitchen - INFO - Found backtesting prediction file at 
/Users/maryamsediqi/freqtrade/user_data/models/autoresearch-v1/backtesting_predictions/cb_btc_1739923200_prediction.feather
2026-03-10 16:28:21,150 - freqtrade.freqai.freqai_interface - INFO - Training BTC/USDT:USDT, 1/2 pairs from 2025-01-27 00:00:00 to 2025-02-26 00:00:00, 9/22 trains
2026-03-10 16:28:21,152 - freqtrade.freqai.data_kitchen - INFO - Found backtesting prediction file at 
/Users/maryamsediqi/freqtrade/user_data/models/autoresearch-v1/backtesting_predictions/cb_btc_1740528000_prediction.feather
2026-03-10 16:28:21,153 - freqtrade.freqai.freqai_interface - INFO - Training BTC/USDT:USDT, 1/2 pairs from 2025-02-03 00:00:00 to 2025-03-05 00:00:00, 10/22 trains
2026-03-10 16:28:21,154 - freqtrade.freqai.data_kitchen - INFO - Found backtesting prediction file at 
/Users/maryamsediqi/freqtrade/user_data/models/autoresearch-v1/backtesting_predictions/cb_btc_1741132800_prediction.feather
2026-03-10 16:28:21,155 - freqtrade.freqai.freqai_interface - INFO - Training BTC/USDT:USDT, 1/2 pairs from 2025-02-10 00:00:00 to 2025-03-12 00:00:00, 11/22 trains
2026-03-10 16:28:21,156 - freqtrade.freqai.data_kitchen - INFO - Found backtesting prediction file at 
/Users/maryamsediqi/freqtrade/user_data/models/autoresearch-v1/backtesting_predictions/cb_btc_1741737600_prediction.feather
2026-03-10 16:28:21,157 - freqtrade.freqai.freqai_interface - INFO - Training BTC/USDT:USDT, 1/2 pairs from 2025-02-17 00:00:00 to 2025-03-19 00:00:00, 12/22 trains
2026-03-10 16:28:21,159 - freqtrade.freqai.data_kitchen - INFO - Found backtesting prediction file at 
/Users/maryamsediqi/freqtrade/user_data/models/autoresearch-v1/backtesting_predictions/cb_btc_1742342400_prediction.feather
2026-03-10 16:28:21,159 - freqtrade.freqai.freqai_interface - INFO - Training BTC/USDT:USDT, 1/2 pairs from 2025-02-24 00:00:00 to 2025-03-26 00:00:00, 13/22 trains
2026-03-10 16:28:21,161 - freqtrade.freqai.data_kitchen - INFO - Found backtesting prediction file at 
/Users/maryamsediqi/freqtrade/user_data/models/autoresearch-v1/backtesting_predictions/cb_btc_1742947200_prediction.feather
2026-03-10 16:28:21,161 - freqtrade.freqai.freqai_interface - INFO - Training BTC/USDT:USDT, 1/2 pairs from 2025-03-03 00:00:00 to 2025-04-02 00:00:00, 14/22 trains
2026-03-10 16:28:21,162 - freqtrade.freqai.data_kitchen - INFO - Found backtesting prediction file at 
/Users/maryamsediqi/freqtrade/user_data/models/autoresearch-v1/backtesting_predictions/cb_btc_1743552000_prediction.feather
2026-03-10 16:28:21,163 - freqtrade.freqai.freqai_interface - INFO - Training BTC/USDT:USDT, 1/2 pairs from 2025-03-10 00:00:00 to 2025-04-09 00:00:00, 15/22 trains
2026-03-10 16:28:21,163 - freqtrade.freqai.data_kitchen - INFO - Could not find backtesting prediction file at 
/Users/maryamsediqi/freqtrade/user_data/models/autoresearch-v1/backtesting_predictions/cb_btc_1744156800_prediction.feather
2026-03-10 16:28:21,947 - freqtrade.freqai.freqai_interface - INFO - Could not find model at /Users/maryamsediqi/freqtrade/user_data/models/autoresearch-v1/sub-train-BTC_1744156800/cb_btc_1744156800
2026-03-10 16:28:22,049 - freqtrade.freqai.base_models.BasePyTorchRegressor - INFO - -------------------- Starting training BTC/USDT:USDT --------------------
2026-03-10 16:28:22,081 - freqtrade.freqai.data_kitchen - INFO - BTC/USDT:USDT: dropped 24 training points due to NaNs in populated dataset 8640.
2026-03-10 16:28:22,109 - freqtrade.freqai.base_models.BasePyTorchRegressor - INFO - Training model on 438 features
2026-03-10 16:28:22,110 - freqtrade.freqai.base_models.BasePyTorchRegressor - INFO - Training model on 6462 data points
2026-03-10 16:28:37,799 - freqtrade.freqai.base_models.BasePyTorchRegressor - INFO - -------------------- Done training BTC/USDT:USDT (15.75 secs) --------------------
2026-03-10 16:28:37,800 - freqtrade.freqai.freqai_interface - INFO - Saving metadata to disk.
2026-03-10 16:28:37,827 - datasieve.pipeline - WARNING - Could not find step di in pipeline, returning None
2026-03-10 16:28:37,842 - freqtrade.freqai.freqai_interface - INFO - Training BTC/USDT:USDT, 1/2 pairs from 2025-03-17 00:00:00 to 2025-04-16 00:00:00, 16/22 trains
2026-03-10 16:28:37,842 - freqtrade.freqai.data_kitchen - INFO - Could not find backtesting prediction file at 
/Users/maryamsediqi/freqtrade/user_data/models/autoresearch-v1/backtesting_predictions/cb_btc_1744761600_prediction.feather
2026-03-10 16:28:37,963 - freqtrade.freqai.freqai_interface - INFO - Could not find model at /Users/maryamsediqi/freqtrade/user_data/models/autoresearch-v1/sub-train-BTC_1744761600/cb_btc_1744761600
2026-03-10 16:28:37,965 - freqtrade.freqai.base_models.BasePyTorchRegressor - INFO - -------------------- Starting training BTC/USDT:USDT --------------------
2026-03-10 16:28:38,010 - freqtrade.freqai.data_kitchen - INFO - BTC/USDT:USDT: dropped 24 training points due to NaNs in populated dataset 8640.
2026-03-10 16:28:38,043 - freqtrade.freqai.base_models.BasePyTorchRegressor - INFO - Training model on 438 features
2026-03-10 16:28:38,043 - freqtrade.freqai.base_models.BasePyTorchRegressor - INFO - Training model on 6462 data points
2026-03-10 16:28:52,198 - freqtrade.freqai.base_models.BasePyTorchRegressor - INFO - -------------------- Done training BTC/USDT:USDT (14.23 secs) --------------------
2026-03-10 16:28:52,200 - freqtrade.freqai.freqai_interface - INFO - Saving metadata to disk.
2026-03-10 16:28:52,221 - datasieve.pipeline - WARNING - Could not find step di in pipeline, returning None
2026-03-10 16:28:52,230 - freqtrade.freqai.freqai_interface - INFO - Training BTC/USDT:USDT, 1/2 pairs from 2025-03-24 00:00:00 to 2025-04-23 00:00:00, 17/22 trains
2026-03-10 16:28:52,230 - freqtrade.freqai.data_kitchen - INFO - Could not find backtesting prediction file at 
/Users/maryamsediqi/freqtrade/user_data/models/autoresearch-v1/backtesting_predictions/cb_btc_1745366400_prediction.feather
2026-03-10 16:28:52,333 - freqtrade.freqai.freqai_interface - INFO - Could not find model at /Users/maryamsediqi/freqtrade/user_data/models/autoresearch-v1/sub-train-BTC_1745366400/cb_btc_1745366400
2026-03-10 16:28:52,334 - freqtrade.freqai.base_models.BasePyTorchRegressor - INFO - -------------------- Starting training BTC/USDT:USDT --------------------
2026-03-10 16:28:52,363 - freqtrade.freqai.data_kitchen - INFO - BTC/USDT:USDT: dropped 24 training points due to NaNs in populated dataset 8640.
2026-03-10 16:28:52,386 - freqtrade.freqai.base_models.BasePyTorchRegressor - INFO - Training model on 438 features
2026-03-10 16:28:52,386 - freqtrade.freqai.base_models.BasePyTorchRegressor - INFO - Training model on 6462 data points
2026-03-10 16:29:06,592 - freqtrade.freqai.base_models.BasePyTorchRegressor - INFO - -------------------- Done training BTC/USDT:USDT (14.26 secs) --------------------
2026-03-10 16:29:06,593 - freqtrade.freqai.freqai_interface - INFO - Saving metadata to disk.
2026-03-10 16:29:06,608 - datasieve.pipeline - WARNING - Could not find step di in pipeline, returning None
2026-03-10 16:29:06,614 - freqtrade.freqai.freqai_interface - INFO - Training BTC/USDT:USDT, 1/2 pairs from 2025-03-31 00:00:00 to 2025-04-30 00:00:00, 18/22 trains
2026-03-10 16:29:06,615 - freqtrade.freqai.data_kitchen - INFO - Could not find backtesting prediction file at 
/Users/maryamsediqi/freqtrade/user_data/models/autoresearch-v1/backtesting_predictions/cb_btc_1745971200_prediction.feather
2026-03-10 16:29:06,684 - freqtrade.freqai.freqai_interface - INFO - Could not find model at /Users/maryamsediqi/freqtrade/user_data/models/autoresearch-v1/sub-train-BTC_1745971200/cb_btc_1745971200
2026-03-10 16:29:06,685 - freqtrade.freqai.base_models.BasePyTorchRegressor - INFO - -------------------- Starting training BTC/USDT:USDT --------------------
2026-03-10 16:29:06,716 - freqtrade.freqai.data_kitchen - INFO - BTC/USDT:USDT: dropped 24 training points due to NaNs in populated dataset 8640.
2026-03-10 16:29:06,735 - freqtrade.freqai.base_models.BasePyTorchRegressor - INFO - Training model on 438 features
2026-03-10 16:29:06,735 - freqtrade.freqai.base_models.BasePyTorchRegressor - INFO - Training model on 6462 data points
2026-03-10 16:29:20,791 - freqtrade.freqai.base_models.BasePyTorchRegressor - INFO - -------------------- Done training BTC/USDT:USDT (14.11 secs) --------------------
2026-03-10 16:29:20,792 - freqtrade.freqai.freqai_interface - INFO - Saving metadata to disk.
2026-03-10 16:29:20,805 - datasieve.pipeline - WARNING - Could not find step di in pipeline, returning None
2026-03-10 16:29:20,810 - freqtrade.freqai.freqai_interface - INFO - Training BTC/USDT:USDT, 1/2 pairs from 2025-04-07 00:00:00 to 2025-05-07 00:00:00, 19/22 trains
2026-03-10 16:29:20,811 - freqtrade.freqai.data_kitchen - INFO - Could not find backtesting prediction file at 
/Users/maryamsediqi/freqtrade/user_data/models/autoresearch-v1/backtesting_predictions/cb_btc_1746576000_prediction.feather
2026-03-10 16:29:20,963 - freqtrade.freqai.freqai_interface - INFO - Could not find model at /Users/maryamsediqi/freqtrade/user_data/models/autoresearch-v1/sub-train-BTC_1746576000/cb_btc_1746576000
2026-03-10 16:29:20,964 - freqtrade.freqai.base_models.BasePyTorchRegressor - INFO - -------------------- Starting training BTC/USDT:USDT --------------------
2026-03-10 16:29:20,994 - freqtrade.freqai.data_kitchen - INFO - BTC/USDT:USDT: dropped 24 training points due to NaNs in populated dataset 8640.
2026-03-10 16:29:21,023 - freqtrade.freqai.base_models.BasePyTorchRegressor - INFO - Training model on 438 features
2026-03-10 16:29:21,024 - freqtrade.freqai.base_models.BasePyTorchRegressor - INFO - Training model on 6462 data points
2026-03-10 16:29:36,329 - freqtrade.freqai.base_models.BasePyTorchRegressor - INFO - -------------------- Done training BTC/USDT:USDT (15.36 secs) --------------------
2026-03-10 16:29:36,331 - freqtrade.freqai.freqai_interface - INFO - Saving metadata to disk.
2026-03-10 16:29:36,354 - datasieve.pipeline - WARNING - Could not find step di in pipeline, returning None
2026-03-10 16:29:36,363 - freqtrade.freqai.freqai_interface - INFO - Training BTC/USDT:USDT, 1/2 pairs from 2025-04-14 00:00:00 to 2025-05-14 00:00:00, 20/22 trains
2026-03-10 16:29:36,364 - freqtrade.freqai.data_kitchen - INFO - Could not find backtesting prediction file at 
/Users/maryamsediqi/freqtrade/user_data/models/autoresearch-v1/backtesting_predictions/cb_btc_1747180800_prediction.feather
2026-03-10 16:29:36,513 - freqtrade.freqai.freqai_interface - INFO - Could not find model at /Users/maryamsediqi/freqtrade/user_data/models/autoresearch-v1/sub-train-BTC_1747180800/cb_btc_1747180800
2026-03-10 16:29:36,515 - freqtrade.freqai.base_models.BasePyTorchRegressor - INFO - -------------------- Starting training BTC/USDT:USDT --------------------
2026-03-10 16:29:36,574 - freqtrade.freqai.data_kitchen - INFO - BTC/USDT:USDT: dropped 24 training points due to NaNs in populated dataset 8640.
2026-03-10 16:29:36,619 - freqtrade.freqai.base_models.BasePyTorchRegressor - INFO - Training model on 438 features
2026-03-10 16:29:36,620 - freqtrade.freqai.base_models.BasePyTorchRegressor - INFO - Training model on 6462 data points
2026-03-10 16:29:52,002 - freqtrade.freqai.base_models.BasePyTorchRegressor - INFO - -------------------- Done training BTC/USDT:USDT (15.49 secs) --------------------
2026-03-10 16:29:52,007 - freqtrade.freqai.freqai_interface - INFO - Saving metadata to disk.
2026-03-10 16:29:52,034 - datasieve.pipeline - WARNING - Could not find step di in pipeline, returning None
2026-03-10 16:29:52,048 - freqtrade.freqai.freqai_interface - INFO - Training BTC/USDT:USDT, 1/2 pairs from 2025-04-21 00:00:00 to 2025-05-21 00:00:00, 21/22 trains
2026-03-10 16:29:52,049 - freqtrade.freqai.data_kitchen - INFO - Could not find backtesting prediction file at 
/Users/maryamsediqi/freqtrade/user_data/models/autoresearch-v1/backtesting_predictions/cb_btc_1747785600_prediction.feather
2026-03-10 16:29:52,266 - freqtrade.freqai.freqai_interface - INFO - Could not find model at /Users/maryamsediqi/freqtrade/user_data/models/autoresearch-v1/sub-train-BTC_1747785600/cb_btc_1747785600
2026-03-10 16:29:52,268 - freqtrade.freqai.base_models.BasePyTorchRegressor - INFO - -------------------- Starting training BTC/USDT:USDT --------------------
2026-03-10 16:29:52,319 - freqtrade.freqai.data_kitchen - INFO - BTC/USDT:USDT: dropped 24 training points due to NaNs in populated dataset 8640.
2026-03-10 16:29:52,359 - freqtrade.freqai.base_models.BasePyTorchRegressor - INFO - Training model on 438 features
2026-03-10 16:29:52,359 - freqtrade.freqai.base_models.BasePyTorchRegressor - INFO - Training model on 6462 data points
2026-03-10 16:30:06,445 - freqtrade.freqai.base_models.BasePyTorchRegressor - INFO - -------------------- Done training BTC/USDT:USDT (14.18 secs) --------------------
2026-03-10 16:30:06,447 - freqtrade.freqai.freqai_interface - INFO - Saving metadata to disk.
2026-03-10 16:30:06,465 - datasieve.pipeline - WARNING - Could not find step di in pipeline, returning None
2026-03-10 16:30:06,473 - freqtrade.freqai.freqai_interface - INFO - Training BTC/USDT:USDT, 1/2 pairs from 2025-04-28 00:00:00 to 2025-05-28 00:00:00, 22/22 trains
2026-03-10 16:30:06,473 - freqtrade.freqai.data_kitchen - INFO - Could not find backtesting prediction file at 
/Users/maryamsediqi/freqtrade/user_data/models/autoresearch-v1/backtesting_predictions/cb_btc_1748390400_prediction.feather
2026-03-10 16:30:06,618 - freqtrade.freqai.freqai_interface - INFO - Could not find model at /Users/maryamsediqi/freqtrade/user_data/models/autoresearch-v1/sub-train-BTC_1748390400/cb_btc_1748390400
2026-03-10 16:30:06,620 - freqtrade.freqai.base_models.BasePyTorchRegressor - INFO - -------------------- Starting training BTC/USDT:USDT --------------------
2026-03-10 16:30:06,669 - freqtrade.freqai.data_kitchen - INFO - BTC/USDT:USDT: dropped 24 training points due to NaNs in populated dataset 8640.
2026-03-10 16:30:06,700 - freqtrade.freqai.base_models.BasePyTorchRegressor - INFO - Training model on 438 features
2026-03-10 16:30:06,700 - freqtrade.freqai.base_models.BasePyTorchRegressor - INFO - Training model on 6462 data points
2026-03-10 16:30:20,846 - freqtrade.freqai.base_models.BasePyTorchRegressor - INFO - -------------------- Done training BTC/USDT:USDT (14.23 secs) --------------------
2026-03-10 16:30:20,847 - freqtrade.freqai.freqai_interface - INFO - Saving metadata to disk.
2026-03-10 16:30:21,259 - datasieve.pipeline - WARNING - Could not find step di in pipeline, returning None
2026-03-10 16:30:21,615 - freqtrade.freqai.freqai_interface - INFO - Training 22 timeranges
2026-03-10 16:30:21,618 - freqtrade.freqai.freqai_interface - INFO - Training ETH/USDT:USDT, 2/2 pairs from 2024-12-02 00:00:00 to 2025-01-01 00:00:00, 1/22 trains
2026-03-10 16:30:21,618 - freqtrade.freqai.data_kitchen - INFO - Could not find backtesting prediction file at 
/Users/maryamsediqi/freqtrade/user_data/models/autoresearch-v1/backtesting_predictions/cb_eth_1735689600_prediction.feather
2026-03-10 16:30:22,132 - freqtrade.data.dataprovider - INFO - Increasing startup_candle_count for freqai on 5m to 8880
2026-03-10 16:30:22,134 - freqtrade.data.dataprovider - INFO - Loading data for BTC/USDT:USDT 5m from 2024-12-01 04:00:00 to 2025-06-01 00:00:00
2026-03-10 16:30:22,703 - freqtrade.freqai.freqai_interface - INFO - Could not find model at /Users/maryamsediqi/freqtrade/user_data/models/autoresearch-v1/sub-train-ETH_1735689600/cb_eth_1735689600
2026-03-10 16:30:22,705 - freqtrade.freqai.base_models.BasePyTorchRegressor - INFO - -------------------- Starting training ETH/USDT:USDT --------------------
2026-03-10 16:30:22,735 - freqtrade.freqai.data_kitchen - INFO - ETH/USDT:USDT: dropped 24 training points due to NaNs in populated dataset 8640.
2026-03-10 16:30:22,756 - freqtrade.freqai.base_models.BasePyTorchRegressor - INFO - Training model on 438 features
2026-03-10 16:30:22,757 - freqtrade.freqai.base_models.BasePyTorchRegressor - INFO - Training model on 6462 data points
2026-03-10 16:30:36,993 - freqtrade.freqai.base_models.BasePyTorchRegressor - INFO - -------------------- Done training ETH/USDT:USDT (14.29 secs) --------------------
2026-03-10 16:30:36,993 - freqtrade.freqai.freqai_interface - INFO - Saving metadata to disk.
2026-03-10 16:30:37,011 - datasieve.pipeline - WARNING - Could not find step di in pipeline, returning None
2026-03-10 16:30:37,022 - freqtrade.freqai.freqai_interface - INFO - Training ETH/USDT:USDT, 2/2 pairs from 2024-12-09 00:00:00 to 2025-01-08 00:00:00, 2/22 trains
2026-03-10 16:30:37,022 - freqtrade.freqai.data_kitchen - INFO - Could not find backtesting prediction file at 
/Users/maryamsediqi/freqtrade/user_data/models/autoresearch-v1/backtesting_predictions/cb_eth_1736294400_prediction.feather
2026-03-10 16:30:37,057 - freqtrade.freqai.freqai_interface - INFO - Could not find model at /Users/maryamsediqi/freqtrade/user_data/models/autoresearch-v1/sub-train-ETH_1736294400/cb_eth_1736294400
2026-03-10 16:30:37,058 - freqtrade.freqai.base_models.BasePyTorchRegressor - INFO - -------------------- Starting training ETH/USDT:USDT --------------------
2026-03-10 16:30:37,083 - freqtrade.freqai.data_kitchen - INFO - ETH/USDT:USDT: dropped 24 training points due to NaNs in populated dataset 8640.
2026-03-10 16:30:37,108 - freqtrade.freqai.base_models.BasePyTorchRegressor - INFO - Training model on 438 features
2026-03-10 16:30:37,108 - freqtrade.freqai.base_models.BasePyTorchRegressor - INFO - Training model on 6462 data points
2026-03-10 16:30:51,238 - freqtrade.freqai.base_models.BasePyTorchRegressor - INFO - -------------------- Done training ETH/USDT:USDT (14.18 secs) --------------------
2026-03-10 16:30:51,239 - freqtrade.freqai.freqai_interface - INFO - Saving metadata to disk.
2026-03-10 16:30:51,251 - datasieve.pipeline - WARNING - Could not find step di in pipeline, returning None
2026-03-10 16:30:51,257 - freqtrade.freqai.freqai_interface - INFO - Training ETH/USDT:USDT, 2/2 pairs from 2024-12-16 00:00:00 to 2025-01-15 00:00:00, 3/22 trains
2026-03-10 16:30:51,257 - freqtrade.freqai.data_kitchen - INFO - Could not find backtesting prediction file at 
/Users/maryamsediqi/freqtrade/user_data/models/autoresearch-v1/backtesting_predictions/cb_eth_1736899200_prediction.feather
2026-03-10 16:30:51,280 - freqtrade.freqai.freqai_interface - INFO - Could not find model at /Users/maryamsediqi/freqtrade/user_data/models/autoresearch-v1/sub-train-ETH_1736899200/cb_eth_1736899200
2026-03-10 16:30:51,281 - freqtrade.freqai.base_models.BasePyTorchRegressor - INFO - -------------------- Starting training ETH/USDT:USDT --------------------
2026-03-10 16:30:51,296 - freqtrade.freqai.data_kitchen - INFO - ETH/USDT:USDT: dropped 24 training points due to NaNs in populated dataset 8640.
2026-03-10 16:30:51,314 - freqtrade.freqai.base_models.BasePyTorchRegressor - INFO - Training model on 438 features
2026-03-10 16:30:51,315 - freqtrade.freqai.base_models.BasePyTorchRegressor - INFO - Training model on 6462 data points
2026-03-10 16:31:05,357 - freqtrade.freqai.base_models.BasePyTorchRegressor - INFO - -------------------- Done training ETH/USDT:USDT (14.08 secs) --------------------
2026-03-10 16:31:05,358 - freqtrade.freqai.freqai_interface - INFO - Saving metadata to disk.
2026-03-10 16:31:05,374 - datasieve.pipeline - WARNING - Could not find step di in pipeline, returning None
2026-03-10 16:31:05,384 - freqtrade.freqai.freqai_interface - INFO - Training ETH/USDT:USDT, 2/2 pairs from 2024-12-23 00:00:00 to 2025-01-22 00:00:00, 4/22 trains
2026-03-10 16:31:05,385 - freqtrade.freqai.data_kitchen - INFO - Could not find backtesting prediction file at 
/Users/maryamsediqi/freqtrade/user_data/models/autoresearch-v1/backtesting_predictions/cb_eth_1737504000_prediction.feather
2026-03-10 16:31:05,425 - freqtrade.freqai.freqai_interface - INFO - Could not find model at /Users/maryamsediqi/freqtrade/user_data/models/autoresearch-v1/sub-train-ETH_1737504000/cb_eth_1737504000
2026-03-10 16:31:05,427 - freqtrade.freqai.base_models.BasePyTorchRegressor - INFO - -------------------- Starting training ETH/USDT:USDT --------------------
2026-03-10 16:31:05,444 - freqtrade.freqai.data_kitchen - INFO - ETH/USDT:USDT: dropped 24 training points due to NaNs in populated dataset 8640.
2026-03-10 16:31:05,464 - freqtrade.freqai.base_models.BasePyTorchRegressor - INFO - Training model on 438 features
2026-03-10 16:31:05,464 - freqtrade.freqai.base_models.BasePyTorchRegressor - INFO - Training model on 6462 data points
2026-03-10 16:31:21,675 - freqtrade.freqai.base_models.BasePyTorchRegressor - INFO - -------------------- Done training ETH/USDT:USDT (16.25 secs) --------------------
2026-03-10 16:31:21,677 - freqtrade.freqai.freqai_interface - INFO - Saving metadata to disk.
2026-03-10 16:31:21,714 - datasieve.pipeline - WARNING - Could not find step di in pipeline, returning None
2026-03-10 16:31:21,729 - freqtrade.freqai.freqai_interface - INFO - Training ETH/USDT:USDT, 2/2 pairs from 2024-12-30 00:00:00 to 2025-01-29 00:00:00, 5/22 trains
2026-03-10 16:31:21,729 - freqtrade.freqai.data_kitchen - INFO - Could not find backtesting prediction file at 
/Users/maryamsediqi/freqtrade/user_data/models/autoresearch-v1/backtesting_predictions/cb_eth_1738108800_prediction.feather
2026-03-10 16:31:21,808 - freqtrade.freqai.freqai_interface - INFO - Could not find model at /Users/maryamsediqi/freqtrade/user_data/models/autoresearch-v1/sub-train-ETH_1738108800/cb_eth_1738108800
2026-03-10 16:31:21,810 - freqtrade.freqai.base_models.BasePyTorchRegressor - INFO - -------------------- Starting training ETH/USDT:USDT --------------------
2026-03-10 16:31:21,856 - freqtrade.freqai.data_kitchen - INFO - ETH/USDT:USDT: dropped 24 training points due to NaNs in populated dataset 8640.
2026-03-10 16:31:21,885 - freqtrade.freqai.base_models.BasePyTorchRegressor - INFO - Training model on 438 features
2026-03-10 16:31:21,885 - freqtrade.freqai.base_models.BasePyTorchRegressor - INFO - Training model on 6462 data points
2026-03-10 16:31:35,899 - freqtrade.freqai.base_models.BasePyTorchRegressor - INFO - -------------------- Done training ETH/USDT:USDT (14.09 secs) --------------------
2026-03-10 16:31:35,899 - freqtrade.freqai.freqai_interface - INFO - Saving metadata to disk.
2026-03-10 16:31:35,910 - datasieve.pipeline - WARNING - Could not find step di in pipeline, returning None
2026-03-10 16:31:35,914 - freqtrade.freqai.freqai_interface - INFO - Training ETH/USDT:USDT, 2/2 pairs from 2025-01-06 00:00:00 to 2025-02-05 00:00:00, 6/22 trains
2026-03-10 16:31:35,915 - freqtrade.freqai.data_kitchen - INFO - Could not find backtesting prediction file at 
/Users/maryamsediqi/freqtrade/user_data/models/autoresearch-v1/backtesting_predictions/cb_eth_1738713600_prediction.feather
2026-03-10 16:31:35,960 - freqtrade.freqai.freqai_interface - INFO - Could not find model at /Users/maryamsediqi/freqtrade/user_data/models/autoresearch-v1/sub-train-ETH_1738713600/cb_eth_1738713600
2026-03-10 16:31:35,961 - freqtrade.freqai.base_models.BasePyTorchRegressor - INFO - -------------------- Starting training ETH/USDT:USDT --------------------
2026-03-10 16:31:35,977 - freqtrade.freqai.data_kitchen - INFO - ETH/USDT:USDT: dropped 24 training points due to NaNs in populated dataset 8640.
2026-03-10 16:31:35,994 - freqtrade.freqai.base_models.BasePyTorchRegressor - INFO - Training model on 438 features
2026-03-10 16:31:35,994 - freqtrade.freqai.base_models.BasePyTorchRegressor - INFO - Training model on 6462 data points
2026-03-10 16:31:50,109 - freqtrade.freqai.base_models.BasePyTorchRegressor - INFO - -------------------- Done training ETH/USDT:USDT (14.15 secs) --------------------
2026-03-10 16:31:50,110 - freqtrade.freqai.freqai_interface - INFO - Saving metadata to disk.
2026-03-10 16:31:50,132 - datasieve.pipeline - WARNING - Could not find step di in pipeline, returning None
2026-03-10 16:31:50,139 - freqtrade.freqai.freqai_interface - INFO - Training ETH/USDT:USDT, 2/2 pairs from 2025-01-13 00:00:00 to 2025-02-12 00:00:00, 7/22 trains
2026-03-10 16:31:50,140 - freqtrade.freqai.data_kitchen - INFO - Could not find backtesting prediction file at 
/Users/maryamsediqi/freqtrade/user_data/models/autoresearch-v1/backtesting_predictions/cb_eth_1739318400_prediction.feather
2026-03-10 16:31:50,242 - freqtrade.freqai.freqai_interface - INFO - Could not find model at /Users/maryamsediqi/freqtrade/user_data/models/autoresearch-v1/sub-train-ETH_1739318400/cb_eth_1739318400
2026-03-10 16:31:50,244 - freqtrade.freqai.base_models.BasePyTorchRegressor - INFO - -------------------- Starting training ETH/USDT:USDT --------------------
2026-03-10 16:31:50,291 - freqtrade.freqai.data_kitchen - INFO - ETH/USDT:USDT: dropped 24 training points due to NaNs in populated dataset 8640.
2026-03-10 16:31:50,322 - freqtrade.freqai.base_models.BasePyTorchRegressor - INFO - Training model on 438 features
2026-03-10 16:31:50,322 - freqtrade.freqai.base_models.BasePyTorchRegressor - INFO - Training model on 6462 data points
2026-03-10 16:32:06,206 - freqtrade.freqai.base_models.BasePyTorchRegressor - INFO - -------------------- Done training ETH/USDT:USDT (15.96 secs) --------------------
2026-03-10 16:32:06,208 - freqtrade.freqai.freqai_interface - INFO - Saving metadata to disk.
2026-03-10 16:32:06,231 - datasieve.pipeline - WARNING - Could not find step di in pipeline, returning None
2026-03-10 16:32:06,240 - freqtrade.freqai.freqai_interface - INFO - Training ETH/USDT:USDT, 2/2 pairs from 2025-01-20 00:00:00 to 2025-02-19 00:00:00, 8/22 trains
2026-03-10 16:32:06,240 - freqtrade.freqai.data_kitchen - INFO - Could not find backtesting prediction file at 
/Users/maryamsediqi/freqtrade/user_data/models/autoresearch-v1/backtesting_predictions/cb_eth_1739923200_prediction.feather
2026-03-10 16:32:06,361 - freqtrade.freqai.freqai_interface - INFO - Could not find model at /Users/maryamsediqi/freqtrade/user_data/models/autoresearch-v1/sub-train-ETH_1739923200/cb_eth_1739923200
2026-03-10 16:32:06,362 - freqtrade.freqai.base_models.BasePyTorchRegressor - INFO - -------------------- Starting training ETH/USDT:USDT --------------------
2026-03-10 16:32:06,413 - freqtrade.freqai.data_kitchen - INFO - ETH/USDT:USDT: dropped 24 training points due to NaNs in populated dataset 8640.
2026-03-10 16:32:06,442 - freqtrade.freqai.base_models.BasePyTorchRegressor - INFO - Training model on 438 features
2026-03-10 16:32:06,442 - freqtrade.freqai.base_models.BasePyTorchRegressor - INFO - Training model on 6462 data points
2026-03-10 16:32:21,943 - freqtrade.freqai.base_models.BasePyTorchRegressor - INFO - -------------------- Done training ETH/USDT:USDT (15.58 secs) --------------------
2026-03-10 16:32:21,952 - freqtrade.freqai.freqai_interface - INFO - Saving metadata to disk.
2026-03-10 16:32:22,022 - datasieve.pipeline - WARNING - Could not find step di in pipeline, returning None
2026-03-10 16:32:22,059 - freqtrade.freqai.freqai_interface - INFO - Training ETH/USDT:USDT, 2/2 pairs from 2025-01-27 00:00:00 to 2025-02-26 00:00:00, 9/22 trains
2026-03-10 16:32:22,059 - freqtrade.freqai.data_kitchen - INFO - Could not find backtesting prediction file at 
/Users/maryamsediqi/freqtrade/user_data/models/autoresearch-v1/backtesting_predictions/cb_eth_1740528000_prediction.feather
2026-03-10 16:32:22,153 - freqtrade.freqai.freqai_interface - INFO - Could not find model at /Users/maryamsediqi/freqtrade/user_data/models/autoresearch-v1/sub-train-ETH_1740528000/cb_eth_1740528000
2026-03-10 16:32:22,155 - freqtrade.freqai.base_models.BasePyTorchRegressor - INFO - -------------------- Starting training ETH/USDT:USDT --------------------
2026-03-10 16:32:22,202 - freqtrade.freqai.data_kitchen - INFO - ETH/USDT:USDT: dropped 24 training points due to NaNs in populated dataset 8640.
2026-03-10 16:32:22,234 - freqtrade.freqai.base_models.BasePyTorchRegressor - INFO - Training model on 438 features
2026-03-10 16:32:22,234 - freqtrade.freqai.base_models.BasePyTorchRegressor - INFO - Training model on 6462 data points
2026-03-10 16:32:37,366 - freqtrade.freqai.base_models.BasePyTorchRegressor - INFO - -------------------- Done training ETH/USDT:USDT (15.21 secs) --------------------
2026-03-10 16:32:37,367 - freqtrade.freqai.freqai_interface - INFO - Saving metadata to disk.
2026-03-10 16:32:37,396 - datasieve.pipeline - WARNING - Could not find step di in pipeline, returning None
2026-03-10 16:32:37,407 - freqtrade.freqai.freqai_interface - INFO - Training ETH/USDT:USDT, 2/2 pairs from 2025-02-03 00:00:00 to 2025-03-05 00:00:00, 10/22 trains
2026-03-10 16:32:37,407 - freqtrade.freqai.data_kitchen - INFO - Could not find backtesting prediction file at 
/Users/maryamsediqi/freqtrade/user_data/models/autoresearch-v1/backtesting_predictions/cb_eth_1741132800_prediction.feather
2026-03-10 16:32:37,512 - freqtrade.freqai.freqai_interface - INFO - Could not find model at /Users/maryamsediqi/freqtrade/user_data/models/autoresearch-v1/sub-train-ETH_1741132800/cb_eth_1741132800
2026-03-10 16:32:37,513 - freqtrade.freqai.base_models.BasePyTorchRegressor - INFO - -------------------- Starting training ETH/USDT:USDT --------------------
2026-03-10 16:32:37,565 - freqtrade.freqai.data_kitchen - INFO - ETH/USDT:USDT: dropped 24 training points due to NaNs in populated dataset 8640.
2026-03-10 16:32:37,591 - freqtrade.freqai.base_models.BasePyTorchRegressor - INFO - Training model on 438 features
2026-03-10 16:32:37,591 - freqtrade.freqai.base_models.BasePyTorchRegressor - INFO - Training model on 6462 data points
2026-03-10 16:32:51,822 - freqtrade.freqai.base_models.BasePyTorchRegressor - INFO - -------------------- Done training ETH/USDT:USDT (14.31 secs) --------------------
2026-03-10 16:32:51,825 - freqtrade.freqai.freqai_interface - INFO - Saving metadata to disk.
2026-03-10 16:32:51,860 - datasieve.pipeline - WARNING - Could not find step di in pipeline, returning None
2026-03-10 16:32:51,874 - freqtrade.freqai.freqai_interface - INFO - Training ETH/USDT:USDT, 2/2 pairs from 2025-02-10 00:00:00 to 2025-03-12 00:00:00, 11/22 trains
2026-03-10 16:32:51,875 - freqtrade.freqai.data_kitchen - INFO - Could not find backtesting prediction file at 
/Users/maryamsediqi/freqtrade/user_data/models/autoresearch-v1/backtesting_predictions/cb_eth_1741737600_prediction.feather
2026-03-10 16:32:51,981 - freqtrade.freqai.freqai_interface - INFO - Could not find model at /Users/maryamsediqi/freqtrade/user_data/models/autoresearch-v1/sub-train-ETH_1741737600/cb_eth_1741737600
2026-03-10 16:32:51,984 - freqtrade.freqai.base_models.BasePyTorchRegressor - INFO - -------------------- Starting training ETH/USDT:USDT --------------------
2026-03-10 16:32:52,039 - freqtrade.freqai.data_kitchen - INFO - ETH/USDT:USDT: dropped 24 training points due to NaNs in populated dataset 8640.
2026-03-10 16:32:52,063 - freqtrade.freqai.base_models.BasePyTorchRegressor - INFO - Training model on 438 features
2026-03-10 16:32:52,063 - freqtrade.freqai.base_models.BasePyTorchRegressor - INFO - Training model on 6462 data points
2026-03-10 16:33:06,751 - freqtrade.freqai.base_models.BasePyTorchRegressor - INFO - -------------------- Done training ETH/USDT:USDT (14.77 secs) --------------------
2026-03-10 16:33:06,759 - freqtrade.freqai.freqai_interface - INFO - Saving metadata to disk.
2026-03-10 16:33:06,815 - datasieve.pipeline - WARNING - Could not find step di in pipeline, returning None
2026-03-10 16:33:06,871 - freqtrade.freqai.freqai_interface - INFO - Training ETH/USDT:USDT, 2/2 pairs from 2025-02-17 00:00:00 to 2025-03-19 00:00:00, 12/22 trains
2026-03-10 16:33:06,871 - freqtrade.freqai.data_kitchen - INFO - Could not find backtesting prediction file at 
/Users/maryamsediqi/freqtrade/user_data/models/autoresearch-v1/backtesting_predictions/cb_eth_1742342400_prediction.feather
2026-03-10 16:33:07,007 - freqtrade.freqai.freqai_interface - INFO - Could not find model at /Users/maryamsediqi/freqtrade/user_data/models/autoresearch-v1/sub-train-ETH_1742342400/cb_eth_1742342400
2026-03-10 16:33:07,009 - freqtrade.freqai.base_models.BasePyTorchRegressor - INFO - -------------------- Starting training ETH/USDT:USDT --------------------
2026-03-10 16:33:07,069 - freqtrade.freqai.data_kitchen - INFO - ETH/USDT:USDT: dropped 24 training points due to NaNs in populated dataset 8640.
2026-03-10 16:33:07,106 - freqtrade.freqai.base_models.BasePyTorchRegressor - INFO - Training model on 438 features
2026-03-10 16:33:07,106 - freqtrade.freqai.base_models.BasePyTorchRegressor - INFO - Training model on 6462 data points
2026-03-10 16:33:21,229 - freqtrade.freqai.base_models.BasePyTorchRegressor - INFO - -------------------- Done training ETH/USDT:USDT (14.22 secs) --------------------
2026-03-10 16:33:21,234 - freqtrade.freqai.freqai_interface - INFO - Saving metadata to disk.
2026-03-10 16:33:21,290 - datasieve.pipeline - WARNING - Could not find step di in pipeline, returning None
2026-03-10 16:33:21,332 - freqtrade.freqai.freqai_interface - INFO - Training ETH/USDT:USDT, 2/2 pairs from 2025-02-24 00:00:00 to 2025-03-26 00:00:00, 13/22 trains
2026-03-10 16:33:21,332 - freqtrade.freqai.data_kitchen - INFO - Could not find backtesting prediction file at 
/Users/maryamsediqi/freqtrade/user_data/models/autoresearch-v1/backtesting_predictions/cb_eth_1742947200_prediction.feather
2026-03-10 16:33:21,490 - freqtrade.freqai.freqai_interface - INFO - Could not find model at /Users/maryamsediqi/freqtrade/user_data/models/autoresearch-v1/sub-train-ETH_1742947200/cb_eth_1742947200
2026-03-10 16:33:21,493 - freqtrade.freqai.base_models.BasePyTorchRegressor - INFO - -------------------- Starting training ETH/USDT:USDT --------------------
2026-03-10 16:33:21,543 - freqtrade.freqai.data_kitchen - INFO - ETH/USDT:USDT: dropped 24 training points due to NaNs in populated dataset 8640.
2026-03-10 16:33:21,582 - freqtrade.freqai.base_models.BasePyTorchRegressor - INFO - Training model on 438 features
2026-03-10 16:33:21,582 - freqtrade.freqai.base_models.BasePyTorchRegressor - INFO - Training model on 6462 data points
2026-03-10 16:33:35,777 - freqtrade.freqai.base_models.BasePyTorchRegressor - INFO - -------------------- Done training ETH/USDT:USDT (14.28 secs) --------------------
2026-03-10 16:33:35,779 - freqtrade.freqai.freqai_interface - INFO - Saving metadata to disk.
2026-03-10 16:33:35,798 - datasieve.pipeline - WARNING - Could not find step di in pipeline, returning None
2026-03-10 16:33:35,806 - freqtrade.freqai.freqai_interface - INFO - Training ETH/USDT:USDT, 2/2 pairs from 2025-03-03 00:00:00 to 2025-04-02 00:00:00, 14/22 trains
2026-03-10 16:33:35,807 - freqtrade.freqai.data_kitchen - INFO - Could not find backtesting prediction file at 
/Users/maryamsediqi/freqtrade/user_data/models/autoresearch-v1/backtesting_predictions/cb_eth_1743552000_prediction.feather
2026-03-10 16:33:35,946 - freqtrade.freqai.freqai_interface - INFO - Could not find model at /Users/maryamsediqi/freqtrade/user_data/models/autoresearch-v1/sub-train-ETH_1743552000/cb_eth_1743552000
2026-03-10 16:33:35,949 - freqtrade.freqai.base_models.BasePyTorchRegressor - INFO - -------------------- Starting training ETH/USDT:USDT --------------------
2026-03-10 16:33:36,007 - freqtrade.freqai.data_kitchen - INFO - ETH/USDT:USDT: dropped 24 training points due to NaNs in populated dataset 8640.
2026-03-10 16:33:36,036 - freqtrade.freqai.base_models.BasePyTorchRegressor - INFO - Training model on 438 features
2026-03-10 16:33:36,036 - freqtrade.freqai.base_models.BasePyTorchRegressor - INFO - Training model on 6462 data points
2026-03-10 16:33:50,242 - freqtrade.freqai.base_models.BasePyTorchRegressor - INFO - -------------------- Done training ETH/USDT:USDT (14.29 secs) --------------------
2026-03-10 16:33:50,243 - freqtrade.freqai.freqai_interface - INFO - Saving metadata to disk.
2026-03-10 16:33:50,282 - datasieve.pipeline - WARNING - Could not find step di in pipeline, returning None
2026-03-10 16:33:50,296 - freqtrade.freqai.freqai_interface - INFO - Training ETH/USDT:USDT, 2/2 pairs from 2025-03-10 00:00:00 to 2025-04-09 00:00:00, 15/22 trains
2026-03-10 16:33:50,296 - freqtrade.freqai.data_kitchen - INFO - Could not find backtesting prediction file at 
/Users/maryamsediqi/freqtrade/user_data/models/autoresearch-v1/backtesting_predictions/cb_eth_1744156800_prediction.feather
2026-03-10 16:33:50,430 - freqtrade.freqai.freqai_interface - INFO - Could not find model at /Users/maryamsediqi/freqtrade/user_data/models/autoresearch-v1/sub-train-ETH_1744156800/cb_eth_1744156800
2026-03-10 16:33:50,431 - freqtrade.freqai.base_models.BasePyTorchRegressor - INFO - -------------------- Starting training ETH/USDT:USDT --------------------
2026-03-10 16:33:50,482 - freqtrade.freqai.data_kitchen - INFO - ETH/USDT:USDT: dropped 24 training points due to NaNs in populated dataset 8640.
2026-03-10 16:33:50,511 - freqtrade.freqai.base_models.BasePyTorchRegressor - INFO - Training model on 438 features
2026-03-10 16:33:50,511 - freqtrade.freqai.base_models.BasePyTorchRegressor - INFO - Training model on 6462 data points
2026-03-10 16:34:04,632 - freqtrade.freqai.base_models.BasePyTorchRegressor - INFO - -------------------- Done training ETH/USDT:USDT (14.20 secs) --------------------
2026-03-10 16:34:04,634 - freqtrade.freqai.freqai_interface - INFO - Saving metadata to disk.
2026-03-10 16:34:04,661 - datasieve.pipeline - WARNING - Could not find step di in pipeline, returning None
2026-03-10 16:34:04,671 - freqtrade.freqai.freqai_interface - INFO - Training ETH/USDT:USDT, 2/2 pairs from 2025-03-17 00:00:00 to 2025-04-16 00:00:00, 16/22 trains
2026-03-10 16:34:04,672 - freqtrade.freqai.data_kitchen - INFO - Could not find backtesting prediction file at 
/Users/maryamsediqi/freqtrade/user_data/models/autoresearch-v1/backtesting_predictions/cb_eth_1744761600_prediction.feather
2026-03-10 16:34:04,826 - freqtrade.freqai.freqai_interface - INFO - Could not find model at /Users/maryamsediqi/freqtrade/user_data/models/autoresearch-v1/sub-train-ETH_1744761600/cb_eth_1744761600
2026-03-10 16:34:04,827 - freqtrade.freqai.base_models.BasePyTorchRegressor - INFO - -------------------- Starting training ETH/USDT:USDT --------------------
2026-03-10 16:34:04,883 - freqtrade.freqai.data_kitchen - INFO - ETH/USDT:USDT: dropped 24 training points due to NaNs in populated dataset 8640.
2026-03-10 16:34:04,912 - freqtrade.freqai.base_models.BasePyTorchRegressor - INFO - Training model on 438 features
2026-03-10 16:34:04,912 - freqtrade.freqai.base_models.BasePyTorchRegressor - INFO - Training model on 6462 data points
2026-03-10 16:34:18,921 - freqtrade.freqai.base_models.BasePyTorchRegressor - INFO - -------------------- Done training ETH/USDT:USDT (14.09 secs) --------------------
2026-03-10 16:34:18,922 - freqtrade.freqai.freqai_interface - INFO - Saving metadata to disk.
2026-03-10 16:34:18,936 - datasieve.pipeline - WARNING - Could not find step di in pipeline, returning None
2026-03-10 16:34:18,942 - freqtrade.freqai.freqai_interface - INFO - Training ETH/USDT:USDT, 2/2 pairs from 2025-03-24 00:00:00 to 2025-04-23 00:00:00, 17/22 trains
2026-03-10 16:34:18,942 - freqtrade.freqai.data_kitchen - INFO - Could not find backtesting prediction file at 
/Users/maryamsediqi/freqtrade/user_data/models/autoresearch-v1/backtesting_predictions/cb_eth_1745366400_prediction.feather
2026-03-10 16:34:19,091 - freqtrade.freqai.freqai_interface - INFO - Could not find model at /Users/maryamsediqi/freqtrade/user_data/models/autoresearch-v1/sub-train-ETH_1745366400/cb_eth_1745366400
2026-03-10 16:34:19,093 - freqtrade.freqai.base_models.BasePyTorchRegressor - INFO - -------------------- Starting training ETH/USDT:USDT --------------------
2026-03-10 16:34:19,149 - freqtrade.freqai.data_kitchen - INFO - ETH/USDT:USDT: dropped 24 training points due to NaNs in populated dataset 8640.
2026-03-10 16:34:19,173 - freqtrade.freqai.base_models.BasePyTorchRegressor - INFO - Training model on 438 features
2026-03-10 16:34:19,173 - freqtrade.freqai.base_models.BasePyTorchRegressor - INFO - Training model on 6462 data points
2026-03-10 16:34:33,387 - freqtrade.freqai.base_models.BasePyTorchRegressor - INFO - -------------------- Done training ETH/USDT:USDT (14.29 secs) --------------------
2026-03-10 16:34:33,389 - freqtrade.freqai.freqai_interface - INFO - Saving metadata to disk.
2026-03-10 16:34:33,424 - datasieve.pipeline - WARNING - Could not find step di in pipeline, returning None
2026-03-10 16:34:33,445 - freqtrade.freqai.freqai_interface - INFO - Training ETH/USDT:USDT, 2/2 pairs from 2025-03-31 00:00:00 to 2025-04-30 00:00:00, 18/22 trains
2026-03-10 16:34:33,445 - freqtrade.freqai.data_kitchen - INFO - Could not find backtesting prediction file at 
/Users/maryamsediqi/freqtrade/user_data/models/autoresearch-v1/backtesting_predictions/cb_eth_1745971200_prediction.feather
2026-03-10 16:34:33,621 - freqtrade.freqai.freqai_interface - INFO - Could not find model at /Users/maryamsediqi/freqtrade/user_data/models/autoresearch-v1/sub-train-ETH_1745971200/cb_eth_1745971200
2026-03-10 16:34:33,622 - freqtrade.freqai.base_models.BasePyTorchRegressor - INFO - -------------------- Starting training ETH/USDT:USDT --------------------
2026-03-10 16:34:33,681 - freqtrade.freqai.data_kitchen - INFO - ETH/USDT:USDT: dropped 24 training points due to NaNs in populated dataset 8640.
2026-03-10 16:34:33,706 - freqtrade.freqai.base_models.BasePyTorchRegressor - INFO - Training model on 438 features
2026-03-10 16:34:33,706 - freqtrade.freqai.base_models.BasePyTorchRegressor - INFO - Training model on 6462 data points
2026-03-10 16:34:48,421 - freqtrade.freqai.base_models.BasePyTorchRegressor - INFO - -------------------- Done training ETH/USDT:USDT (14.80 secs) --------------------
2026-03-10 16:34:48,423 - freqtrade.freqai.freqai_interface - INFO - Saving metadata to disk.
2026-03-10 16:34:48,468 - datasieve.pipeline - WARNING - Could not find step di in pipeline, returning None
2026-03-10 16:34:48,488 - freqtrade.freqai.freqai_interface - INFO - Training ETH/USDT:USDT, 2/2 pairs from 2025-04-07 00:00:00 to 2025-05-07 00:00:00, 19/22 trains
2026-03-10 16:34:48,489 - freqtrade.freqai.data_kitchen - INFO - Could not find backtesting prediction file at 
/Users/maryamsediqi/freqtrade/user_data/models/autoresearch-v1/backtesting_predictions/cb_eth_1746576000_prediction.feather
2026-03-10 16:34:48,664 - freqtrade.freqai.freqai_interface - INFO - Could not find model at /Users/maryamsediqi/freqtrade/user_data/models/autoresearch-v1/sub-train-ETH_1746576000/cb_eth_1746576000
2026-03-10 16:34:48,665 - freqtrade.freqai.base_models.BasePyTorchRegressor - INFO - -------------------- Starting training ETH/USDT:USDT --------------------
2026-03-10 16:34:48,721 - freqtrade.freqai.data_kitchen - INFO - ETH/USDT:USDT: dropped 24 training points due to NaNs in populated dataset 8640.
2026-03-10 16:34:48,753 - freqtrade.freqai.base_models.BasePyTorchRegressor - INFO - Training model on 438 features
2026-03-10 16:34:48,753 - freqtrade.freqai.base_models.BasePyTorchRegressor - INFO - Training model on 6462 data points
2026-03-10 16:35:03,368 - freqtrade.freqai.base_models.BasePyTorchRegressor - INFO - -------------------- Done training ETH/USDT:USDT (14.70 secs) --------------------
2026-03-10 16:35:03,370 - freqtrade.freqai.freqai_interface - INFO - Saving metadata to disk.
2026-03-10 16:35:03,402 - datasieve.pipeline - WARNING - Could not find step di in pipeline, returning None
2026-03-10 16:35:03,427 - freqtrade.freqai.freqai_interface - INFO - Training ETH/USDT:USDT, 2/2 pairs from 2025-04-14 00:00:00 to 2025-05-14 00:00:00, 20/22 trains
2026-03-10 16:35:03,428 - freqtrade.freqai.data_kitchen - INFO - Could not find backtesting prediction file at 
/Users/maryamsediqi/freqtrade/user_data/models/autoresearch-v1/backtesting_predictions/cb_eth_1747180800_prediction.feather
2026-03-10 16:35:03,602 - freqtrade.freqai.freqai_interface - INFO - Could not find model at /Users/maryamsediqi/freqtrade/user_data/models/autoresearch-v1/sub-train-ETH_1747180800/cb_eth_1747180800
2026-03-10 16:35:03,604 - freqtrade.freqai.base_models.BasePyTorchRegressor - INFO - -------------------- Starting training ETH/USDT:USDT --------------------
2026-03-10 16:35:03,664 - freqtrade.freqai.data_kitchen - INFO - ETH/USDT:USDT: dropped 24 training points due to NaNs in populated dataset 8640.
2026-03-10 16:35:03,699 - freqtrade.freqai.base_models.BasePyTorchRegressor - INFO - Training model on 438 features
2026-03-10 16:35:03,699 - freqtrade.freqai.base_models.BasePyTorchRegressor - INFO - Training model on 6462 data points
2026-03-10 16:35:17,629 - freqtrade.freqai.base_models.BasePyTorchRegressor - INFO - -------------------- Done training ETH/USDT:USDT (14.02 secs) --------------------
2026-03-10 16:35:17,630 - freqtrade.freqai.freqai_interface - INFO - Saving metadata to disk.
2026-03-10 16:35:17,649 - datasieve.pipeline - WARNING - Could not find step di in pipeline, returning None
2026-03-10 16:35:17,658 - freqtrade.freqai.freqai_interface - INFO - Training ETH/USDT:USDT, 2/2 pairs from 2025-04-21 00:00:00 to 2025-05-21 00:00:00, 21/22 trains
2026-03-10 16:35:17,658 - freqtrade.freqai.data_kitchen - INFO - Could not find backtesting prediction file at 
/Users/maryamsediqi/freqtrade/user_data/models/autoresearch-v1/backtesting_predictions/cb_eth_1747785600_prediction.feather
2026-03-10 16:35:17,929 - freqtrade.freqai.freqai_interface - INFO - Could not find model at /Users/maryamsediqi/freqtrade/user_data/models/autoresearch-v1/sub-train-ETH_1747785600/cb_eth_1747785600
2026-03-10 16:35:17,931 - freqtrade.freqai.base_models.BasePyTorchRegressor - INFO - -------------------- Starting training ETH/USDT:USDT --------------------
2026-03-10 16:35:18,002 - freqtrade.freqai.data_kitchen - INFO - ETH/USDT:USDT: dropped 24 training points due to NaNs in populated dataset 8640.
2026-03-10 16:35:18,035 - freqtrade.freqai.base_models.BasePyTorchRegressor - INFO - Training model on 438 features
2026-03-10 16:35:18,036 - freqtrade.freqai.base_models.BasePyTorchRegressor - INFO - Training model on 6462 data points
2026-03-10 16:35:31,995 - freqtrade.freqai.base_models.BasePyTorchRegressor - INFO - -------------------- Done training ETH/USDT:USDT (14.06 secs) --------------------
2026-03-10 16:35:32,000 - freqtrade.freqai.freqai_interface - INFO - Saving metadata to disk.
2026-03-10 16:35:32,029 - datasieve.pipeline - WARNING - Could not find step di in pipeline, returning None
2026-03-10 16:35:32,050 - freqtrade.freqai.freqai_interface - INFO - Training ETH/USDT:USDT, 2/2 pairs from 2025-04-28 00:00:00 to 2025-05-28 00:00:00, 22/22 trains
2026-03-10 16:35:32,050 - freqtrade.freqai.data_kitchen - INFO - Could not find backtesting prediction file at 
/Users/maryamsediqi/freqtrade/user_data/models/autoresearch-v1/backtesting_predictions/cb_eth_1748390400_prediction.feather
2026-03-10 16:35:32,239 - freqtrade.freqai.freqai_interface - INFO - Could not find model at /Users/maryamsediqi/freqtrade/user_data/models/autoresearch-v1/sub-train-ETH_1748390400/cb_eth_1748390400
2026-03-10 16:35:32,241 - freqtrade.freqai.base_models.BasePyTorchRegressor - INFO - -------------------- Starting training ETH/USDT:USDT --------------------
2026-03-10 16:35:32,302 - freqtrade.freqai.data_kitchen - INFO - ETH/USDT:USDT: dropped 24 training points due to NaNs in populated dataset 8640.
2026-03-10 16:35:32,333 - freqtrade.freqai.base_models.BasePyTorchRegressor - INFO - Training model on 438 features
2026-03-10 16:35:32,333 - freqtrade.freqai.base_models.BasePyTorchRegressor - INFO - Training model on 6462 data points
2026-03-10 16:35:46,314 - freqtrade.freqai.base_models.BasePyTorchRegressor - INFO - -------------------- Done training ETH/USDT:USDT (14.07 secs) --------------------
2026-03-10 16:35:46,316 - freqtrade.freqai.freqai_interface - INFO - Saving metadata to disk.
2026-03-10 16:35:46,329 - datasieve.pipeline - WARNING - Could not find step di in pipeline, returning None
2026-03-10 16:35:46,712 - freqtrade.optimize.backtesting - INFO - Backtesting with data from 2025-01-01 00:00:00 up to 2025-06-01 00:00:00 (151 days).
2026-03-10 16:35:50,036 - freqtrade.misc - INFO - dumping json to "/Users/maryamsediqi/freqtrade/user_data/backtest_results/backtest-result-2026-03-10_16-35-50.meta.json"
Result for strategy AutoresearchFreqAIStrategy
                                                BACKTESTING REPORT                                                
┏━━━━━━━━━━━━━━━┳━━━━━━━━┳━━━━━━━━━━━━━━┳━━━━━━━━━━━━━━━━━┳━━━━━━━━━━━━━━┳━━━━━━━━━━━━━━┳━━━━━━━━━━━━━━━━━━━━━━━━┓
┃          Pair ┃ Trades ┃ Avg Profit % ┃ Tot Profit USDT ┃ Tot Profit % ┃ Avg Duration ┃  Win  Draw  Loss  Win% ┃
┡━━━━━━━━━━━━━━━╇━━━━━━━━╇━━━━━━━━━━━━━━╇━━━━━━━━━━━━━━━━━╇━━━━━━━━━━━━━━╇━━━━━━━━━━━━━━╇━━━━━━━━━━━━━━━━━━━━━━━━┩
│ BTC/USDT:USDT │      0 │          0.0 │           0.000 │          0.0 │         0:00 │    0     0     0     0 │
│ ETH/USDT:USDT │   1697 │        -0.15 │        -187.805 │       -18.78 │      1:08:00 │  914    51   732  53.9 │
│         TOTAL │   1697 │        -0.15 │        -187.805 │       -18.78 │      1:08:00 │  914    51   732  53.9 │
└───────────────┴────────┴──────────────┴─────────────────┴──────────────┴──────────────┴────────────────────────┘
                                             LEFT OPEN TRADES REPORT                                              
┏━━━━━━━━━━━━━━━┳━━━━━━━━┳━━━━━━━━━━━━━━┳━━━━━━━━━━━━━━━━━┳━━━━━━━━━━━━━━┳━━━━━━━━━━━━━━┳━━━━━━━━━━━━━━━━━━━━━━━━┓
┃          Pair ┃ Trades ┃ Avg Profit % ┃ Tot Profit USDT ┃ Tot Profit % ┃ Avg Duration ┃  Win  Draw  Loss  Win% ┃
┡━━━━━━━━━━━━━━━╇━━━━━━━━╇━━━━━━━━━━━━━━╇━━━━━━━━━━━━━━━━━╇━━━━━━━━━━━━━━╇━━━━━━━━━━━━━━╇━━━━━━━━━━━━━━━━━━━━━━━━┩
│ ETH/USDT:USDT │      1 │         -0.2 │          -0.148 │        -0.01 │      0:15:00 │    0     0     1     0 │
│         TOTAL │      1 │         -0.2 │          -0.148 │        -0.01 │      0:15:00 │    0     0     1     0 │
└───────────────┴────────┴──────────────┴─────────────────┴──────────────┴──────────────┴────────────────────────┘
                                                ENTER TAG STATS                                                
┏━━━━━━━━━━━┳━━━━━━━━━┳━━━━━━━━━━━━━━┳━━━━━━━━━━━━━━━━━┳━━━━━━━━━━━━━━┳━━━━━━━━━━━━━━┳━━━━━━━━━━━━━━━━━━━━━━━━┓
┃ Enter Tag ┃ Entries ┃ Avg Profit % ┃ Tot Profit USDT ┃ Tot Profit % ┃ Avg Duration ┃  Win  Draw  Loss  Win% ┃
┡━━━━━━━━━━━╇━━━━━━━━━╇━━━━━━━━━━━━━━╇━━━━━━━━━━━━━━━━━╇━━━━━━━━━━━━━━╇━━━━━━━━━━━━━━╇━━━━━━━━━━━━━━━━━━━━━━━━┩
│  ml_short │     775 │        -0.12 │         -65.719 │        -6.57 │      1:15:00 │  418    27   330  53.9 │
│   ml_long │     922 │        -0.18 │        -122.086 │       -12.21 │      1:02:00 │  496    24   402  53.8 │
│     TOTAL │    1697 │        -0.15 │        -187.805 │       -18.78 │      1:08:00 │  914    51   732  53.9 │
└───────────┴─────────┴──────────────┴─────────────────┴──────────────┴──────────────┴────────────────────────┘
                                                EXIT REASON STATS                                                
┏━━━━━━━━━━━━━━━┳━━━━━━━┳━━━━━━━━━━━━━━┳━━━━━━━━━━━━━━━━━┳━━━━━━━━━━━━━━┳━━━━━━━━━━━━━━┳━━━━━━━━━━━━━━━━━━━━━━━━┓
┃   Exit Reason ┃ Exits ┃ Avg Profit % ┃ Tot Profit USDT ┃ Tot Profit % ┃ Avg Duration ┃  Win  Draw  Loss  Win% ┃
┡━━━━━━━━━━━━━━━╇━━━━━━━╇━━━━━━━━━━━━━━╇━━━━━━━━━━━━━━━━━╇━━━━━━━━━━━━━━╇━━━━━━━━━━━━━━╇━━━━━━━━━━━━━━━━━━━━━━━━┩
│           roi │   207 │         0.87 │         132.429 │        13.24 │      2:01:00 │  156    51     0   100 │
│ ml_exit_short │  1175 │         0.06 │          53.917 │         5.39 │      0:56:00 │  708     0   467  60.3 │
│       ml_exit │    67 │         0.18 │           8.792 │         0.88 │      0:56:00 │   50     0    17  74.6 │
│    force_exit │     1 │         -0.2 │          -0.148 │        -0.01 │      0:15:00 │    0     0     1     0 │
│     stop_loss │   247 │         -2.1 │        -382.796 │       -38.28 │      1:25:00 │    0     0   247     0 │
│         TOTAL │  1697 │        -0.15 │        -187.805 │       -18.78 │      1:08:00 │  914    51   732  53.9 │
└───────────────┴───────┴──────────────┴─────────────────┴──────────────┴──────────────┴────────────────────────┘
                                                       MIXED TAG STATS                                                        
┏━━━━━━━━━━━┳━━━━━━━━━━━━━━━┳━━━━━━━━┳━━━━━━━━━━━━━━┳━━━━━━━━━━━━━━━━━┳━━━━━━━━━━━━━━┳━━━━━━━━━━━━━━┳━━━━━━━━━━━━━━━━━━━━━━━━┓
┃ Enter Tag ┃   Exit Reason ┃ Trades ┃ Avg Profit % ┃ Tot Profit USDT ┃ Tot Profit % ┃ Avg Duration ┃  Win  Draw  Loss  Win% ┃
┡━━━━━━━━━━━╇━━━━━━━━━━━━━━━╇━━━━━━━━╇━━━━━━━━━━━━━━╇━━━━━━━━━━━━━━━━━╇━━━━━━━━━━━━━━╇━━━━━━━━━━━━━━╇━━━━━━━━━━━━━━━━━━━━━━━━┩
│   ml_long │           roi │    117 │         0.97 │          83.663 │         8.37 │      1:47:00 │   93    24     0   100 │
│  ml_short │           roi │     90 │         0.73 │          48.766 │         4.88 │      2:19:00 │   63    27     0   100 │
│   ml_long │ ml_exit_short │    580 │         0.07 │          29.190 │         2.92 │      0:51:00 │  353     0   227  60.9 │
│  ml_short │ ml_exit_short │    595 │         0.06 │          24.727 │         2.47 │      1:01:00 │  355     0   240  59.7 │
│   ml_long │       ml_exit │     67 │         0.18 │           8.792 │         0.88 │      0:56:00 │   50     0    17  74.6 │
│   ml_long │    force_exit │      1 │         -0.2 │          -0.148 │        -0.01 │      0:15:00 │    0     0     1     0 │
│  ml_short │     stop_loss │     90 │         -2.1 │        -139.212 │       -13.92 │      1:46:00 │    0     0    90     0 │
│   ml_long │     stop_loss │    157 │         -2.1 │        -243.584 │       -24.36 │      1:13:00 │    0     0   157     0 │
│     TOTAL │               │   1697 │        -0.15 │        -187.805 │       -18.78 │      1:08:00 │  914    51   732  53.9 │
└───────────┴───────────────┴────────┴──────────────┴─────────────────┴──────────────┴──────────────┴────────────────────────┘
                         SUMMARY METRICS                          
┏━━━━━━━━━━━━━━━━━━━━━━━━━━━━━━━┳━━━━━━━━━━━━━━━━━━━━━━━━━━━━━━━━┓
┃ Metric                        ┃ Value                          ┃
┡━━━━━━━━━━━━━━━━━━━━━━━━━━━━━━━╇━━━━━━━━━━━━━━━━━━━━━━━━━━━━━━━━┩
│ Backtesting from              │ 2025-01-01 00:00:00            │
│ Backtesting to                │ 2025-06-01 00:00:00            │
│ Trading Mode                  │ Isolated Futures               │
│ Max open trades               │ 2                              │
│                               │                                │
│ Total/Daily Avg Trades        │ 1697 / 11.24                   │
│ Starting balance              │ 1000 USDT                      │
│ Final balance                 │ 812.195 USDT                   │
│ Absolute profit               │ -187.805 USDT                  │
│ Total profit %                │ -18.78%                        │
│ CAGR %                        │ -39.52%                        │
│ Sortino                       │ -36.60                         │
│ Sharpe                        │ -33.77                         │
│ Calmar                        │ -12.46                         │
│ SQN                           │ -6.48                          │
│ Profit factor                 │ 0.62                           │
│ Expectancy (Ratio)            │ -0.11 (-0.19)                  │
│ Avg. daily profit             │ -1.244 USDT                    │
│ Avg. stake amount             │ 73.794 USDT                    │
│ Total trade volume            │ 250536.124 USDT                │
│                               │                                │
│ Long / Short trades           │ 922 / 775                      │
│ Long / Short profit %         │ -12.21% / -6.57%               │
│ Long / Short profit USDT      │ -122.086 / -65.719             │
│                               │                                │
│ Best Pair                     │ BTC/USDT:USDT 0.00%            │
│ Worst Pair                    │ ETH/USDT:USDT -18.78%          │
│ Best trade                    │ ETH/USDT:USDT 2.00%            │
│ Worst trade                   │ ETH/USDT:USDT -2.11%           │
│ Best day                      │ 3.028 USDT                     │
│ Worst day                     │ -13.37 USDT                    │
│ Days win/draw/lose            │ 44 / 0 / 108                   │
│ Min/Max/Avg. Duration Winners │ 0d 00:00 / 0d 03:00 / 0d 00:48 │
│ Min/Max/Avg. Duration Losers  │ 0d 00:00 / 0d 10:25 / 0d 01:22 │
│ Max Consecutive Wins / Loss   │ 11 / 9                         │
│ Rejected Entry signals        │ 0                              │
│ Entry/Exit Timeouts           │ 0 / 0                          │
│                               │                                │
│ Min balance                   │ 811.119 USDT                   │
│ Max balance                   │ 1002.3 USDT                    │
│ Max % of account underwater   │ 19.07%                         │
│ Absolute drawdown             │ 191.181 USDT (19.07%)          │
│ Drawdown duration             │ 148 days 11:00:00              │
│ Profit at drawdown start      │ 2.3 USDT                       │
│ Profit at drawdown end        │ -188.881 USDT                  │
│ Drawdown start                │ 2025-01-02 14:30:00            │
│ Drawdown end                  │ 2025-05-31 01:30:00            │
│ Market change                 │ -6.43%                         │
└───────────────────────────────┴────────────────────────────────┘

Backtested 2025-01-01 00:00:00 -> 2025-06-01 00:00:00 | Max open trades : 2
                                                                   STRATEGY SUMMARY                                                                   
┏━━━━━━━━━━━━━━━━━━━━━━━━━━━━┳━━━━━━━━┳━━━━━━━━━━━━━━┳━━━━━━━━━━━━━━━━━┳━━━━━━━━━━━━━━┳━━━━━━━━━━━━━━┳━━━━━━━━━━━━━━━━━━━━━━━━┳━━━━━━━━━━━━━━━━━━━━━━┓
┃                   Strategy ┃ Trades ┃ Avg Profit % ┃ Tot Profit USDT ┃ Tot Profit % ┃ Avg Duration ┃  Win  Draw  Loss  Win% ┃             Drawdown ┃
┡━━━━━━━━━━━━━━━━━━━━━━━━━━━━╇━━━━━━━━╇━━━━━━━━━━━━━━╇━━━━━━━━━━━━━━━━━╇━━━━━━━━━━━━━━╇━━━━━━━━━━━━━━╇━━━━━━━━━━━━━━━━━━━━━━━━╇━━━━━━━━━━━━━━━━━━━━━━┩
│ AutoresearchFreqAIStrategy │   1697 │        -0.15 │        -187.805 │       -18.78 │      1:08:00 │  914    51   732  53.9 │ 191.181 USDT  19.07% │
└────────────────────────────┴────────┴──────────────┴─────────────────┴──────────────┴──────────────┴────────────────────────┴──────────────────────┘

