$ /Users/maryamsediqi/freqtrade/.venv/bin/freqtrade backtesting --config user_data/config_freqai_autoresearch.json --strategy AutoresearchFreqAIStrategy --timerange 20250101-20250401 --export trades --backtest-filename /Users/maryamsediqi/autoresearch/freqtrade/runs/backtest_AutoresearchFreqAIStrategy_20260310T210407Z.json --strategy-path /Users/maryamsediqi/autoresearch/freqtrade/strategies --freqaimodel AutoresearchLSTMRegressor --freqaimodel-path /Users/maryamsediqi/autoresearch/freqtrade/freqaimodels

2026-03-10 22:04:07,725 - freqtrade - INFO - freqtrade 2026.2
2026-03-10 22:04:07,878 - numexpr.utils - INFO - NumExpr defaulting to 8 threads.
2026-03-10 22:04:08,429 - freqtrade.configuration.load_config - INFO - Using config: user_data/config_freqai_autoresearch.json ...
2026-03-10 22:04:08,430 - freqtrade.loggers - INFO - Enabling colorized output.
2026-03-10 22:04:08,430 - freqtrade.loggers - INFO - Logfile configured
2026-03-10 22:04:08,431 - freqtrade.loggers - INFO - Verbosity set to 0
2026-03-10 22:04:08,431 - freqtrade.configuration.configuration - INFO - Using additional Strategy lookup path: /Users/maryamsediqi/autoresearch/freqtrade/strategies
2026-03-10 22:04:08,431 - freqtrade.configuration.configuration - INFO - Using max_open_trades: 2 ...
2026-03-10 22:04:08,431 - freqtrade.configuration.configuration - INFO - Parameter --timerange detected: 20250101-20250401 ...
2026-03-10 22:04:08,431 - freqtrade.configuration.configuration - INFO - Using user-data directory: /Users/maryamsediqi/freqtrade/user_data ...
2026-03-10 22:04:08,431 - freqtrade.configuration.configuration - INFO - Using data directory: /Users/maryamsediqi/freqtrade/user_data/data/binance ...
2026-03-10 22:04:08,432 - freqtrade.configuration.configuration - INFO - Storing backtest results to 
/Users/maryamsediqi/autoresearch/freqtrade/runs/backtest_AutoresearchFreqAIStrategy_20260310T210407Z.json ...
2026-03-10 22:04:08,432 - freqtrade.configuration.configuration - WARNING - DEPRECATED: Using `--export-filename` has no impact when backtesting. Please use `--notes` to annotate backtest results and 
`--backtest-directory` to specify the output directory. 
2026-03-10 22:04:08,432 - freqtrade.configuration.configuration - INFO - Parameter --export detected: trades ...
2026-03-10 22:04:08,432 - freqtrade.configuration.configuration - INFO - Parameter --cache=day detected ...
2026-03-10 22:04:08,432 - freqtrade.configuration.configuration - INFO - Filter trades by timerange: 20250101-20250401
2026-03-10 22:04:08,432 - freqtrade.configuration.configuration - INFO - Using freqaimodel class name: AutoresearchLSTMRegressor
2026-03-10 22:04:08,432 - freqtrade.configuration.configuration - INFO - Using freqaimodel path: /Users/maryamsediqi/autoresearch/freqtrade/freqaimodels
2026-03-10 22:04:08,433 - freqtrade.exchange.check_exchange - INFO - Checking exchange...
2026-03-10 22:04:08,436 - freqtrade.exchange.check_exchange - INFO - Exchange "binance" is officially supported by the Freqtrade development team.
2026-03-10 22:04:08,437 - freqtrade.configuration.configuration - INFO - Using pairlist from configuration.
2026-03-10 22:04:08,437 - freqtrade.configuration.config_validation - INFO - Validating configuration ...
2026-03-10 22:04:08,438 - freqtrade.commands.optimize_commands - INFO - Starting freqtrade in Backtesting mode
2026-03-10 22:04:08,438 - freqtrade.exchange.exchange - INFO - Instance is running with dry_run enabled
2026-03-10 22:04:08,438 - freqtrade.exchange.exchange - INFO - Using CCXT 4.5.39
2026-03-10 22:04:08,438 - freqtrade.exchange.exchange - INFO - Applying additional ccxt config: {'options': {'defaultType': 'swap'}}
2026-03-10 22:04:08,442 - freqtrade.exchange.exchange - INFO - Applying additional ccxt config: {'options': {'defaultType': 'swap'}}
2026-03-10 22:04:08,446 - freqtrade.exchange.exchange - INFO - Using Exchange "Binance"
2026-03-10 22:04:09,641 - freqtrade.resolvers.exchange_resolver - INFO - Using resolved exchange 'Binance'...
2026-03-10 22:04:09,648 - freqtrade.resolvers.iresolver - INFO - Using resolved strategy AutoresearchFreqAIStrategy from 
'/Users/maryamsediqi/autoresearch/freqtrade/strategies/AutoresearchFreqAIStrategy.py'...
2026-03-10 22:04:09,648 - freqtrade.strategy.hyper - INFO - Found no parameter file.
2026-03-10 22:04:09,649 - freqtrade.resolvers.strategy_resolver - INFO - Override strategy 'timeframe' with value from the configuration: 5m.
2026-03-10 22:04:09,649 - freqtrade.resolvers.strategy_resolver - INFO - Override strategy 'stake_currency' with value from the configuration: USDT.
2026-03-10 22:04:09,649 - freqtrade.resolvers.strategy_resolver - INFO - Override strategy 'stake_amount' with value from the configuration: 75.
2026-03-10 22:04:09,649 - freqtrade.resolvers.strategy_resolver - INFO - Override strategy 'max_open_trades' with value from the configuration: 2.
2026-03-10 22:04:09,649 - freqtrade.resolvers.strategy_resolver - INFO - Strategy using minimal_roi: {'0': 0.02, '60': 0.01, '180': 0.0}
2026-03-10 22:04:09,649 - freqtrade.resolvers.strategy_resolver - INFO - Strategy using timeframe: 5m
2026-03-10 22:04:09,649 - freqtrade.resolvers.strategy_resolver - INFO - Strategy using stoploss: -0.02
2026-03-10 22:04:09,650 - freqtrade.resolvers.strategy_resolver - INFO - Strategy using trailing_stop: False
2026-03-10 22:04:09,650 - freqtrade.resolvers.strategy_resolver - INFO - Strategy using trailing_stop_positive_offset: 0.0
2026-03-10 22:04:09,650 - freqtrade.resolvers.strategy_resolver - INFO - Strategy using trailing_only_offset_is_reached: False
2026-03-10 22:04:09,650 - freqtrade.resolvers.strategy_resolver - INFO - Strategy using use_custom_stoploss: False
2026-03-10 22:04:09,650 - freqtrade.resolvers.strategy_resolver - INFO - Strategy using process_only_new_candles: True
2026-03-10 22:04:09,650 - freqtrade.resolvers.strategy_resolver - INFO - Strategy using order_types: {'entry': 'limit', 'exit': 'limit', 'stoploss': 'limit', 'stoploss_on_exchange': False, 
'stoploss_on_exchange_interval': 60}
2026-03-10 22:04:09,650 - freqtrade.resolvers.strategy_resolver - INFO - Strategy using order_time_in_force: {'entry': 'GTC', 'exit': 'GTC'}
2026-03-10 22:04:09,650 - freqtrade.resolvers.strategy_resolver - INFO - Strategy using stake_currency: USDT
2026-03-10 22:04:09,650 - freqtrade.resolvers.strategy_resolver - INFO - Strategy using stake_amount: 75
2026-03-10 22:04:09,651 - freqtrade.resolvers.strategy_resolver - INFO - Strategy using startup_candle_count: 240
2026-03-10 22:04:09,651 - freqtrade.resolvers.strategy_resolver - INFO - Strategy using use_exit_signal: True
2026-03-10 22:04:09,651 - freqtrade.resolvers.strategy_resolver - INFO - Strategy using exit_profit_only: False
2026-03-10 22:04:09,651 - freqtrade.resolvers.strategy_resolver - INFO - Strategy using ignore_roi_if_entry_signal: False
2026-03-10 22:04:09,651 - freqtrade.resolvers.strategy_resolver - INFO - Strategy using exit_profit_offset: 0.0
2026-03-10 22:04:09,651 - freqtrade.resolvers.strategy_resolver - INFO - Strategy using disable_dataframe_checks: False
2026-03-10 22:04:09,651 - freqtrade.resolvers.strategy_resolver - INFO - Strategy using ignore_buying_expired_candle_after: 0
2026-03-10 22:04:09,651 - freqtrade.resolvers.strategy_resolver - INFO - Strategy using position_adjustment_enable: False
2026-03-10 22:04:09,652 - freqtrade.resolvers.strategy_resolver - INFO - Strategy using max_entry_position_adjustment: -1
2026-03-10 22:04:09,652 - freqtrade.resolvers.strategy_resolver - INFO - Strategy using max_open_trades: 2
2026-03-10 22:04:09,652 - freqtrade.configuration.config_validation - INFO - Validating configuration ...
2026-03-10 22:04:09,654 - freqtrade.resolvers.iresolver - INFO - Using resolved pairlist StaticPairList from '/Users/maryamsediqi/freqtrade/freqtrade/plugins/pairlist/StaticPairList.py'...
2026-03-10 22:04:09,657 - freqtrade.optimize.backtesting - INFO - Using fee 0.0500% - worst case fee from exchange (lowest tier).
2026-03-10 22:04:09,658 - freqtrade.data.dataprovider - INFO - Increasing startup_candle_count for freqai on 5m to 8880
2026-03-10 22:04:09,736 - freqtrade.optimize.backtesting - INFO - Loading data from 2024-12-01 04:00:00 up to 2025-04-01 00:00:00 (120 days).
2026-03-10 22:04:10,032 - freqtrade.optimize.backtesting - INFO - Dataload complete. Calculating indicators
2026-03-10 22:04:10,033 - freqtrade.optimize.backtesting - INFO - Running backtesting for Strategy AutoresearchFreqAIStrategy
2026-03-10 22:04:11,293 - freqtrade.resolvers.iresolver - INFO - Using resolved freqaimodel AutoresearchLSTMRegressor from 
'/Users/maryamsediqi/autoresearch/freqtrade/freqaimodels/AutoresearchLSTMRegressor.py'...
2026-03-10 22:04:11,293 - freqtrade.freqai.data_drawer - INFO - Could not find existing datadrawer, starting from scratch
2026-03-10 22:04:11,293 - freqtrade.freqai.data_drawer - INFO - Could not find existing historic_predictions, starting from scratch
2026-03-10 22:04:11,293 - freqtrade.freqai.freqai_interface - INFO - Set fresh train queue from whitelist. Queue: ['BTC/USDT:USDT', 'ETH/USDT:USDT']
2026-03-10 22:04:11,309 - freqtrade.freqai.freqai_interface - INFO - Training 13 timeranges
2026-03-10 22:04:11,310 - freqtrade.freqai.freqai_interface - INFO - Training BTC/USDT:USDT, 1/2 pairs from 2024-12-02 00:00:00 to 2025-01-01 00:00:00, 1/13 trains
2026-03-10 22:04:11,311 - freqtrade.freqai.data_kitchen - INFO - Found backtesting prediction file at 
/Users/maryamsediqi/freqtrade/user_data/models/autoresearch-v1/backtesting_predictions/cb_btc_1735689600_prediction.feather
2026-03-10 22:04:11,318 - freqtrade.data.dataprovider - INFO - Increasing startup_candle_count for freqai on 15m to 3120
2026-03-10 22:04:11,318 - freqtrade.data.dataprovider - INFO - Loading data for BTC/USDT:USDT 15m from 2024-11-29 12:00:00 to 2025-04-01 00:00:00
2026-03-10 22:04:11,344 - freqtrade.data.dataprovider - INFO - Increasing startup_candle_count for freqai on 1h to 960
2026-03-10 22:04:11,344 - freqtrade.data.dataprovider - INFO - Loading data for BTC/USDT:USDT 1h from 2024-11-22 00:00:00 to 2025-04-01 00:00:00
2026-03-10 22:04:11,360 - freqtrade.data.dataprovider - INFO - Increasing startup_candle_count for freqai on 5m to 8880
2026-03-10 22:04:11,361 - freqtrade.data.dataprovider - INFO - Loading data for ETH/USDT:USDT 5m from 2024-12-01 04:00:00 to 2025-04-01 00:00:00
2026-03-10 22:04:11,408 - freqtrade.data.dataprovider - INFO - Increasing startup_candle_count for freqai on 15m to 3120
2026-03-10 22:04:11,408 - freqtrade.data.dataprovider - INFO - Loading data for ETH/USDT:USDT 15m from 2024-11-29 12:00:00 to 2025-04-01 00:00:00
2026-03-10 22:04:11,431 - freqtrade.data.dataprovider - INFO - Increasing startup_candle_count for freqai on 1h to 960
2026-03-10 22:04:11,432 - freqtrade.data.dataprovider - INFO - Loading data for ETH/USDT:USDT 1h from 2024-11-22 00:00:00 to 2025-04-01 00:00:00
2026-03-10 22:04:11,448 - freqtrade.freqai.freqai_interface - INFO - Training BTC/USDT:USDT, 1/2 pairs from 2024-12-09 00:00:00 to 2025-01-08 00:00:00, 2/13 trains
2026-03-10 22:04:11,449 - freqtrade.freqai.data_kitchen - INFO - Found backtesting prediction file at 
/Users/maryamsediqi/freqtrade/user_data/models/autoresearch-v1/backtesting_predictions/cb_btc_1736294400_prediction.feather
2026-03-10 22:04:11,450 - freqtrade.freqai.freqai_interface - INFO - Training BTC/USDT:USDT, 1/2 pairs from 2024-12-16 00:00:00 to 2025-01-15 00:00:00, 3/13 trains
2026-03-10 22:04:11,450 - freqtrade.freqai.data_kitchen - INFO - Found backtesting prediction file at 
/Users/maryamsediqi/freqtrade/user_data/models/autoresearch-v1/backtesting_predictions/cb_btc_1736899200_prediction.feather
2026-03-10 22:04:11,451 - freqtrade.freqai.freqai_interface - INFO - Training BTC/USDT:USDT, 1/2 pairs from 2024-12-23 00:00:00 to 2025-01-22 00:00:00, 4/13 trains
2026-03-10 22:04:11,452 - freqtrade.freqai.data_kitchen - INFO - Found backtesting prediction file at 
/Users/maryamsediqi/freqtrade/user_data/models/autoresearch-v1/backtesting_predictions/cb_btc_1737504000_prediction.feather
2026-03-10 22:04:11,453 - freqtrade.freqai.freqai_interface - INFO - Training BTC/USDT:USDT, 1/2 pairs from 2024-12-30 00:00:00 to 2025-01-29 00:00:00, 5/13 trains
2026-03-10 22:04:11,453 - freqtrade.freqai.data_kitchen - INFO - Found backtesting prediction file at 
/Users/maryamsediqi/freqtrade/user_data/models/autoresearch-v1/backtesting_predictions/cb_btc_1738108800_prediction.feather
2026-03-10 22:04:11,454 - freqtrade.freqai.freqai_interface - INFO - Training BTC/USDT:USDT, 1/2 pairs from 2025-01-06 00:00:00 to 2025-02-05 00:00:00, 6/13 trains
2026-03-10 22:04:11,455 - freqtrade.freqai.data_kitchen - INFO - Found backtesting prediction file at 
/Users/maryamsediqi/freqtrade/user_data/models/autoresearch-v1/backtesting_predictions/cb_btc_1738713600_prediction.feather
2026-03-10 22:04:11,456 - freqtrade.freqai.freqai_interface - INFO - Training BTC/USDT:USDT, 1/2 pairs from 2025-01-13 00:00:00 to 2025-02-12 00:00:00, 7/13 trains
2026-03-10 22:04:11,456 - freqtrade.freqai.data_kitchen - INFO - Found backtesting prediction file at 
/Users/maryamsediqi/freqtrade/user_data/models/autoresearch-v1/backtesting_predictions/cb_btc_1739318400_prediction.feather
2026-03-10 22:04:11,457 - freqtrade.freqai.freqai_interface - INFO - Training BTC/USDT:USDT, 1/2 pairs from 2025-01-20 00:00:00 to 2025-02-19 00:00:00, 8/13 trains
2026-03-10 22:04:11,458 - freqtrade.freqai.data_kitchen - INFO - Found backtesting prediction file at 
/Users/maryamsediqi/freqtrade/user_data/models/autoresearch-v1/backtesting_predictions/cb_btc_1739923200_prediction.feather
2026-03-10 22:04:11,459 - freqtrade.freqai.freqai_interface - INFO - Training BTC/USDT:USDT, 1/2 pairs from 2025-01-27 00:00:00 to 2025-02-26 00:00:00, 9/13 trains
2026-03-10 22:04:11,460 - freqtrade.freqai.data_kitchen - INFO - Found backtesting prediction file at 
/Users/maryamsediqi/freqtrade/user_data/models/autoresearch-v1/backtesting_predictions/cb_btc_1740528000_prediction.feather
2026-03-10 22:04:11,461 - freqtrade.freqai.freqai_interface - INFO - Training BTC/USDT:USDT, 1/2 pairs from 2025-02-03 00:00:00 to 2025-03-05 00:00:00, 10/13 trains
2026-03-10 22:04:11,461 - freqtrade.freqai.data_kitchen - INFO - Found backtesting prediction file at 
/Users/maryamsediqi/freqtrade/user_data/models/autoresearch-v1/backtesting_predictions/cb_btc_1741132800_prediction.feather
2026-03-10 22:04:11,462 - freqtrade.freqai.freqai_interface - INFO - Training BTC/USDT:USDT, 1/2 pairs from 2025-02-10 00:00:00 to 2025-03-12 00:00:00, 11/13 trains
2026-03-10 22:04:11,463 - freqtrade.freqai.data_kitchen - INFO - Found backtesting prediction file at 
/Users/maryamsediqi/freqtrade/user_data/models/autoresearch-v1/backtesting_predictions/cb_btc_1741737600_prediction.feather
2026-03-10 22:04:11,464 - freqtrade.freqai.freqai_interface - INFO - Training BTC/USDT:USDT, 1/2 pairs from 2025-02-17 00:00:00 to 2025-03-19 00:00:00, 12/13 trains
2026-03-10 22:04:11,465 - freqtrade.freqai.data_kitchen - INFO - Found backtesting prediction file at 
/Users/maryamsediqi/freqtrade/user_data/models/autoresearch-v1/backtesting_predictions/cb_btc_1742342400_prediction.feather
2026-03-10 22:04:11,466 - freqtrade.freqai.freqai_interface - INFO - Training BTC/USDT:USDT, 1/2 pairs from 2025-02-24 00:00:00 to 2025-03-26 00:00:00, 13/13 trains
2026-03-10 22:04:11,466 - freqtrade.freqai.data_kitchen - INFO - Found backtesting prediction file at 
/Users/maryamsediqi/freqtrade/user_data/models/autoresearch-v1/backtesting_predictions/cb_btc_1742947200_prediction.feather
2026-03-10 22:04:11,477 - freqtrade.freqai.freqai_interface - INFO - Training 13 timeranges
2026-03-10 22:04:11,478 - freqtrade.freqai.freqai_interface - INFO - Training ETH/USDT:USDT, 2/2 pairs from 2024-12-02 00:00:00 to 2025-01-01 00:00:00, 1/13 trains
2026-03-10 22:04:11,478 - freqtrade.freqai.data_kitchen - INFO - Found backtesting prediction file at 
/Users/maryamsediqi/freqtrade/user_data/models/autoresearch-v1/backtesting_predictions/cb_eth_1735689600_prediction.feather
2026-03-10 22:04:11,506 - freqtrade.data.dataprovider - INFO - Increasing startup_candle_count for freqai on 5m to 8880
2026-03-10 22:04:11,506 - freqtrade.data.dataprovider - INFO - Loading data for BTC/USDT:USDT 5m from 2024-12-01 04:00:00 to 2025-04-01 00:00:00
2026-03-10 22:04:11,571 - freqtrade.freqai.freqai_interface - INFO - Training ETH/USDT:USDT, 2/2 pairs from 2024-12-09 00:00:00 to 2025-01-08 00:00:00, 2/13 trains
2026-03-10 22:04:11,572 - freqtrade.freqai.data_kitchen - INFO - Found backtesting prediction file at 
/Users/maryamsediqi/freqtrade/user_data/models/autoresearch-v1/backtesting_predictions/cb_eth_1736294400_prediction.feather
2026-03-10 22:04:11,573 - freqtrade.freqai.freqai_interface - INFO - Training ETH/USDT:USDT, 2/2 pairs from 2024-12-16 00:00:00 to 2025-01-15 00:00:00, 3/13 trains
2026-03-10 22:04:11,574 - freqtrade.freqai.data_kitchen - INFO - Found backtesting prediction file at 
/Users/maryamsediqi/freqtrade/user_data/models/autoresearch-v1/backtesting_predictions/cb_eth_1736899200_prediction.feather
2026-03-10 22:04:11,575 - freqtrade.freqai.freqai_interface - INFO - Training ETH/USDT:USDT, 2/2 pairs from 2024-12-23 00:00:00 to 2025-01-22 00:00:00, 4/13 trains
2026-03-10 22:04:11,575 - freqtrade.freqai.data_kitchen - INFO - Found backtesting prediction file at 
/Users/maryamsediqi/freqtrade/user_data/models/autoresearch-v1/backtesting_predictions/cb_eth_1737504000_prediction.feather
2026-03-10 22:04:11,576 - freqtrade.freqai.freqai_interface - INFO - Training ETH/USDT:USDT, 2/2 pairs from 2024-12-30 00:00:00 to 2025-01-29 00:00:00, 5/13 trains
2026-03-10 22:04:11,577 - freqtrade.freqai.data_kitchen - INFO - Found backtesting prediction file at 
/Users/maryamsediqi/freqtrade/user_data/models/autoresearch-v1/backtesting_predictions/cb_eth_1738108800_prediction.feather
2026-03-10 22:04:11,578 - freqtrade.freqai.freqai_interface - INFO - Training ETH/USDT:USDT, 2/2 pairs from 2025-01-06 00:00:00 to 2025-02-05 00:00:00, 6/13 trains
2026-03-10 22:04:11,579 - freqtrade.freqai.data_kitchen - INFO - Found backtesting prediction file at 
/Users/maryamsediqi/freqtrade/user_data/models/autoresearch-v1/backtesting_predictions/cb_eth_1738713600_prediction.feather
2026-03-10 22:04:11,579 - freqtrade.freqai.freqai_interface - INFO - Training ETH/USDT:USDT, 2/2 pairs from 2025-01-13 00:00:00 to 2025-02-12 00:00:00, 7/13 trains
2026-03-10 22:04:11,580 - freqtrade.freqai.data_kitchen - INFO - Found backtesting prediction file at 
/Users/maryamsediqi/freqtrade/user_data/models/autoresearch-v1/backtesting_predictions/cb_eth_1739318400_prediction.feather
2026-03-10 22:04:11,581 - freqtrade.freqai.freqai_interface - INFO - Training ETH/USDT:USDT, 2/2 pairs from 2025-01-20 00:00:00 to 2025-02-19 00:00:00, 8/13 trains
2026-03-10 22:04:11,582 - freqtrade.freqai.data_kitchen - INFO - Found backtesting prediction file at 
/Users/maryamsediqi/freqtrade/user_data/models/autoresearch-v1/backtesting_predictions/cb_eth_1739923200_prediction.feather
2026-03-10 22:04:11,582 - freqtrade.freqai.freqai_interface - INFO - Training ETH/USDT:USDT, 2/2 pairs from 2025-01-27 00:00:00 to 2025-02-26 00:00:00, 9/13 trains
2026-03-10 22:04:11,583 - freqtrade.freqai.data_kitchen - INFO - Found backtesting prediction file at 
/Users/maryamsediqi/freqtrade/user_data/models/autoresearch-v1/backtesting_predictions/cb_eth_1740528000_prediction.feather
2026-03-10 22:04:11,584 - freqtrade.freqai.freqai_interface - INFO - Training ETH/USDT:USDT, 2/2 pairs from 2025-02-03 00:00:00 to 2025-03-05 00:00:00, 10/13 trains
2026-03-10 22:04:11,585 - freqtrade.freqai.data_kitchen - INFO - Found backtesting prediction file at 
/Users/maryamsediqi/freqtrade/user_data/models/autoresearch-v1/backtesting_predictions/cb_eth_1741132800_prediction.feather
2026-03-10 22:04:11,586 - freqtrade.freqai.freqai_interface - INFO - Training ETH/USDT:USDT, 2/2 pairs from 2025-02-10 00:00:00 to 2025-03-12 00:00:00, 11/13 trains
2026-03-10 22:04:11,586 - freqtrade.freqai.data_kitchen - INFO - Found backtesting prediction file at 
/Users/maryamsediqi/freqtrade/user_data/models/autoresearch-v1/backtesting_predictions/cb_eth_1741737600_prediction.feather
2026-03-10 22:04:11,587 - freqtrade.freqai.freqai_interface - INFO - Training ETH/USDT:USDT, 2/2 pairs from 2025-02-17 00:00:00 to 2025-03-19 00:00:00, 12/13 trains
2026-03-10 22:04:11,588 - freqtrade.freqai.data_kitchen - INFO - Found backtesting prediction file at 
/Users/maryamsediqi/freqtrade/user_data/models/autoresearch-v1/backtesting_predictions/cb_eth_1742342400_prediction.feather
2026-03-10 22:04:11,589 - freqtrade.freqai.freqai_interface - INFO - Training ETH/USDT:USDT, 2/2 pairs from 2025-02-24 00:00:00 to 2025-03-26 00:00:00, 13/13 trains
2026-03-10 22:04:11,589 - freqtrade.freqai.data_kitchen - INFO - Found backtesting prediction file at 
/Users/maryamsediqi/freqtrade/user_data/models/autoresearch-v1/backtesting_predictions/cb_eth_1742947200_prediction.feather
2026-03-10 22:04:11,599 - freqtrade.optimize.backtesting - INFO - Backtesting with data from 2025-01-01 00:00:00 up to 2025-04-01 00:00:00 (90 days).
2026-03-10 22:04:13,245 - freqtrade.misc - INFO - dumping json to "/Users/maryamsediqi/freqtrade/user_data/backtest_results/backtest-result-2026-03-10_22-04-13.meta.json"
Result for strategy AutoresearchFreqAIStrategy
                                                BACKTESTING REPORT                                                
┏━━━━━━━━━━━━━━━┳━━━━━━━━┳━━━━━━━━━━━━━━┳━━━━━━━━━━━━━━━━━┳━━━━━━━━━━━━━━┳━━━━━━━━━━━━━━┳━━━━━━━━━━━━━━━━━━━━━━━━┓
┃          Pair ┃ Trades ┃ Avg Profit % ┃ Tot Profit USDT ┃ Tot Profit % ┃ Avg Duration ┃  Win  Draw  Loss  Win% ┃
┡━━━━━━━━━━━━━━━╇━━━━━━━━╇━━━━━━━━━━━━━━╇━━━━━━━━━━━━━━━━━╇━━━━━━━━━━━━━━╇━━━━━━━━━━━━━━╇━━━━━━━━━━━━━━━━━━━━━━━━┩
│ BTC/USDT:USDT │      0 │          0.0 │           0.000 │          0.0 │         0:00 │    0     0     0     0 │
│ ETH/USDT:USDT │    782 │        -0.11 │         -65.424 │        -6.54 │      1:21:00 │  422    41   319  54.0 │
│         TOTAL │    782 │        -0.11 │         -65.424 │        -6.54 │      1:21:00 │  422    41   319  54.0 │
└───────────────┴────────┴──────────────┴─────────────────┴──────────────┴──────────────┴────────────────────────┘
                                         LEFT OPEN TRADES REPORT                                          
┏━━━━━━━┳━━━━━━━━┳━━━━━━━━━━━━━━┳━━━━━━━━━━━━━━━━━┳━━━━━━━━━━━━━━┳━━━━━━━━━━━━━━┳━━━━━━━━━━━━━━━━━━━━━━━━┓
┃  Pair ┃ Trades ┃ Avg Profit % ┃ Tot Profit USDT ┃ Tot Profit % ┃ Avg Duration ┃  Win  Draw  Loss  Win% ┃
┡━━━━━━━╇━━━━━━━━╇━━━━━━━━━━━━━━╇━━━━━━━━━━━━━━━━━╇━━━━━━━━━━━━━━╇━━━━━━━━━━━━━━╇━━━━━━━━━━━━━━━━━━━━━━━━┩
│ TOTAL │      0 │          0.0 │           0.000 │          0.0 │         0:00 │    0     0     0     0 │
└───────┴────────┴──────────────┴─────────────────┴──────────────┴──────────────┴────────────────────────┘
                                                ENTER TAG STATS                                                
┏━━━━━━━━━━━┳━━━━━━━━━┳━━━━━━━━━━━━━━┳━━━━━━━━━━━━━━━━━┳━━━━━━━━━━━━━━┳━━━━━━━━━━━━━━┳━━━━━━━━━━━━━━━━━━━━━━━━┓
┃ Enter Tag ┃ Entries ┃ Avg Profit % ┃ Tot Profit USDT ┃ Tot Profit % ┃ Avg Duration ┃  Win  Draw  Loss  Win% ┃
┡━━━━━━━━━━━╇━━━━━━━━━╇━━━━━━━━━━━━━━╇━━━━━━━━━━━━━━━━━╇━━━━━━━━━━━━━━╇━━━━━━━━━━━━━━╇━━━━━━━━━━━━━━━━━━━━━━━━┩
│  ml_short │     381 │        -0.02 │          -6.302 │        -0.63 │      1:26:00 │  219    20   142  57.5 │
│   ml_long │     401 │         -0.2 │         -59.122 │        -5.91 │      1:17:00 │  203    21   177  50.6 │
│     TOTAL │     782 │        -0.11 │         -65.424 │        -6.54 │      1:21:00 │  422    41   319  54.0 │
└───────────┴─────────┴──────────────┴─────────────────┴──────────────┴──────────────┴────────────────────────┘
                                                EXIT REASON STATS                                                
┏━━━━━━━━━━━━━━━┳━━━━━━━┳━━━━━━━━━━━━━━┳━━━━━━━━━━━━━━━━━┳━━━━━━━━━━━━━━┳━━━━━━━━━━━━━━┳━━━━━━━━━━━━━━━━━━━━━━━━┓
┃   Exit Reason ┃ Exits ┃ Avg Profit % ┃ Tot Profit USDT ┃ Tot Profit % ┃ Avg Duration ┃  Win  Draw  Loss  Win% ┃
┡━━━━━━━━━━━━━━━╇━━━━━━━╇━━━━━━━━━━━━━━╇━━━━━━━━━━━━━━━━━╇━━━━━━━━━━━━━━╇━━━━━━━━━━━━━━╇━━━━━━━━━━━━━━━━━━━━━━━━┩
│           roi │   159 │         0.85 │          99.765 │         9.98 │      2:04:00 │  118    41     0   100 │
│ ml_exit_short │   464 │         0.12 │          41.627 │         4.16 │      1:03:00 │  291     0   173  62.7 │
│       ml_exit │    24 │         0.14 │           2.384 │         0.24 │      1:05:00 │   13     0    11  54.2 │
│     stop_loss │   135 │         -2.1 │        -209.200 │       -20.92 │      1:34:00 │    0     0   135     0 │
│         TOTAL │   782 │        -0.11 │         -65.424 │        -6.54 │      1:21:00 │  422    41   319  54.0 │
└───────────────┴───────┴──────────────┴─────────────────┴──────────────┴──────────────┴────────────────────────┘
                                                       MIXED TAG STATS                                                        
┏━━━━━━━━━━━┳━━━━━━━━━━━━━━━┳━━━━━━━━┳━━━━━━━━━━━━━━┳━━━━━━━━━━━━━━━━━┳━━━━━━━━━━━━━━┳━━━━━━━━━━━━━━┳━━━━━━━━━━━━━━━━━━━━━━━━┓
┃ Enter Tag ┃   Exit Reason ┃ Trades ┃ Avg Profit % ┃ Tot Profit USDT ┃ Tot Profit % ┃ Avg Duration ┃  Win  Draw  Loss  Win% ┃
┡━━━━━━━━━━━╇━━━━━━━━━━━━━━━╇━━━━━━━━╇━━━━━━━━━━━━━━╇━━━━━━━━━━━━━━━━━╇━━━━━━━━━━━━━━╇━━━━━━━━━━━━━━╇━━━━━━━━━━━━━━━━━━━━━━━━┩
│   ml_long │           roi │     88 │         0.92 │          59.980 │          6.0 │      1:55:00 │   67    21     0   100 │
│  ml_short │           roi │     71 │         0.76 │          39.785 │         3.98 │      2:15:00 │   51    20     0   100 │
│   ml_long │ ml_exit_short │    195 │         0.17 │          24.337 │         2.43 │      0:59:00 │  123     0    72  63.1 │
│  ml_short │ ml_exit_short │    269 │         0.09 │          17.290 │         1.73 │      1:07:00 │  168     0   101  62.5 │
│   ml_long │       ml_exit │     24 │         0.14 │           2.384 │         0.24 │      1:05:00 │   13     0    11  54.2 │
│  ml_short │     stop_loss │     41 │         -2.1 │         -63.377 │        -6.34 │      2:06:00 │    0     0    41     0 │
│   ml_long │     stop_loss │     94 │         -2.1 │        -145.823 │       -14.58 │      1:21:00 │    0     0    94     0 │
│     TOTAL │               │    782 │        -0.11 │         -65.424 │        -6.54 │      1:21:00 │  422    41   319  54.0 │
└───────────┴───────────────┴────────┴──────────────┴─────────────────┴──────────────┴──────────────┴────────────────────────┘
                         SUMMARY METRICS                          
┏━━━━━━━━━━━━━━━━━━━━━━━━━━━━━━━┳━━━━━━━━━━━━━━━━━━━━━━━━━━━━━━━━┓
┃ Metric                        ┃ Value                          ┃
┡━━━━━━━━━━━━━━━━━━━━━━━━━━━━━━━╇━━━━━━━━━━━━━━━━━━━━━━━━━━━━━━━━┩
│ Backtesting from              │ 2025-01-01 00:00:00            │
│ Backtesting to                │ 2025-04-01 00:00:00            │
│ Trading Mode                  │ Isolated Futures               │
│ Max open trades               │ 2                              │
│                               │                                │
│ Total/Daily Avg Trades        │ 782 / 8.69                     │
│ Starting balance              │ 1000 USDT                      │
│ Final balance                 │ 934.576 USDT                   │
│ Absolute profit               │ -65.424 USDT                   │
│ Total profit %                │ -6.54%                         │
│ CAGR %                        │ -24.00%                        │
│ Sortino                       │ -20.94                         │
│ Sharpe                        │ -17.48                         │
│ Calmar                        │ -19.09                         │
│ SQN                           │ -2.94                          │
│ Profit factor                 │ 0.74                           │
│ Expectancy (Ratio)            │ -0.08 (-0.16)                  │
│ Avg. daily profit             │ -0.727 USDT                    │
│ Avg. stake amount             │ 73.66 USDT                     │
│ Total trade volume            │ 115211.327 USDT                │
│                               │                                │
│ Long / Short trades           │ 401 / 381                      │
│ Long / Short profit %         │ -5.91% / -0.63%                │
│ Long / Short profit USDT      │ -59.122 / -6.302               │
│                               │                                │
│ Best Pair                     │ BTC/USDT:USDT 0.00%            │
│ Worst Pair                    │ ETH/USDT:USDT -6.54%           │
│ Best trade                    │ ETH/USDT:USDT 2.00%            │
│ Worst trade                   │ ETH/USDT:USDT -2.11%           │
│ Best day                      │ 3.146 USDT                     │
│ Worst day                     │ -13.227 USDT                   │
│ Days win/draw/lose            │ 39 / 0 / 50                    │
│ Min/Max/Avg. Duration Winners │ 0d 00:00 / 0d 03:00 / 0d 00:58 │
│ Min/Max/Avg. Duration Losers  │ 0d 00:00 / 0d 10:25 / 0d 01:33 │
│ Max Consecutive Wins / Loss   │ 10 / 9                         │
│ Rejected Entry signals        │ 0                              │
│ Entry/Exit Timeouts           │ 0 / 0                          │
│                               │                                │
│ Min balance                   │ 927.97 USDT                    │
│ Max balance                   │ 1000.782 USDT                  │
│ Max % of account underwater   │ 7.28%                          │
│ Absolute drawdown             │ 72.812 USDT (7.28%)            │
│ Drawdown duration             │ 80 days 07:25:00               │
│ Profit at drawdown start      │ 0.782 USDT                     │
│ Profit at drawdown end        │ -72.03 USDT                    │
│ Drawdown start                │ 2025-01-03 05:05:00            │
│ Drawdown end                  │ 2025-03-24 12:30:00            │
│ Market change                 │ -28.60%                        │
└───────────────────────────────┴────────────────────────────────┘

Backtested 2025-01-01 00:00:00 -> 2025-04-01 00:00:00 | Max open trades : 2
                                                                  STRATEGY SUMMARY                                                                  
┏━━━━━━━━━━━━━━━━━━━━━━━━━━━━┳━━━━━━━━┳━━━━━━━━━━━━━━┳━━━━━━━━━━━━━━━━━┳━━━━━━━━━━━━━━┳━━━━━━━━━━━━━━┳━━━━━━━━━━━━━━━━━━━━━━━━┳━━━━━━━━━━━━━━━━━━━━┓
┃                   Strategy ┃ Trades ┃ Avg Profit % ┃ Tot Profit USDT ┃ Tot Profit % ┃ Avg Duration ┃  Win  Draw  Loss  Win% ┃           Drawdown ┃
┡━━━━━━━━━━━━━━━━━━━━━━━━━━━━╇━━━━━━━━╇━━━━━━━━━━━━━━╇━━━━━━━━━━━━━━━━━╇━━━━━━━━━━━━━━╇━━━━━━━━━━━━━━╇━━━━━━━━━━━━━━━━━━━━━━━━╇━━━━━━━━━━━━━━━━━━━━┩
│ AutoresearchFreqAIStrategy │    782 │        -0.11 │         -65.424 │        -6.54 │      1:21:00 │  422    41   319  54.0 │ 72.812 USDT  7.28% │
└────────────────────────────┴────────┴──────────────┴─────────────────┴──────────────┴──────────────┴────────────────────────┴────────────────────┘

