$ /Users/maryamsediqi/freqtrade/.venv/bin/freqtrade backtesting --config user_data/config_freqai_autoresearch.json --strategy AutoresearchFreqAIStrategy --timerange 20250101-20250601 --export trades --backtest-filename /Users/maryamsediqi/autoresearch/freqtrade/runs/backtest_AutoresearchFreqAIStrategy_20260310T160644Z.json --strategy-path /Users/maryamsediqi/autoresearch/freqtrade/strategies --freqaimodel PyTorchMLPRegressor

2026-03-10 17:06:44,901 - freqtrade - INFO - freqtrade 2026.2
2026-03-10 17:06:45,072 - numexpr.utils - INFO - NumExpr defaulting to 8 threads.
2026-03-10 17:06:45,907 - freqtrade.configuration.load_config - INFO - Using config: user_data/config_freqai_autoresearch.json ...
2026-03-10 17:06:45,909 - freqtrade.loggers - INFO - Enabling colorized output.
2026-03-10 17:06:45,909 - freqtrade.loggers - INFO - Logfile configured
2026-03-10 17:06:45,909 - freqtrade.loggers - INFO - Verbosity set to 0
2026-03-10 17:06:45,909 - freqtrade.configuration.configuration - INFO - Using additional Strategy lookup path: /Users/maryamsediqi/autoresearch/freqtrade/strategies
2026-03-10 17:06:45,909 - freqtrade.configuration.configuration - INFO - Using max_open_trades: 2 ...
2026-03-10 17:06:45,909 - freqtrade.configuration.configuration - INFO - Parameter --timerange detected: 20250101-20250601 ...
2026-03-10 17:06:45,910 - freqtrade.configuration.configuration - INFO - Using user-data directory: /Users/maryamsediqi/freqtrade/user_data ...
2026-03-10 17:06:45,910 - freqtrade.configuration.configuration - INFO - Using data directory: /Users/maryamsediqi/freqtrade/user_data/data/binance ...
2026-03-10 17:06:45,910 - freqtrade.configuration.configuration - INFO - Storing backtest results to 
/Users/maryamsediqi/autoresearch/freqtrade/runs/backtest_AutoresearchFreqAIStrategy_20260310T160644Z.json ...
2026-03-10 17:06:45,910 - freqtrade.configuration.configuration - WARNING - DEPRECATED: Using `--export-filename` has no impact when backtesting. Please use `--notes` to annotate backtest results and 
`--backtest-directory` to specify the output directory. 
2026-03-10 17:06:45,910 - freqtrade.configuration.configuration - INFO - Parameter --export detected: trades ...
2026-03-10 17:06:45,910 - freqtrade.configuration.configuration - INFO - Parameter --cache=day detected ...
2026-03-10 17:06:45,910 - freqtrade.configuration.configuration - INFO - Filter trades by timerange: 20250101-20250601
2026-03-10 17:06:45,911 - freqtrade.configuration.configuration - INFO - Using freqaimodel class name: PyTorchMLPRegressor
2026-03-10 17:06:45,911 - freqtrade.exchange.check_exchange - INFO - Checking exchange...
2026-03-10 17:06:45,915 - freqtrade.exchange.check_exchange - INFO - Exchange "binance" is officially supported by the Freqtrade development team.
2026-03-10 17:06:45,915 - freqtrade.configuration.configuration - INFO - Using pairlist from configuration.
2026-03-10 17:06:45,915 - freqtrade.configuration.config_validation - INFO - Validating configuration ...
2026-03-10 17:06:45,916 - freqtrade.commands.optimize_commands - INFO - Starting freqtrade in Backtesting mode
2026-03-10 17:06:45,916 - freqtrade.exchange.exchange - INFO - Instance is running with dry_run enabled
2026-03-10 17:06:45,916 - freqtrade.exchange.exchange - INFO - Using CCXT 4.5.39
2026-03-10 17:06:45,917 - freqtrade.exchange.exchange - INFO - Applying additional ccxt config: {'options': {'defaultType': 'swap'}}
2026-03-10 17:06:45,920 - freqtrade.exchange.exchange - INFO - Applying additional ccxt config: {'options': {'defaultType': 'swap'}}
2026-03-10 17:06:45,924 - freqtrade.exchange.exchange - INFO - Using Exchange "Binance"
2026-03-10 17:06:47,284 - freqtrade.resolvers.exchange_resolver - INFO - Using resolved exchange 'Binance'...
2026-03-10 17:06:47,292 - freqtrade.resolvers.iresolver - INFO - Using resolved strategy AutoresearchFreqAIStrategy from 
'/Users/maryamsediqi/autoresearch/freqtrade/strategies/AutoresearchFreqAIStrategy.py'...
2026-03-10 17:06:47,292 - freqtrade.strategy.hyper - INFO - Found no parameter file.
2026-03-10 17:06:47,292 - freqtrade.resolvers.strategy_resolver - INFO - Override strategy 'timeframe' with value from the configuration: 5m.
2026-03-10 17:06:47,293 - freqtrade.resolvers.strategy_resolver - INFO - Override strategy 'stake_currency' with value from the configuration: USDT.
2026-03-10 17:06:47,293 - freqtrade.resolvers.strategy_resolver - INFO - Override strategy 'stake_amount' with value from the configuration: 75.
2026-03-10 17:06:47,293 - freqtrade.resolvers.strategy_resolver - INFO - Override strategy 'max_open_trades' with value from the configuration: 2.
2026-03-10 17:06:47,293 - freqtrade.resolvers.strategy_resolver - INFO - Strategy using minimal_roi: {'0': 0.02, '60': 0.01, '180': 0.0}
2026-03-10 17:06:47,293 - freqtrade.resolvers.strategy_resolver - INFO - Strategy using timeframe: 5m
2026-03-10 17:06:47,293 - freqtrade.resolvers.strategy_resolver - INFO - Strategy using stoploss: -0.02
2026-03-10 17:06:47,293 - freqtrade.resolvers.strategy_resolver - INFO - Strategy using trailing_stop: False
2026-03-10 17:06:47,293 - freqtrade.resolvers.strategy_resolver - INFO - Strategy using trailing_stop_positive_offset: 0.0
2026-03-10 17:06:47,293 - freqtrade.resolvers.strategy_resolver - INFO - Strategy using trailing_only_offset_is_reached: False
2026-03-10 17:06:47,294 - freqtrade.resolvers.strategy_resolver - INFO - Strategy using use_custom_stoploss: False
2026-03-10 17:06:47,294 - freqtrade.resolvers.strategy_resolver - INFO - Strategy using process_only_new_candles: True
2026-03-10 17:06:47,294 - freqtrade.resolvers.strategy_resolver - INFO - Strategy using order_types: {'entry': 'limit', 'exit': 'limit', 'stoploss': 'limit', 'stoploss_on_exchange': False, 
'stoploss_on_exchange_interval': 60}
2026-03-10 17:06:47,294 - freqtrade.resolvers.strategy_resolver - INFO - Strategy using order_time_in_force: {'entry': 'GTC', 'exit': 'GTC'}
2026-03-10 17:06:47,294 - freqtrade.resolvers.strategy_resolver - INFO - Strategy using stake_currency: USDT
2026-03-10 17:06:47,294 - freqtrade.resolvers.strategy_resolver - INFO - Strategy using stake_amount: 75
2026-03-10 17:06:47,294 - freqtrade.resolvers.strategy_resolver - INFO - Strategy using startup_candle_count: 240
2026-03-10 17:06:47,294 - freqtrade.resolvers.strategy_resolver - INFO - Strategy using use_exit_signal: True
2026-03-10 17:06:47,294 - freqtrade.resolvers.strategy_resolver - INFO - Strategy using exit_profit_only: False
2026-03-10 17:06:47,295 - freqtrade.resolvers.strategy_resolver - INFO - Strategy using ignore_roi_if_entry_signal: False
2026-03-10 17:06:47,295 - freqtrade.resolvers.strategy_resolver - INFO - Strategy using exit_profit_offset: 0.0
2026-03-10 17:06:47,295 - freqtrade.resolvers.strategy_resolver - INFO - Strategy using disable_dataframe_checks: False
2026-03-10 17:06:47,295 - freqtrade.resolvers.strategy_resolver - INFO - Strategy using ignore_buying_expired_candle_after: 0
2026-03-10 17:06:47,295 - freqtrade.resolvers.strategy_resolver - INFO - Strategy using position_adjustment_enable: False
2026-03-10 17:06:47,295 - freqtrade.resolvers.strategy_resolver - INFO - Strategy using max_entry_position_adjustment: -1
2026-03-10 17:06:47,295 - freqtrade.resolvers.strategy_resolver - INFO - Strategy using max_open_trades: 2
2026-03-10 17:06:47,295 - freqtrade.configuration.config_validation - INFO - Validating configuration ...
2026-03-10 17:06:47,302 - freqtrade.resolvers.iresolver - INFO - Using resolved pairlist StaticPairList from '/Users/maryamsediqi/freqtrade/freqtrade/plugins/pairlist/StaticPairList.py'...
2026-03-10 17:06:47,305 - freqtrade.optimize.backtesting - INFO - Using fee 0.0500% - worst case fee from exchange (lowest tier).
2026-03-10 17:06:47,305 - freqtrade.data.dataprovider - INFO - Increasing startup_candle_count for freqai on 5m to 8880
2026-03-10 17:06:47,394 - freqtrade.optimize.backtesting - INFO - Loading data from 2024-12-01 04:00:00 up to 2025-06-01 00:00:00 (181 days).
2026-03-10 17:06:47,831 - freqtrade.optimize.backtesting - INFO - Dataload complete. Calculating indicators
2026-03-10 17:06:47,833 - freqtrade.optimize.backtesting - INFO - Running backtesting for Strategy AutoresearchFreqAIStrategy
2026-03-10 17:06:49,364 - freqtrade.resolvers.iresolver - INFO - Using resolved freqaimodel PyTorchMLPRegressor from 
'/Users/maryamsediqi/freqtrade/freqtrade/freqai/prediction_models/PyTorchMLPRegressor.py'...
2026-03-10 17:06:49,364 - freqtrade.freqai.data_drawer - INFO - Could not find existing datadrawer, starting from scratch
2026-03-10 17:06:49,364 - freqtrade.freqai.data_drawer - INFO - Could not find existing historic_predictions, starting from scratch
2026-03-10 17:06:49,364 - freqtrade.freqai.freqai_interface - INFO - Set fresh train queue from whitelist. Queue: ['BTC/USDT:USDT', 'ETH/USDT:USDT']
2026-03-10 17:06:49,383 - freqtrade.freqai.freqai_interface - INFO - Training 22 timeranges
2026-03-10 17:06:49,384 - freqtrade.freqai.freqai_interface - INFO - Training BTC/USDT:USDT, 1/2 pairs from 2024-12-02 00:00:00 to 2025-01-01 00:00:00, 1/22 trains
2026-03-10 17:06:49,385 - freqtrade.freqai.data_kitchen - INFO - Found backtesting prediction file at 
/Users/maryamsediqi/freqtrade/user_data/models/autoresearch-v1/backtesting_predictions/cb_btc_1735689600_prediction.feather
2026-03-10 17:06:49,392 - freqtrade.data.dataprovider - INFO - Increasing startup_candle_count for freqai on 15m to 3120
2026-03-10 17:06:49,393 - freqtrade.data.dataprovider - INFO - Loading data for BTC/USDT:USDT 15m from 2024-11-29 12:00:00 to 2025-06-01 00:00:00
2026-03-10 17:06:49,426 - freqtrade.data.dataprovider - INFO - Increasing startup_candle_count for freqai on 1h to 960
2026-03-10 17:06:49,426 - freqtrade.data.dataprovider - INFO - Loading data for BTC/USDT:USDT 1h from 2024-11-22 00:00:00 to 2025-06-01 00:00:00
2026-03-10 17:06:49,445 - freqtrade.data.dataprovider - INFO - Increasing startup_candle_count for freqai on 5m to 8880
2026-03-10 17:06:49,445 - freqtrade.data.dataprovider - INFO - Loading data for ETH/USDT:USDT 5m from 2024-12-01 04:00:00 to 2025-06-01 00:00:00
2026-03-10 17:06:49,537 - freqtrade.data.dataprovider - INFO - Increasing startup_candle_count for freqai on 15m to 3120
2026-03-10 17:06:49,537 - freqtrade.data.dataprovider - INFO - Loading data for ETH/USDT:USDT 15m from 2024-11-29 12:00:00 to 2025-06-01 00:00:00
2026-03-10 17:06:49,567 - freqtrade.data.dataprovider - INFO - Increasing startup_candle_count for freqai on 1h to 960
2026-03-10 17:06:49,567 - freqtrade.data.dataprovider - INFO - Loading data for ETH/USDT:USDT 1h from 2024-11-22 00:00:00 to 2025-06-01 00:00:00
2026-03-10 17:06:49,586 - freqtrade.freqai.freqai_interface - INFO - Training BTC/USDT:USDT, 1/2 pairs from 2024-12-09 00:00:00 to 2025-01-08 00:00:00, 2/22 trains
2026-03-10 17:06:49,587 - freqtrade.freqai.data_kitchen - INFO - Found backtesting prediction file at 
/Users/maryamsediqi/freqtrade/user_data/models/autoresearch-v1/backtesting_predictions/cb_btc_1736294400_prediction.feather
2026-03-10 17:06:49,588 - freqtrade.freqai.freqai_interface - INFO - Training BTC/USDT:USDT, 1/2 pairs from 2024-12-16 00:00:00 to 2025-01-15 00:00:00, 3/22 trains
2026-03-10 17:06:49,589 - freqtrade.freqai.data_kitchen - INFO - Found backtesting prediction file at 
/Users/maryamsediqi/freqtrade/user_data/models/autoresearch-v1/backtesting_predictions/cb_btc_1736899200_prediction.feather
2026-03-10 17:06:49,590 - freqtrade.freqai.freqai_interface - INFO - Training BTC/USDT:USDT, 1/2 pairs from 2024-12-23 00:00:00 to 2025-01-22 00:00:00, 4/22 trains
2026-03-10 17:06:49,590 - freqtrade.freqai.data_kitchen - INFO - Found backtesting prediction file at 
/Users/maryamsediqi/freqtrade/user_data/models/autoresearch-v1/backtesting_predictions/cb_btc_1737504000_prediction.feather
2026-03-10 17:06:49,591 - freqtrade.freqai.freqai_interface - INFO - Training BTC/USDT:USDT, 1/2 pairs from 2024-12-30 00:00:00 to 2025-01-29 00:00:00, 5/22 trains
2026-03-10 17:06:49,592 - freqtrade.freqai.data_kitchen - INFO - Found backtesting prediction file at 
/Users/maryamsediqi/freqtrade/user_data/models/autoresearch-v1/backtesting_predictions/cb_btc_1738108800_prediction.feather
2026-03-10 17:06:49,593 - freqtrade.freqai.freqai_interface - INFO - Training BTC/USDT:USDT, 1/2 pairs from 2025-01-06 00:00:00 to 2025-02-05 00:00:00, 6/22 trains
2026-03-10 17:06:49,594 - freqtrade.freqai.data_kitchen - INFO - Found backtesting prediction file at 
/Users/maryamsediqi/freqtrade/user_data/models/autoresearch-v1/backtesting_predictions/cb_btc_1738713600_prediction.feather
2026-03-10 17:06:49,595 - freqtrade.freqai.freqai_interface - INFO - Training BTC/USDT:USDT, 1/2 pairs from 2025-01-13 00:00:00 to 2025-02-12 00:00:00, 7/22 trains
2026-03-10 17:06:49,595 - freqtrade.freqai.data_kitchen - INFO - Found backtesting prediction file at 
/Users/maryamsediqi/freqtrade/user_data/models/autoresearch-v1/backtesting_predictions/cb_btc_1739318400_prediction.feather
2026-03-10 17:06:49,596 - freqtrade.freqai.freqai_interface - INFO - Training BTC/USDT:USDT, 1/2 pairs from 2025-01-20 00:00:00 to 2025-02-19 00:00:00, 8/22 trains
2026-03-10 17:06:49,597 - freqtrade.freqai.data_kitchen - INFO - Found backtesting prediction file at 
/Users/maryamsediqi/freqtrade/user_data/models/autoresearch-v1/backtesting_predictions/cb_btc_1739923200_prediction.feather
2026-03-10 17:06:49,598 - freqtrade.freqai.freqai_interface - INFO - Training BTC/USDT:USDT, 1/2 pairs from 2025-01-27 00:00:00 to 2025-02-26 00:00:00, 9/22 trains
2026-03-10 17:06:49,598 - freqtrade.freqai.data_kitchen - INFO - Found backtesting prediction file at 
/Users/maryamsediqi/freqtrade/user_data/models/autoresearch-v1/backtesting_predictions/cb_btc_1740528000_prediction.feather
2026-03-10 17:06:49,599 - freqtrade.freqai.freqai_interface - INFO - Training BTC/USDT:USDT, 1/2 pairs from 2025-02-03 00:00:00 to 2025-03-05 00:00:00, 10/22 trains
2026-03-10 17:06:49,600 - freqtrade.freqai.data_kitchen - INFO - Found backtesting prediction file at 
/Users/maryamsediqi/freqtrade/user_data/models/autoresearch-v1/backtesting_predictions/cb_btc_1741132800_prediction.feather
2026-03-10 17:06:49,601 - freqtrade.freqai.freqai_interface - INFO - Training BTC/USDT:USDT, 1/2 pairs from 2025-02-10 00:00:00 to 2025-03-12 00:00:00, 11/22 trains
2026-03-10 17:06:49,601 - freqtrade.freqai.data_kitchen - INFO - Found backtesting prediction file at 
/Users/maryamsediqi/freqtrade/user_data/models/autoresearch-v1/backtesting_predictions/cb_btc_1741737600_prediction.feather
2026-03-10 17:06:49,602 - freqtrade.freqai.freqai_interface - INFO - Training BTC/USDT:USDT, 1/2 pairs from 2025-02-17 00:00:00 to 2025-03-19 00:00:00, 12/22 trains
2026-03-10 17:06:49,603 - freqtrade.freqai.data_kitchen - INFO - Found backtesting prediction file at 
/Users/maryamsediqi/freqtrade/user_data/models/autoresearch-v1/backtesting_predictions/cb_btc_1742342400_prediction.feather
2026-03-10 17:06:49,604 - freqtrade.freqai.freqai_interface - INFO - Training BTC/USDT:USDT, 1/2 pairs from 2025-02-24 00:00:00 to 2025-03-26 00:00:00, 13/22 trains
2026-03-10 17:06:49,604 - freqtrade.freqai.data_kitchen - INFO - Found backtesting prediction file at 
/Users/maryamsediqi/freqtrade/user_data/models/autoresearch-v1/backtesting_predictions/cb_btc_1742947200_prediction.feather
2026-03-10 17:06:49,605 - freqtrade.freqai.freqai_interface - INFO - Training BTC/USDT:USDT, 1/2 pairs from 2025-03-03 00:00:00 to 2025-04-02 00:00:00, 14/22 trains
2026-03-10 17:06:49,606 - freqtrade.freqai.data_kitchen - INFO - Found backtesting prediction file at 
/Users/maryamsediqi/freqtrade/user_data/models/autoresearch-v1/backtesting_predictions/cb_btc_1743552000_prediction.feather
2026-03-10 17:06:49,607 - freqtrade.freqai.freqai_interface - INFO - Training BTC/USDT:USDT, 1/2 pairs from 2025-03-10 00:00:00 to 2025-04-09 00:00:00, 15/22 trains
2026-03-10 17:06:49,608 - freqtrade.freqai.data_kitchen - INFO - Found backtesting prediction file at 
/Users/maryamsediqi/freqtrade/user_data/models/autoresearch-v1/backtesting_predictions/cb_btc_1744156800_prediction.feather
2026-03-10 17:06:49,608 - freqtrade.freqai.freqai_interface - INFO - Training BTC/USDT:USDT, 1/2 pairs from 2025-03-17 00:00:00 to 2025-04-16 00:00:00, 16/22 trains
2026-03-10 17:06:49,609 - freqtrade.freqai.data_kitchen - INFO - Found backtesting prediction file at 
/Users/maryamsediqi/freqtrade/user_data/models/autoresearch-v1/backtesting_predictions/cb_btc_1744761600_prediction.feather
2026-03-10 17:06:49,610 - freqtrade.freqai.freqai_interface - INFO - Training BTC/USDT:USDT, 1/2 pairs from 2025-03-24 00:00:00 to 2025-04-23 00:00:00, 17/22 trains
2026-03-10 17:06:49,611 - freqtrade.freqai.data_kitchen - INFO - Found backtesting prediction file at 
/Users/maryamsediqi/freqtrade/user_data/models/autoresearch-v1/backtesting_predictions/cb_btc_1745366400_prediction.feather
2026-03-10 17:06:49,612 - freqtrade.freqai.freqai_interface - INFO - Training BTC/USDT:USDT, 1/2 pairs from 2025-03-31 00:00:00 to 2025-04-30 00:00:00, 18/22 trains
2026-03-10 17:06:49,612 - freqtrade.freqai.data_kitchen - INFO - Found backtesting prediction file at 
/Users/maryamsediqi/freqtrade/user_data/models/autoresearch-v1/backtesting_predictions/cb_btc_1745971200_prediction.feather
2026-03-10 17:06:49,613 - freqtrade.freqai.freqai_interface - INFO - Training BTC/USDT:USDT, 1/2 pairs from 2025-04-07 00:00:00 to 2025-05-07 00:00:00, 19/22 trains
2026-03-10 17:06:49,614 - freqtrade.freqai.data_kitchen - INFO - Found backtesting prediction file at 
/Users/maryamsediqi/freqtrade/user_data/models/autoresearch-v1/backtesting_predictions/cb_btc_1746576000_prediction.feather
2026-03-10 17:06:49,615 - freqtrade.freqai.freqai_interface - INFO - Training BTC/USDT:USDT, 1/2 pairs from 2025-04-14 00:00:00 to 2025-05-14 00:00:00, 20/22 trains
2026-03-10 17:06:49,615 - freqtrade.freqai.data_kitchen - INFO - Found backtesting prediction file at 
/Users/maryamsediqi/freqtrade/user_data/models/autoresearch-v1/backtesting_predictions/cb_btc_1747180800_prediction.feather
2026-03-10 17:06:49,616 - freqtrade.freqai.freqai_interface - INFO - Training BTC/USDT:USDT, 1/2 pairs from 2025-04-21 00:00:00 to 2025-05-21 00:00:00, 21/22 trains
2026-03-10 17:06:49,617 - freqtrade.freqai.data_kitchen - INFO - Found backtesting prediction file at 
/Users/maryamsediqi/freqtrade/user_data/models/autoresearch-v1/backtesting_predictions/cb_btc_1747785600_prediction.feather
2026-03-10 17:06:49,618 - freqtrade.freqai.freqai_interface - INFO - Training BTC/USDT:USDT, 1/2 pairs from 2025-04-28 00:00:00 to 2025-05-28 00:00:00, 22/22 trains
2026-03-10 17:06:49,618 - freqtrade.freqai.data_kitchen - INFO - Found backtesting prediction file at 
/Users/maryamsediqi/freqtrade/user_data/models/autoresearch-v1/backtesting_predictions/cb_btc_1748390400_prediction.feather
2026-03-10 17:06:49,632 - freqtrade.freqai.freqai_interface - INFO - Training 22 timeranges
2026-03-10 17:06:49,633 - freqtrade.freqai.freqai_interface - INFO - Training ETH/USDT:USDT, 2/2 pairs from 2024-12-02 00:00:00 to 2025-01-01 00:00:00, 1/22 trains
2026-03-10 17:06:49,634 - freqtrade.freqai.data_kitchen - INFO - Found backtesting prediction file at 
/Users/maryamsediqi/freqtrade/user_data/models/autoresearch-v1/backtesting_predictions/cb_eth_1735689600_prediction.feather
2026-03-10 17:06:49,665 - freqtrade.data.dataprovider - INFO - Increasing startup_candle_count for freqai on 5m to 8880
2026-03-10 17:06:49,666 - freqtrade.data.dataprovider - INFO - Loading data for BTC/USDT:USDT 5m from 2024-12-01 04:00:00 to 2025-06-01 00:00:00
2026-03-10 17:06:49,755 - freqtrade.freqai.freqai_interface - INFO - Training ETH/USDT:USDT, 2/2 pairs from 2024-12-09 00:00:00 to 2025-01-08 00:00:00, 2/22 trains
2026-03-10 17:06:49,756 - freqtrade.freqai.data_kitchen - INFO - Found backtesting prediction file at 
/Users/maryamsediqi/freqtrade/user_data/models/autoresearch-v1/backtesting_predictions/cb_eth_1736294400_prediction.feather
2026-03-10 17:06:49,757 - freqtrade.freqai.freqai_interface - INFO - Training ETH/USDT:USDT, 2/2 pairs from 2024-12-16 00:00:00 to 2025-01-15 00:00:00, 3/22 trains
2026-03-10 17:06:49,757 - freqtrade.freqai.data_kitchen - INFO - Found backtesting prediction file at 
/Users/maryamsediqi/freqtrade/user_data/models/autoresearch-v1/backtesting_predictions/cb_eth_1736899200_prediction.feather
2026-03-10 17:06:49,758 - freqtrade.freqai.freqai_interface - INFO - Training ETH/USDT:USDT, 2/2 pairs from 2024-12-23 00:00:00 to 2025-01-22 00:00:00, 4/22 trains
2026-03-10 17:06:49,759 - freqtrade.freqai.data_kitchen - INFO - Found backtesting prediction file at 
/Users/maryamsediqi/freqtrade/user_data/models/autoresearch-v1/backtesting_predictions/cb_eth_1737504000_prediction.feather
2026-03-10 17:06:49,760 - freqtrade.freqai.freqai_interface - INFO - Training ETH/USDT:USDT, 2/2 pairs from 2024-12-30 00:00:00 to 2025-01-29 00:00:00, 5/22 trains
2026-03-10 17:06:49,761 - freqtrade.freqai.data_kitchen - INFO - Found backtesting prediction file at 
/Users/maryamsediqi/freqtrade/user_data/models/autoresearch-v1/backtesting_predictions/cb_eth_1738108800_prediction.feather
2026-03-10 17:06:49,761 - freqtrade.freqai.freqai_interface - INFO - Training ETH/USDT:USDT, 2/2 pairs from 2025-01-06 00:00:00 to 2025-02-05 00:00:00, 6/22 trains
2026-03-10 17:06:49,762 - freqtrade.freqai.data_kitchen - INFO - Found backtesting prediction file at 
/Users/maryamsediqi/freqtrade/user_data/models/autoresearch-v1/backtesting_predictions/cb_eth_1738713600_prediction.feather
2026-03-10 17:06:49,763 - freqtrade.freqai.freqai_interface - INFO - Training ETH/USDT:USDT, 2/2 pairs from 2025-01-13 00:00:00 to 2025-02-12 00:00:00, 7/22 trains
2026-03-10 17:06:49,764 - freqtrade.freqai.data_kitchen - INFO - Found backtesting prediction file at 
/Users/maryamsediqi/freqtrade/user_data/models/autoresearch-v1/backtesting_predictions/cb_eth_1739318400_prediction.feather
2026-03-10 17:06:49,765 - freqtrade.freqai.freqai_interface - INFO - Training ETH/USDT:USDT, 2/2 pairs from 2025-01-20 00:00:00 to 2025-02-19 00:00:00, 8/22 trains
2026-03-10 17:06:49,765 - freqtrade.freqai.data_kitchen - INFO - Found backtesting prediction file at 
/Users/maryamsediqi/freqtrade/user_data/models/autoresearch-v1/backtesting_predictions/cb_eth_1739923200_prediction.feather
2026-03-10 17:06:49,766 - freqtrade.freqai.freqai_interface - INFO - Training ETH/USDT:USDT, 2/2 pairs from 2025-01-27 00:00:00 to 2025-02-26 00:00:00, 9/22 trains
2026-03-10 17:06:49,767 - freqtrade.freqai.data_kitchen - INFO - Found backtesting prediction file at 
/Users/maryamsediqi/freqtrade/user_data/models/autoresearch-v1/backtesting_predictions/cb_eth_1740528000_prediction.feather
2026-03-10 17:06:49,768 - freqtrade.freqai.freqai_interface - INFO - Training ETH/USDT:USDT, 2/2 pairs from 2025-02-03 00:00:00 to 2025-03-05 00:00:00, 10/22 trains
2026-03-10 17:06:49,769 - freqtrade.freqai.data_kitchen - INFO - Found backtesting prediction file at 
/Users/maryamsediqi/freqtrade/user_data/models/autoresearch-v1/backtesting_predictions/cb_eth_1741132800_prediction.feather
2026-03-10 17:06:49,769 - freqtrade.freqai.freqai_interface - INFO - Training ETH/USDT:USDT, 2/2 pairs from 2025-02-10 00:00:00 to 2025-03-12 00:00:00, 11/22 trains
2026-03-10 17:06:49,770 - freqtrade.freqai.data_kitchen - INFO - Found backtesting prediction file at 
/Users/maryamsediqi/freqtrade/user_data/models/autoresearch-v1/backtesting_predictions/cb_eth_1741737600_prediction.feather
2026-03-10 17:06:49,771 - freqtrade.freqai.freqai_interface - INFO - Training ETH/USDT:USDT, 2/2 pairs from 2025-02-17 00:00:00 to 2025-03-19 00:00:00, 12/22 trains
2026-03-10 17:06:49,771 - freqtrade.freqai.data_kitchen - INFO - Found backtesting prediction file at 
/Users/maryamsediqi/freqtrade/user_data/models/autoresearch-v1/backtesting_predictions/cb_eth_1742342400_prediction.feather
2026-03-10 17:06:49,773 - freqtrade.freqai.freqai_interface - INFO - Training ETH/USDT:USDT, 2/2 pairs from 2025-02-24 00:00:00 to 2025-03-26 00:00:00, 13/22 trains
2026-03-10 17:06:49,773 - freqtrade.freqai.data_kitchen - INFO - Found backtesting prediction file at 
/Users/maryamsediqi/freqtrade/user_data/models/autoresearch-v1/backtesting_predictions/cb_eth_1742947200_prediction.feather
2026-03-10 17:06:49,774 - freqtrade.freqai.freqai_interface - INFO - Training ETH/USDT:USDT, 2/2 pairs from 2025-03-03 00:00:00 to 2025-04-02 00:00:00, 14/22 trains
2026-03-10 17:06:49,774 - freqtrade.freqai.data_kitchen - INFO - Found backtesting prediction file at 
/Users/maryamsediqi/freqtrade/user_data/models/autoresearch-v1/backtesting_predictions/cb_eth_1743552000_prediction.feather
2026-03-10 17:06:49,775 - freqtrade.freqai.freqai_interface - INFO - Training ETH/USDT:USDT, 2/2 pairs from 2025-03-10 00:00:00 to 2025-04-09 00:00:00, 15/22 trains
2026-03-10 17:06:49,776 - freqtrade.freqai.data_kitchen - INFO - Found backtesting prediction file at 
/Users/maryamsediqi/freqtrade/user_data/models/autoresearch-v1/backtesting_predictions/cb_eth_1744156800_prediction.feather
2026-03-10 17:06:49,777 - freqtrade.freqai.freqai_interface - INFO - Training ETH/USDT:USDT, 2/2 pairs from 2025-03-17 00:00:00 to 2025-04-16 00:00:00, 16/22 trains
2026-03-10 17:06:49,777 - freqtrade.freqai.data_kitchen - INFO - Found backtesting prediction file at 
/Users/maryamsediqi/freqtrade/user_data/models/autoresearch-v1/backtesting_predictions/cb_eth_1744761600_prediction.feather
2026-03-10 17:06:49,778 - freqtrade.freqai.freqai_interface - INFO - Training ETH/USDT:USDT, 2/2 pairs from 2025-03-24 00:00:00 to 2025-04-23 00:00:00, 17/22 trains
2026-03-10 17:06:49,779 - freqtrade.freqai.data_kitchen - INFO - Found backtesting prediction file at 
/Users/maryamsediqi/freqtrade/user_data/models/autoresearch-v1/backtesting_predictions/cb_eth_1745366400_prediction.feather
2026-03-10 17:06:49,780 - freqtrade.freqai.freqai_interface - INFO - Training ETH/USDT:USDT, 2/2 pairs from 2025-03-31 00:00:00 to 2025-04-30 00:00:00, 18/22 trains
2026-03-10 17:06:49,781 - freqtrade.freqai.data_kitchen - INFO - Found backtesting prediction file at 
/Users/maryamsediqi/freqtrade/user_data/models/autoresearch-v1/backtesting_predictions/cb_eth_1745971200_prediction.feather
2026-03-10 17:06:49,782 - freqtrade.freqai.freqai_interface - INFO - Training ETH/USDT:USDT, 2/2 pairs from 2025-04-07 00:00:00 to 2025-05-07 00:00:00, 19/22 trains
2026-03-10 17:06:49,782 - freqtrade.freqai.data_kitchen - INFO - Found backtesting prediction file at 
/Users/maryamsediqi/freqtrade/user_data/models/autoresearch-v1/backtesting_predictions/cb_eth_1746576000_prediction.feather
2026-03-10 17:06:49,783 - freqtrade.freqai.freqai_interface - INFO - Training ETH/USDT:USDT, 2/2 pairs from 2025-04-14 00:00:00 to 2025-05-14 00:00:00, 20/22 trains
2026-03-10 17:06:49,784 - freqtrade.freqai.data_kitchen - INFO - Found backtesting prediction file at 
/Users/maryamsediqi/freqtrade/user_data/models/autoresearch-v1/backtesting_predictions/cb_eth_1747180800_prediction.feather
2026-03-10 17:06:49,785 - freqtrade.freqai.freqai_interface - INFO - Training ETH/USDT:USDT, 2/2 pairs from 2025-04-21 00:00:00 to 2025-05-21 00:00:00, 21/22 trains
2026-03-10 17:06:49,785 - freqtrade.freqai.data_kitchen - INFO - Found backtesting prediction file at 
/Users/maryamsediqi/freqtrade/user_data/models/autoresearch-v1/backtesting_predictions/cb_eth_1747785600_prediction.feather
2026-03-10 17:06:49,786 - freqtrade.freqai.freqai_interface - INFO - Training ETH/USDT:USDT, 2/2 pairs from 2025-04-28 00:00:00 to 2025-05-28 00:00:00, 22/22 trains
2026-03-10 17:06:49,787 - freqtrade.freqai.data_kitchen - INFO - Found backtesting prediction file at 
/Users/maryamsediqi/freqtrade/user_data/models/autoresearch-v1/backtesting_predictions/cb_eth_1748390400_prediction.feather
2026-03-10 17:06:49,804 - freqtrade.optimize.backtesting - INFO - Backtesting with data from 2025-01-01 00:00:00 up to 2025-06-01 00:00:00 (151 days).
2026-03-10 17:06:52,629 - freqtrade.misc - INFO - dumping json to "/Users/maryamsediqi/freqtrade/user_data/backtest_results/backtest-result-2026-03-10_17-06-52.meta.json"
Result for strategy AutoresearchFreqAIStrategy
                                                BACKTESTING REPORT                                                
┏━━━━━━━━━━━━━━━┳━━━━━━━━┳━━━━━━━━━━━━━━┳━━━━━━━━━━━━━━━━━┳━━━━━━━━━━━━━━┳━━━━━━━━━━━━━━┳━━━━━━━━━━━━━━━━━━━━━━━━┓
┃          Pair ┃ Trades ┃ Avg Profit % ┃ Tot Profit USDT ┃ Tot Profit % ┃ Avg Duration ┃  Win  Draw  Loss  Win% ┃
┡━━━━━━━━━━━━━━━╇━━━━━━━━╇━━━━━━━━━━━━━━╇━━━━━━━━━━━━━━━━━╇━━━━━━━━━━━━━━╇━━━━━━━━━━━━━━╇━━━━━━━━━━━━━━━━━━━━━━━━┩
│ BTC/USDT:USDT │      0 │          0.0 │           0.000 │          0.0 │         0:00 │    0     0     0     0 │
│ ETH/USDT:USDT │   1379 │        -0.14 │        -145.797 │       -14.58 │      1:18:00 │  747    51   581  54.2 │
│         TOTAL │   1379 │        -0.14 │        -145.797 │       -14.58 │      1:18:00 │  747    51   581  54.2 │
└───────────────┴────────┴──────────────┴─────────────────┴──────────────┴──────────────┴────────────────────────┘
                                             LEFT OPEN TRADES REPORT                                              
┏━━━━━━━━━━━━━━━┳━━━━━━━━┳━━━━━━━━━━━━━━┳━━━━━━━━━━━━━━━━━┳━━━━━━━━━━━━━━┳━━━━━━━━━━━━━━┳━━━━━━━━━━━━━━━━━━━━━━━━┓
┃          Pair ┃ Trades ┃ Avg Profit % ┃ Tot Profit USDT ┃ Tot Profit % ┃ Avg Duration ┃  Win  Draw  Loss  Win% ┃
┡━━━━━━━━━━━━━━━╇━━━━━━━━╇━━━━━━━━━━━━━━╇━━━━━━━━━━━━━━━━━╇━━━━━━━━━━━━━━╇━━━━━━━━━━━━━━╇━━━━━━━━━━━━━━━━━━━━━━━━┩
│ ETH/USDT:USDT │      1 │        -0.11 │          -0.083 │        -0.01 │      0:05:00 │    0     0     1     0 │
│         TOTAL │      1 │        -0.11 │          -0.083 │        -0.01 │      0:05:00 │    0     0     1     0 │
└───────────────┴────────┴──────────────┴─────────────────┴──────────────┴──────────────┴────────────────────────┘
                                                ENTER TAG STATS                                                
┏━━━━━━━━━━━┳━━━━━━━━━┳━━━━━━━━━━━━━━┳━━━━━━━━━━━━━━━━━┳━━━━━━━━━━━━━━┳━━━━━━━━━━━━━━┳━━━━━━━━━━━━━━━━━━━━━━━━┓
┃ Enter Tag ┃ Entries ┃ Avg Profit % ┃ Tot Profit USDT ┃ Tot Profit % ┃ Avg Duration ┃  Win  Draw  Loss  Win% ┃
┡━━━━━━━━━━━╇━━━━━━━━━╇━━━━━━━━━━━━━━╇━━━━━━━━━━━━━━━━━╇━━━━━━━━━━━━━━╇━━━━━━━━━━━━━━╇━━━━━━━━━━━━━━━━━━━━━━━━┩
│  ml_short │     709 │         -0.1 │         -54.090 │        -5.41 │      1:20:00 │  390    28   291  55.0 │
│   ml_long │     670 │        -0.18 │         -91.707 │        -9.17 │      1:16:00 │  357    23   290  53.3 │
│     TOTAL │    1379 │        -0.14 │        -145.797 │       -14.58 │      1:18:00 │  747    51   581  54.2 │
└───────────┴─────────┴──────────────┴─────────────────┴──────────────┴──────────────┴────────────────────────┘
                                                EXIT REASON STATS                                                
┏━━━━━━━━━━━━━━━┳━━━━━━━┳━━━━━━━━━━━━━━┳━━━━━━━━━━━━━━━━━┳━━━━━━━━━━━━━━┳━━━━━━━━━━━━━━┳━━━━━━━━━━━━━━━━━━━━━━━━┓
┃   Exit Reason ┃ Exits ┃ Avg Profit % ┃ Tot Profit USDT ┃ Tot Profit % ┃ Avg Duration ┃  Win  Draw  Loss  Win% ┃
┡━━━━━━━━━━━━━━━╇━━━━━━━╇━━━━━━━━━━━━━━╇━━━━━━━━━━━━━━━━━╇━━━━━━━━━━━━━━╇━━━━━━━━━━━━━━╇━━━━━━━━━━━━━━━━━━━━━━━━┩
│           roi │   225 │         0.87 │         144.056 │        14.41 │      2:03:00 │  174    51     0   100 │
│ ml_exit_short │   883 │          0.1 │          65.836 │         6.58 │      1:04:00 │  550     0   333  62.3 │
│       ml_exit │    36 │         0.27 │           7.112 │         0.71 │      0:58:00 │   23     0    13  63.9 │
│    force_exit │     1 │        -0.11 │          -0.083 │        -0.01 │      0:05:00 │    0     0     1     0 │
│     stop_loss │   234 │         -2.1 │        -362.717 │       -36.27 │      1:31:00 │    0     0   234     0 │
│         TOTAL │  1379 │        -0.14 │        -145.797 │       -14.58 │      1:18:00 │  747    51   581  54.2 │
└───────────────┴───────┴──────────────┴─────────────────┴──────────────┴──────────────┴────────────────────────┘
                                                       MIXED TAG STATS                                                        
┏━━━━━━━━━━━┳━━━━━━━━━━━━━━━┳━━━━━━━━┳━━━━━━━━━━━━━━┳━━━━━━━━━━━━━━━━━┳━━━━━━━━━━━━━━┳━━━━━━━━━━━━━━┳━━━━━━━━━━━━━━━━━━━━━━━━┓
┃ Enter Tag ┃   Exit Reason ┃ Trades ┃ Avg Profit % ┃ Tot Profit USDT ┃ Tot Profit % ┃ Avg Duration ┃  Win  Draw  Loss  Win% ┃
┡━━━━━━━━━━━╇━━━━━━━━━━━━━━━╇━━━━━━━━╇━━━━━━━━━━━━━━╇━━━━━━━━━━━━━━━━━╇━━━━━━━━━━━━━━╇━━━━━━━━━━━━━━╇━━━━━━━━━━━━━━━━━━━━━━━━┩
│   ml_long │           roi │    125 │         0.96 │          88.914 │         8.89 │      1:52:00 │  102    23     0   100 │
│  ml_short │           roi │    100 │         0.75 │          55.142 │         5.51 │      2:16:00 │   72    28     0   100 │
│   ml_long │ ml_exit_short │    362 │         0.15 │          38.927 │         3.89 │      1:04:00 │  232     0   130  64.1 │
│  ml_short │ ml_exit_short │    521 │         0.07 │          26.909 │         2.69 │      1:04:00 │  318     0   203  61.0 │
│   ml_long │       ml_exit │     36 │         0.27 │           7.112 │         0.71 │      0:58:00 │   23     0    13  63.9 │
│   ml_long │    force_exit │      1 │        -0.11 │          -0.083 │        -0.01 │      0:05:00 │    0     0     1     0 │
│  ml_short │     stop_loss │     88 │         -2.1 │        -136.141 │       -13.61 │      1:48:00 │    0     0    88     0 │
│   ml_long │     stop_loss │    146 │         -2.1 │        -226.577 │       -22.66 │      1:20:00 │    0     0   146     0 │
│     TOTAL │               │   1379 │        -0.14 │        -145.797 │       -14.58 │      1:18:00 │  747    51   581  54.2 │
└───────────┴───────────────┴────────┴──────────────┴─────────────────┴──────────────┴──────────────┴────────────────────────┘
                         SUMMARY METRICS                          
┏━━━━━━━━━━━━━━━━━━━━━━━━━━━━━━━┳━━━━━━━━━━━━━━━━━━━━━━━━━━━━━━━━┓
┃ Metric                        ┃ Value                          ┃
┡━━━━━━━━━━━━━━━━━━━━━━━━━━━━━━━╇━━━━━━━━━━━━━━━━━━━━━━━━━━━━━━━━┩
│ Backtesting from              │ 2025-01-01 00:00:00            │
│ Backtesting to                │ 2025-06-01 00:00:00            │
│ Trading Mode                  │ Isolated Futures               │
│ Max open trades               │ 2                              │
│                               │                                │
│ Total/Daily Avg Trades        │ 1379 / 9.13                    │
│ Starting balance              │ 1000 USDT                      │
│ Final balance                 │ 854.203 USDT                   │
│ Absolute profit               │ -145.797 USDT                  │
│ Total profit %                │ -14.58%                        │
│ CAGR %                        │ -31.68%                        │
│ Sortino                       │ -27.62                         │
│ Sharpe                        │ -23.93                         │
│ Calmar                        │ -12.52                         │
│ SQN                           │ -5.09                          │
│ Profit factor                 │ 0.67                           │
│ Expectancy (Ratio)            │ -0.11 (-0.17)                  │
│ Avg. daily profit             │ -0.966 USDT                    │
│ Avg. stake amount             │ 73.802 USDT                    │
│ Total trade volume            │ 203607.866 USDT                │
│                               │                                │
│ Long / Short trades           │ 670 / 709                      │
│ Long / Short profit %         │ -9.17% / -5.41%                │
│ Long / Short profit USDT      │ -91.707 / -54.090              │
│                               │                                │
│ Best Pair                     │ BTC/USDT:USDT 0.00%            │
│ Worst Pair                    │ ETH/USDT:USDT -14.58%          │
│ Best trade                    │ ETH/USDT:USDT 2.00%            │
│ Worst trade                   │ ETH/USDT:USDT -2.11%           │
│ Best day                      │ 3.99 USDT                      │
│ Worst day                     │ -13.234 USDT                   │
│ Days win/draw/lose            │ 58 / 0 / 93                    │
│ Min/Max/Avg. Duration Winners │ 0d 00:00 / 0d 03:00 / 0d 00:55 │
│ Min/Max/Avg. Duration Losers  │ 0d 00:00 / 0d 10:25 / 0d 01:34 │
│ Max Consecutive Wins / Loss   │ 10 / 9                         │
│ Rejected Entry signals        │ 0                              │
│ Entry/Exit Timeouts           │ 0 / 0                          │
│                               │                                │
│ Min balance                   │ 853.161 USDT                   │
│ Max balance                   │ 1000.554 USDT                  │
│ Max % of account underwater   │ 14.73%                         │
│ Absolute drawdown             │ 147.394 USDT (14.73%)          │
│ Drawdown duration             │ 146 days 19:45:00              │
│ Profit at drawdown start      │ 0.554 USDT                     │
│ Profit at drawdown end        │ -146.839 USDT                  │
│ Drawdown start                │ 2025-01-03 05:05:00            │
│ Drawdown end                  │ 2025-05-30 00:50:00            │
│ Market change                 │ -6.43%                         │
└───────────────────────────────┴────────────────────────────────┘

Backtested 2025-01-01 00:00:00 -> 2025-06-01 00:00:00 | Max open trades : 2
                                                                   STRATEGY SUMMARY                                                                   
┏━━━━━━━━━━━━━━━━━━━━━━━━━━━━┳━━━━━━━━┳━━━━━━━━━━━━━━┳━━━━━━━━━━━━━━━━━┳━━━━━━━━━━━━━━┳━━━━━━━━━━━━━━┳━━━━━━━━━━━━━━━━━━━━━━━━┳━━━━━━━━━━━━━━━━━━━━━━┓
┃                   Strategy ┃ Trades ┃ Avg Profit % ┃ Tot Profit USDT ┃ Tot Profit % ┃ Avg Duration ┃  Win  Draw  Loss  Win% ┃             Drawdown ┃
┡━━━━━━━━━━━━━━━━━━━━━━━━━━━━╇━━━━━━━━╇━━━━━━━━━━━━━━╇━━━━━━━━━━━━━━━━━╇━━━━━━━━━━━━━━╇━━━━━━━━━━━━━━╇━━━━━━━━━━━━━━━━━━━━━━━━╇━━━━━━━━━━━━━━━━━━━━━━┩
│ AutoresearchFreqAIStrategy │   1379 │        -0.14 │        -145.797 │       -14.58 │      1:18:00 │  747    51   581  54.2 │ 147.394 USDT  14.73% │
└────────────────────────────┴────────┴──────────────┴─────────────────┴──────────────┴──────────────┴────────────────────────┴──────────────────────┘

