$ /Users/maryamsediqi/freqtrade/.venv/bin/freqtrade backtesting --config user_data/config_freqai_autoresearch.json --strategy AutoresearchFreqAIStrategy --timerange 20250101-20250401 --export trades --backtest-filename /Users/maryamsediqi/autoresearch/freqtrade/runs/backtest_AutoresearchFreqAIStrategy_20260310T210257Z.json --strategy-path /Users/maryamsediqi/autoresearch/freqtrade/strategies --freqaimodel AutoresearchLSTMRegressor --freqaimodel-path /Users/maryamsediqi/autoresearch/freqtrade/freqaimodels

2026-03-10 22:02:57,975 - freqtrade - INFO - freqtrade 2026.2
2026-03-10 22:02:58,115 - numexpr.utils - INFO - NumExpr defaulting to 8 threads.
2026-03-10 22:02:58,659 - freqtrade.configuration.load_config - INFO - Using config: user_data/config_freqai_autoresearch.json ...
2026-03-10 22:02:58,660 - freqtrade.loggers - INFO - Enabling colorized output.
2026-03-10 22:02:58,661 - freqtrade.loggers - INFO - Logfile configured
2026-03-10 22:02:58,661 - freqtrade.loggers - INFO - Verbosity set to 0
2026-03-10 22:02:58,661 - freqtrade.configuration.configuration - INFO - Using additional Strategy lookup path: /Users/maryamsediqi/autoresearch/freqtrade/strategies
2026-03-10 22:02:58,661 - freqtrade.configuration.configuration - INFO - Using max_open_trades: 2 ...
2026-03-10 22:02:58,661 - freqtrade.configuration.configuration - INFO - Parameter --timerange detected: 20250101-20250401 ...
2026-03-10 22:02:58,661 - freqtrade.configuration.configuration - INFO - Using user-data directory: /Users/maryamsediqi/freqtrade/user_data ...
2026-03-10 22:02:58,662 - freqtrade.configuration.configuration - INFO - Using data directory: /Users/maryamsediqi/freqtrade/user_data/data/binance ...
2026-03-10 22:02:58,662 - freqtrade.configuration.configuration - INFO - Storing backtest results to 
/Users/maryamsediqi/autoresearch/freqtrade/runs/backtest_AutoresearchFreqAIStrategy_20260310T210257Z.json ...
2026-03-10 22:02:58,662 - freqtrade.configuration.configuration - WARNING - DEPRECATED: Using `--export-filename` has no impact when backtesting. Please use `--notes` to annotate backtest results and 
`--backtest-directory` to specify the output directory. 
2026-03-10 22:02:58,662 - freqtrade.configuration.configuration - INFO - Parameter --export detected: trades ...
2026-03-10 22:02:58,662 - freqtrade.configuration.configuration - INFO - Parameter --cache=day detected ...
2026-03-10 22:02:58,662 - freqtrade.configuration.configuration - INFO - Filter trades by timerange: 20250101-20250401
2026-03-10 22:02:58,662 - freqtrade.configuration.configuration - INFO - Using freqaimodel class name: AutoresearchLSTMRegressor
2026-03-10 22:02:58,663 - freqtrade.configuration.configuration - INFO - Using freqaimodel path: /Users/maryamsediqi/autoresearch/freqtrade/freqaimodels
2026-03-10 22:02:58,663 - freqtrade.exchange.check_exchange - INFO - Checking exchange...
2026-03-10 22:02:58,667 - freqtrade.exchange.check_exchange - INFO - Exchange "binance" is officially supported by the Freqtrade development team.
2026-03-10 22:02:58,667 - freqtrade.configuration.configuration - INFO - Using pairlist from configuration.
2026-03-10 22:02:58,667 - freqtrade.configuration.config_validation - INFO - Validating configuration ...
2026-03-10 22:02:58,668 - freqtrade.commands.optimize_commands - INFO - Starting freqtrade in Backtesting mode
2026-03-10 22:02:58,668 - freqtrade.exchange.exchange - INFO - Instance is running with dry_run enabled
2026-03-10 22:02:58,668 - freqtrade.exchange.exchange - INFO - Using CCXT 4.5.39
2026-03-10 22:02:58,669 - freqtrade.exchange.exchange - INFO - Applying additional ccxt config: {'options': {'defaultType': 'swap'}}
2026-03-10 22:02:58,672 - freqtrade.exchange.exchange - INFO - Applying additional ccxt config: {'options': {'defaultType': 'swap'}}
2026-03-10 22:02:58,676 - freqtrade.exchange.exchange - INFO - Using Exchange "Binance"
2026-03-10 22:02:59,872 - freqtrade.resolvers.exchange_resolver - INFO - Using resolved exchange 'Binance'...
2026-03-10 22:02:59,879 - freqtrade.resolvers.iresolver - INFO - Using resolved strategy AutoresearchFreqAIStrategy from 
'/Users/maryamsediqi/autoresearch/freqtrade/strategies/AutoresearchFreqAIStrategy.py'...
2026-03-10 22:02:59,880 - freqtrade.strategy.hyper - INFO - Found no parameter file.
2026-03-10 22:02:59,880 - freqtrade.resolvers.strategy_resolver - INFO - Override strategy 'timeframe' with value from the configuration: 5m.
2026-03-10 22:02:59,880 - freqtrade.resolvers.strategy_resolver - INFO - Override strategy 'stake_currency' with value from the configuration: USDT.
2026-03-10 22:02:59,880 - freqtrade.resolvers.strategy_resolver - INFO - Override strategy 'stake_amount' with value from the configuration: 75.
2026-03-10 22:02:59,880 - freqtrade.resolvers.strategy_resolver - INFO - Override strategy 'max_open_trades' with value from the configuration: 2.
2026-03-10 22:02:59,880 - freqtrade.resolvers.strategy_resolver - INFO - Strategy using minimal_roi: {'0': 0.02, '60': 0.01, '180': 0.0}
2026-03-10 22:02:59,881 - freqtrade.resolvers.strategy_resolver - INFO - Strategy using timeframe: 5m
2026-03-10 22:02:59,881 - freqtrade.resolvers.strategy_resolver - INFO - Strategy using stoploss: -0.02
2026-03-10 22:02:59,881 - freqtrade.resolvers.strategy_resolver - INFO - Strategy using trailing_stop: False
2026-03-10 22:02:59,881 - freqtrade.resolvers.strategy_resolver - INFO - Strategy using trailing_stop_positive_offset: 0.0
2026-03-10 22:02:59,881 - freqtrade.resolvers.strategy_resolver - INFO - Strategy using trailing_only_offset_is_reached: False
2026-03-10 22:02:59,881 - freqtrade.resolvers.strategy_resolver - INFO - Strategy using use_custom_stoploss: False
2026-03-10 22:02:59,881 - freqtrade.resolvers.strategy_resolver - INFO - Strategy using process_only_new_candles: True
2026-03-10 22:02:59,881 - freqtrade.resolvers.strategy_resolver - INFO - Strategy using order_types: {'entry': 'limit', 'exit': 'limit', 'stoploss': 'limit', 'stoploss_on_exchange': False, 
'stoploss_on_exchange_interval': 60}
2026-03-10 22:02:59,882 - freqtrade.resolvers.strategy_resolver - INFO - Strategy using order_time_in_force: {'entry': 'GTC', 'exit': 'GTC'}
2026-03-10 22:02:59,882 - freqtrade.resolvers.strategy_resolver - INFO - Strategy using stake_currency: USDT
2026-03-10 22:02:59,882 - freqtrade.resolvers.strategy_resolver - INFO - Strategy using stake_amount: 75
2026-03-10 22:02:59,882 - freqtrade.resolvers.strategy_resolver - INFO - Strategy using startup_candle_count: 240
2026-03-10 22:02:59,882 - freqtrade.resolvers.strategy_resolver - INFO - Strategy using use_exit_signal: True
2026-03-10 22:02:59,882 - freqtrade.resolvers.strategy_resolver - INFO - Strategy using exit_profit_only: False
2026-03-10 22:02:59,882 - freqtrade.resolvers.strategy_resolver - INFO - Strategy using ignore_roi_if_entry_signal: False
2026-03-10 22:02:59,882 - freqtrade.resolvers.strategy_resolver - INFO - Strategy using exit_profit_offset: 0.0
2026-03-10 22:02:59,882 - freqtrade.resolvers.strategy_resolver - INFO - Strategy using disable_dataframe_checks: False
2026-03-10 22:02:59,883 - freqtrade.resolvers.strategy_resolver - INFO - Strategy using ignore_buying_expired_candle_after: 0
2026-03-10 22:02:59,883 - freqtrade.resolvers.strategy_resolver - INFO - Strategy using position_adjustment_enable: False
2026-03-10 22:02:59,883 - freqtrade.resolvers.strategy_resolver - INFO - Strategy using max_entry_position_adjustment: -1
2026-03-10 22:02:59,883 - freqtrade.resolvers.strategy_resolver - INFO - Strategy using max_open_trades: 2
2026-03-10 22:02:59,883 - freqtrade.configuration.config_validation - INFO - Validating configuration ...
2026-03-10 22:02:59,885 - freqtrade.resolvers.iresolver - INFO - Using resolved pairlist StaticPairList from '/Users/maryamsediqi/freqtrade/freqtrade/plugins/pairlist/StaticPairList.py'...
2026-03-10 22:02:59,888 - freqtrade.optimize.backtesting - INFO - Using fee 0.0500% - worst case fee from exchange (lowest tier).
2026-03-10 22:02:59,889 - freqtrade.data.dataprovider - INFO - Increasing startup_candle_count for freqai on 5m to 8880
2026-03-10 22:02:59,969 - freqtrade.optimize.backtesting - INFO - Loading data from 2024-12-01 04:00:00 up to 2025-04-01 00:00:00 (120 days).
2026-03-10 22:03:00,267 - freqtrade.optimize.backtesting - INFO - Dataload complete. Calculating indicators
2026-03-10 22:03:00,269 - freqtrade.optimize.backtesting - INFO - Running backtesting for Strategy AutoresearchFreqAIStrategy
2026-03-10 22:03:01,532 - freqtrade.resolvers.iresolver - INFO - Using resolved freqaimodel AutoresearchLSTMRegressor from 
'/Users/maryamsediqi/autoresearch/freqtrade/freqaimodels/AutoresearchLSTMRegressor.py'...
2026-03-10 22:03:01,533 - freqtrade.freqai.data_drawer - INFO - Could not find existing datadrawer, starting from scratch
2026-03-10 22:03:01,533 - freqtrade.freqai.data_drawer - INFO - Could not find existing historic_predictions, starting from scratch
2026-03-10 22:03:01,533 - freqtrade.freqai.freqai_interface - INFO - Set fresh train queue from whitelist. Queue: ['BTC/USDT:USDT', 'ETH/USDT:USDT']
2026-03-10 22:03:01,550 - freqtrade.freqai.freqai_interface - INFO - Training 13 timeranges
2026-03-10 22:03:01,551 - freqtrade.freqai.freqai_interface - INFO - Training BTC/USDT:USDT, 1/2 pairs from 2024-12-02 00:00:00 to 2025-01-01 00:00:00, 1/13 trains
2026-03-10 22:03:01,552 - freqtrade.freqai.data_kitchen - INFO - Found backtesting prediction file at 
/Users/maryamsediqi/freqtrade/user_data/models/autoresearch-v1/backtesting_predictions/cb_btc_1735689600_prediction.feather
2026-03-10 22:03:01,559 - freqtrade.data.dataprovider - INFO - Increasing startup_candle_count for freqai on 15m to 3120
2026-03-10 22:03:01,559 - freqtrade.data.dataprovider - INFO - Loading data for BTC/USDT:USDT 15m from 2024-11-29 12:00:00 to 2025-04-01 00:00:00
2026-03-10 22:03:01,585 - freqtrade.data.dataprovider - INFO - Increasing startup_candle_count for freqai on 1h to 960
2026-03-10 22:03:01,585 - freqtrade.data.dataprovider - INFO - Loading data for BTC/USDT:USDT 1h from 2024-11-22 00:00:00 to 2025-04-01 00:00:00
2026-03-10 22:03:01,602 - freqtrade.data.dataprovider - INFO - Increasing startup_candle_count for freqai on 5m to 8880
2026-03-10 22:03:01,602 - freqtrade.data.dataprovider - INFO - Loading data for ETH/USDT:USDT 5m from 2024-12-01 04:00:00 to 2025-04-01 00:00:00
2026-03-10 22:03:01,648 - freqtrade.data.dataprovider - INFO - Increasing startup_candle_count for freqai on 15m to 3120
2026-03-10 22:03:01,648 - freqtrade.data.dataprovider - INFO - Loading data for ETH/USDT:USDT 15m from 2024-11-29 12:00:00 to 2025-04-01 00:00:00
2026-03-10 22:03:01,672 - freqtrade.data.dataprovider - INFO - Increasing startup_candle_count for freqai on 1h to 960
2026-03-10 22:03:01,672 - freqtrade.data.dataprovider - INFO - Loading data for ETH/USDT:USDT 1h from 2024-11-22 00:00:00 to 2025-04-01 00:00:00
2026-03-10 22:03:01,688 - freqtrade.freqai.freqai_interface - INFO - Training BTC/USDT:USDT, 1/2 pairs from 2024-12-09 00:00:00 to 2025-01-08 00:00:00, 2/13 trains
2026-03-10 22:03:01,689 - freqtrade.freqai.data_kitchen - INFO - Found backtesting prediction file at 
/Users/maryamsediqi/freqtrade/user_data/models/autoresearch-v1/backtesting_predictions/cb_btc_1736294400_prediction.feather
2026-03-10 22:03:01,690 - freqtrade.freqai.freqai_interface - INFO - Training BTC/USDT:USDT, 1/2 pairs from 2024-12-16 00:00:00 to 2025-01-15 00:00:00, 3/13 trains
2026-03-10 22:03:01,691 - freqtrade.freqai.data_kitchen - INFO - Found backtesting prediction file at 
/Users/maryamsediqi/freqtrade/user_data/models/autoresearch-v1/backtesting_predictions/cb_btc_1736899200_prediction.feather
2026-03-10 22:03:01,692 - freqtrade.freqai.freqai_interface - INFO - Training BTC/USDT:USDT, 1/2 pairs from 2024-12-23 00:00:00 to 2025-01-22 00:00:00, 4/13 trains
2026-03-10 22:03:01,692 - freqtrade.freqai.data_kitchen - INFO - Found backtesting prediction file at 
/Users/maryamsediqi/freqtrade/user_data/models/autoresearch-v1/backtesting_predictions/cb_btc_1737504000_prediction.feather
2026-03-10 22:03:01,693 - freqtrade.freqai.freqai_interface - INFO - Training BTC/USDT:USDT, 1/2 pairs from 2024-12-30 00:00:00 to 2025-01-29 00:00:00, 5/13 trains
2026-03-10 22:03:01,694 - freqtrade.freqai.data_kitchen - INFO - Found backtesting prediction file at 
/Users/maryamsediqi/freqtrade/user_data/models/autoresearch-v1/backtesting_predictions/cb_btc_1738108800_prediction.feather
2026-03-10 22:03:01,695 - freqtrade.freqai.freqai_interface - INFO - Training BTC/USDT:USDT, 1/2 pairs from 2025-01-06 00:00:00 to 2025-02-05 00:00:00, 6/13 trains
2026-03-10 22:03:01,695 - freqtrade.freqai.data_kitchen - INFO - Found backtesting prediction file at 
/Users/maryamsediqi/freqtrade/user_data/models/autoresearch-v1/backtesting_predictions/cb_btc_1738713600_prediction.feather
2026-03-10 22:03:01,696 - freqtrade.freqai.freqai_interface - INFO - Training BTC/USDT:USDT, 1/2 pairs from 2025-01-13 00:00:00 to 2025-02-12 00:00:00, 7/13 trains
2026-03-10 22:03:01,697 - freqtrade.freqai.data_kitchen - INFO - Found backtesting prediction file at 
/Users/maryamsediqi/freqtrade/user_data/models/autoresearch-v1/backtesting_predictions/cb_btc_1739318400_prediction.feather
2026-03-10 22:03:01,698 - freqtrade.freqai.freqai_interface - INFO - Training BTC/USDT:USDT, 1/2 pairs from 2025-01-20 00:00:00 to 2025-02-19 00:00:00, 8/13 trains
2026-03-10 22:03:01,698 - freqtrade.freqai.data_kitchen - INFO - Found backtesting prediction file at 
/Users/maryamsediqi/freqtrade/user_data/models/autoresearch-v1/backtesting_predictions/cb_btc_1739923200_prediction.feather
2026-03-10 22:03:01,699 - freqtrade.freqai.freqai_interface - INFO - Training BTC/USDT:USDT, 1/2 pairs from 2025-01-27 00:00:00 to 2025-02-26 00:00:00, 9/13 trains
2026-03-10 22:03:01,700 - freqtrade.freqai.data_kitchen - INFO - Found backtesting prediction file at 
/Users/maryamsediqi/freqtrade/user_data/models/autoresearch-v1/backtesting_predictions/cb_btc_1740528000_prediction.feather
2026-03-10 22:03:01,701 - freqtrade.freqai.freqai_interface - INFO - Training BTC/USDT:USDT, 1/2 pairs from 2025-02-03 00:00:00 to 2025-03-05 00:00:00, 10/13 trains
2026-03-10 22:03:01,701 - freqtrade.freqai.data_kitchen - INFO - Found backtesting prediction file at 
/Users/maryamsediqi/freqtrade/user_data/models/autoresearch-v1/backtesting_predictions/cb_btc_1741132800_prediction.feather
2026-03-10 22:03:01,702 - freqtrade.freqai.freqai_interface - INFO - Training BTC/USDT:USDT, 1/2 pairs from 2025-02-10 00:00:00 to 2025-03-12 00:00:00, 11/13 trains
2026-03-10 22:03:01,703 - freqtrade.freqai.data_kitchen - INFO - Found backtesting prediction file at 
/Users/maryamsediqi/freqtrade/user_data/models/autoresearch-v1/backtesting_predictions/cb_btc_1741737600_prediction.feather
2026-03-10 22:03:01,704 - freqtrade.freqai.freqai_interface - INFO - Training BTC/USDT:USDT, 1/2 pairs from 2025-02-17 00:00:00 to 2025-03-19 00:00:00, 12/13 trains
2026-03-10 22:03:01,704 - freqtrade.freqai.data_kitchen - INFO - Found backtesting prediction file at 
/Users/maryamsediqi/freqtrade/user_data/models/autoresearch-v1/backtesting_predictions/cb_btc_1742342400_prediction.feather
2026-03-10 22:03:01,705 - freqtrade.freqai.freqai_interface - INFO - Training BTC/USDT:USDT, 1/2 pairs from 2025-02-24 00:00:00 to 2025-03-26 00:00:00, 13/13 trains
2026-03-10 22:03:01,706 - freqtrade.freqai.data_kitchen - INFO - Found backtesting prediction file at 
/Users/maryamsediqi/freqtrade/user_data/models/autoresearch-v1/backtesting_predictions/cb_btc_1742947200_prediction.feather
2026-03-10 22:03:01,716 - freqtrade.freqai.freqai_interface - INFO - Training 13 timeranges
2026-03-10 22:03:01,716 - freqtrade.freqai.freqai_interface - INFO - Training ETH/USDT:USDT, 2/2 pairs from 2024-12-02 00:00:00 to 2025-01-01 00:00:00, 1/13 trains
2026-03-10 22:03:01,717 - freqtrade.freqai.data_kitchen - INFO - Found backtesting prediction file at 
/Users/maryamsediqi/freqtrade/user_data/models/autoresearch-v1/backtesting_predictions/cb_eth_1735689600_prediction.feather
2026-03-10 22:03:01,744 - freqtrade.data.dataprovider - INFO - Increasing startup_candle_count for freqai on 5m to 8880
2026-03-10 22:03:01,745 - freqtrade.data.dataprovider - INFO - Loading data for BTC/USDT:USDT 5m from 2024-12-01 04:00:00 to 2025-04-01 00:00:00
2026-03-10 22:03:01,809 - freqtrade.freqai.freqai_interface - INFO - Training ETH/USDT:USDT, 2/2 pairs from 2024-12-09 00:00:00 to 2025-01-08 00:00:00, 2/13 trains
2026-03-10 22:03:01,810 - freqtrade.freqai.data_kitchen - INFO - Found backtesting prediction file at 
/Users/maryamsediqi/freqtrade/user_data/models/autoresearch-v1/backtesting_predictions/cb_eth_1736294400_prediction.feather
2026-03-10 22:03:01,811 - freqtrade.freqai.freqai_interface - INFO - Training ETH/USDT:USDT, 2/2 pairs from 2024-12-16 00:00:00 to 2025-01-15 00:00:00, 3/13 trains
2026-03-10 22:03:01,811 - freqtrade.freqai.data_kitchen - INFO - Found backtesting prediction file at 
/Users/maryamsediqi/freqtrade/user_data/models/autoresearch-v1/backtesting_predictions/cb_eth_1736899200_prediction.feather
2026-03-10 22:03:01,812 - freqtrade.freqai.freqai_interface - INFO - Training ETH/USDT:USDT, 2/2 pairs from 2024-12-23 00:00:00 to 2025-01-22 00:00:00, 4/13 trains
2026-03-10 22:03:01,813 - freqtrade.freqai.data_kitchen - INFO - Found backtesting prediction file at 
/Users/maryamsediqi/freqtrade/user_data/models/autoresearch-v1/backtesting_predictions/cb_eth_1737504000_prediction.feather
2026-03-10 22:03:01,814 - freqtrade.freqai.freqai_interface - INFO - Training ETH/USDT:USDT, 2/2 pairs from 2024-12-30 00:00:00 to 2025-01-29 00:00:00, 5/13 trains
2026-03-10 22:03:01,814 - freqtrade.freqai.data_kitchen - INFO - Found backtesting prediction file at 
/Users/maryamsediqi/freqtrade/user_data/models/autoresearch-v1/backtesting_predictions/cb_eth_1738108800_prediction.feather
2026-03-10 22:03:01,815 - freqtrade.freqai.freqai_interface - INFO - Training ETH/USDT:USDT, 2/2 pairs from 2025-01-06 00:00:00 to 2025-02-05 00:00:00, 6/13 trains
2026-03-10 22:03:01,816 - freqtrade.freqai.data_kitchen - INFO - Found backtesting prediction file at 
/Users/maryamsediqi/freqtrade/user_data/models/autoresearch-v1/backtesting_predictions/cb_eth_1738713600_prediction.feather
2026-03-10 22:03:01,817 - freqtrade.freqai.freqai_interface - INFO - Training ETH/USDT:USDT, 2/2 pairs from 2025-01-13 00:00:00 to 2025-02-12 00:00:00, 7/13 trains
2026-03-10 22:03:01,817 - freqtrade.freqai.data_kitchen - INFO - Found backtesting prediction file at 
/Users/maryamsediqi/freqtrade/user_data/models/autoresearch-v1/backtesting_predictions/cb_eth_1739318400_prediction.feather
2026-03-10 22:03:01,818 - freqtrade.freqai.freqai_interface - INFO - Training ETH/USDT:USDT, 2/2 pairs from 2025-01-20 00:00:00 to 2025-02-19 00:00:00, 8/13 trains
2026-03-10 22:03:01,819 - freqtrade.freqai.data_kitchen - INFO - Found backtesting prediction file at 
/Users/maryamsediqi/freqtrade/user_data/models/autoresearch-v1/backtesting_predictions/cb_eth_1739923200_prediction.feather
2026-03-10 22:03:01,820 - freqtrade.freqai.freqai_interface - INFO - Training ETH/USDT:USDT, 2/2 pairs from 2025-01-27 00:00:00 to 2025-02-26 00:00:00, 9/13 trains
2026-03-10 22:03:01,820 - freqtrade.freqai.data_kitchen - INFO - Found backtesting prediction file at 
/Users/maryamsediqi/freqtrade/user_data/models/autoresearch-v1/backtesting_predictions/cb_eth_1740528000_prediction.feather
2026-03-10 22:03:01,821 - freqtrade.freqai.freqai_interface - INFO - Training ETH/USDT:USDT, 2/2 pairs from 2025-02-03 00:00:00 to 2025-03-05 00:00:00, 10/13 trains
2026-03-10 22:03:01,822 - freqtrade.freqai.data_kitchen - INFO - Found backtesting prediction file at 
/Users/maryamsediqi/freqtrade/user_data/models/autoresearch-v1/backtesting_predictions/cb_eth_1741132800_prediction.feather
2026-03-10 22:03:01,823 - freqtrade.freqai.freqai_interface - INFO - Training ETH/USDT:USDT, 2/2 pairs from 2025-02-10 00:00:00 to 2025-03-12 00:00:00, 11/13 trains
2026-03-10 22:03:01,823 - freqtrade.freqai.data_kitchen - INFO - Found backtesting prediction file at 
/Users/maryamsediqi/freqtrade/user_data/models/autoresearch-v1/backtesting_predictions/cb_eth_1741737600_prediction.feather
2026-03-10 22:03:01,824 - freqtrade.freqai.freqai_interface - INFO - Training ETH/USDT:USDT, 2/2 pairs from 2025-02-17 00:00:00 to 2025-03-19 00:00:00, 12/13 trains
2026-03-10 22:03:01,825 - freqtrade.freqai.data_kitchen - INFO - Found backtesting prediction file at 
/Users/maryamsediqi/freqtrade/user_data/models/autoresearch-v1/backtesting_predictions/cb_eth_1742342400_prediction.feather
2026-03-10 22:03:01,826 - freqtrade.freqai.freqai_interface - INFO - Training ETH/USDT:USDT, 2/2 pairs from 2025-02-24 00:00:00 to 2025-03-26 00:00:00, 13/13 trains
2026-03-10 22:03:01,826 - freqtrade.freqai.data_kitchen - INFO - Found backtesting prediction file at 
/Users/maryamsediqi/freqtrade/user_data/models/autoresearch-v1/backtesting_predictions/cb_eth_1742947200_prediction.feather
2026-03-10 22:03:01,836 - freqtrade.optimize.backtesting - INFO - Backtesting with data from 2025-01-01 00:00:00 up to 2025-04-01 00:00:00 (90 days).
2026-03-10 22:03:03,458 - freqtrade.misc - INFO - dumping json to "/Users/maryamsediqi/freqtrade/user_data/backtest_results/backtest-result-2026-03-10_22-03-03.meta.json"
Result for strategy AutoresearchFreqAIStrategy
                                                BACKTESTING REPORT                                                
┏━━━━━━━━━━━━━━━┳━━━━━━━━┳━━━━━━━━━━━━━━┳━━━━━━━━━━━━━━━━━┳━━━━━━━━━━━━━━┳━━━━━━━━━━━━━━┳━━━━━━━━━━━━━━━━━━━━━━━━┓
┃          Pair ┃ Trades ┃ Avg Profit % ┃ Tot Profit USDT ┃ Tot Profit % ┃ Avg Duration ┃  Win  Draw  Loss  Win% ┃
┡━━━━━━━━━━━━━━━╇━━━━━━━━╇━━━━━━━━━━━━━━╇━━━━━━━━━━━━━━━━━╇━━━━━━━━━━━━━━╇━━━━━━━━━━━━━━╇━━━━━━━━━━━━━━━━━━━━━━━━┩
│ BTC/USDT:USDT │      0 │          0.0 │           0.000 │          0.0 │         0:00 │    0     0     0     0 │
│ ETH/USDT:USDT │    772 │        -0.11 │         -64.280 │        -6.43 │      1:22:00 │  415    41   316  53.8 │
│         TOTAL │    772 │        -0.11 │         -64.280 │        -6.43 │      1:22:00 │  415    41   316  53.8 │
└───────────────┴────────┴──────────────┴─────────────────┴──────────────┴──────────────┴────────────────────────┘
                                         LEFT OPEN TRADES REPORT                                          
┏━━━━━━━┳━━━━━━━━┳━━━━━━━━━━━━━━┳━━━━━━━━━━━━━━━━━┳━━━━━━━━━━━━━━┳━━━━━━━━━━━━━━┳━━━━━━━━━━━━━━━━━━━━━━━━┓
┃  Pair ┃ Trades ┃ Avg Profit % ┃ Tot Profit USDT ┃ Tot Profit % ┃ Avg Duration ┃  Win  Draw  Loss  Win% ┃
┡━━━━━━━╇━━━━━━━━╇━━━━━━━━━━━━━━╇━━━━━━━━━━━━━━━━━╇━━━━━━━━━━━━━━╇━━━━━━━━━━━━━━╇━━━━━━━━━━━━━━━━━━━━━━━━┩
│ TOTAL │      0 │          0.0 │           0.000 │          0.0 │         0:00 │    0     0     0     0 │
└───────┴────────┴──────────────┴─────────────────┴──────────────┴──────────────┴────────────────────────┘
                                                ENTER TAG STATS                                                
┏━━━━━━━━━━━┳━━━━━━━━━┳━━━━━━━━━━━━━━┳━━━━━━━━━━━━━━━━━┳━━━━━━━━━━━━━━┳━━━━━━━━━━━━━━┳━━━━━━━━━━━━━━━━━━━━━━━━┓
┃ Enter Tag ┃ Entries ┃ Avg Profit % ┃ Tot Profit USDT ┃ Tot Profit % ┃ Avg Duration ┃  Win  Draw  Loss  Win% ┃
┡━━━━━━━━━━━╇━━━━━━━━━╇━━━━━━━━━━━━━━╇━━━━━━━━━━━━━━━━━╇━━━━━━━━━━━━━━╇━━━━━━━━━━━━━━╇━━━━━━━━━━━━━━━━━━━━━━━━┩
│  ml_short │     385 │        -0.02 │          -6.899 │        -0.69 │      1:25:00 │  221    20   144  57.4 │
│   ml_long │     387 │         -0.2 │         -57.380 │        -5.74 │      1:18:00 │  194    21   172  50.1 │
│     TOTAL │     772 │        -0.11 │         -64.280 │        -6.43 │      1:22:00 │  415    41   316  53.8 │
└───────────┴─────────┴──────────────┴─────────────────┴──────────────┴──────────────┴────────────────────────┘
                                                EXIT REASON STATS                                                
┏━━━━━━━━━━━━━━━┳━━━━━━━┳━━━━━━━━━━━━━━┳━━━━━━━━━━━━━━━━━┳━━━━━━━━━━━━━━┳━━━━━━━━━━━━━━┳━━━━━━━━━━━━━━━━━━━━━━━━┓
┃   Exit Reason ┃ Exits ┃ Avg Profit % ┃ Tot Profit USDT ┃ Tot Profit % ┃ Avg Duration ┃  Win  Draw  Loss  Win% ┃
┡━━━━━━━━━━━━━━━╇━━━━━━━╇━━━━━━━━━━━━━━╇━━━━━━━━━━━━━━━━━╇━━━━━━━━━━━━━━╇━━━━━━━━━━━━━━╇━━━━━━━━━━━━━━━━━━━━━━━━┩
│           roi │   159 │         0.86 │         100.514 │        10.05 │      2:04:00 │  118    41     0   100 │
│ ml_exit_short │   456 │         0.12 │          40.789 │         4.08 │      1:04:00 │  285     0   171  62.5 │
│       ml_exit │    23 │         0.12 │           2.053 │         0.21 │      1:05:00 │   12     0    11  52.2 │
│     stop_loss │   134 │         -2.1 │        -207.635 │       -20.76 │      1:35:00 │    0     0   134     0 │
│         TOTAL │   772 │        -0.11 │         -64.280 │        -6.43 │      1:22:00 │  415    41   316  53.8 │
└───────────────┴───────┴──────────────┴─────────────────┴──────────────┴──────────────┴────────────────────────┘
                                                       MIXED TAG STATS                                                        
┏━━━━━━━━━━━┳━━━━━━━━━━━━━━━┳━━━━━━━━┳━━━━━━━━━━━━━━┳━━━━━━━━━━━━━━━━━┳━━━━━━━━━━━━━━┳━━━━━━━━━━━━━━┳━━━━━━━━━━━━━━━━━━━━━━━━┓
┃ Enter Tag ┃   Exit Reason ┃ Trades ┃ Avg Profit % ┃ Tot Profit USDT ┃ Tot Profit % ┃ Avg Duration ┃  Win  Draw  Loss  Win% ┃
┡━━━━━━━━━━━╇━━━━━━━━━━━━━━━╇━━━━━━━━╇━━━━━━━━━━━━━━╇━━━━━━━━━━━━━━━━━╇━━━━━━━━━━━━━━╇━━━━━━━━━━━━━━╇━━━━━━━━━━━━━━━━━━━━━━━━┩
│   ml_long │           roi │     88 │         0.93 │          60.729 │         6.07 │      1:54:00 │   67    21     0   100 │
│  ml_short │           roi │     71 │         0.76 │          39.785 │         3.98 │      2:15:00 │   51    20     0   100 │
│   ml_long │ ml_exit_short │    183 │         0.18 │          24.096 │         2.41 │      1:01:00 │  115     0    68  62.8 │
│  ml_short │ ml_exit_short │    273 │         0.08 │          16.692 │         1.67 │      1:06:00 │  170     0   103  62.3 │
│   ml_long │       ml_exit │     23 │         0.12 │           2.053 │         0.21 │      1:05:00 │   12     0    11  52.2 │
│  ml_short │     stop_loss │     41 │         -2.1 │         -63.377 │        -6.34 │      2:06:00 │    0     0    41     0 │
│   ml_long │     stop_loss │     93 │         -2.1 │        -144.258 │       -14.43 │      1:22:00 │    0     0    93     0 │
│     TOTAL │               │    772 │        -0.11 │         -64.280 │        -6.43 │      1:22:00 │  415    41   316  53.8 │
└───────────┴───────────────┴────────┴──────────────┴─────────────────┴──────────────┴──────────────┴────────────────────────┘
                         SUMMARY METRICS                          
┏━━━━━━━━━━━━━━━━━━━━━━━━━━━━━━━┳━━━━━━━━━━━━━━━━━━━━━━━━━━━━━━━━┓
┃ Metric                        ┃ Value                          ┃
┡━━━━━━━━━━━━━━━━━━━━━━━━━━━━━━━╇━━━━━━━━━━━━━━━━━━━━━━━━━━━━━━━━┩
│ Backtesting from              │ 2025-01-01 00:00:00            │
│ Backtesting to                │ 2025-04-01 00:00:00            │
│ Trading Mode                  │ Isolated Futures               │
│ Max open trades               │ 2                              │
│                               │                                │
│ Total/Daily Avg Trades        │ 772 / 8.58                     │
│ Starting balance              │ 1000 USDT                      │
│ Final balance                 │ 935.72 USDT                    │
│ Absolute profit               │ -64.28 USDT                    │
│ Total profit %                │ -6.43%                         │
│ CAGR %                        │ -23.62%                        │
│ Sortino                       │ -20.63                         │
│ Sharpe                        │ -17.08                         │
│ Calmar                        │ -19.06                         │
│ SQN                           │ -2.89                          │
│ Profit factor                 │ 0.75                           │
│ Expectancy (Ratio)            │ -0.08 (-0.16)                  │
│ Avg. daily profit             │ -0.714 USDT                    │
│ Avg. stake amount             │ 73.656 USDT                    │
│ Total trade volume            │ 113732.677 USDT                │
│                               │                                │
│ Long / Short trades           │ 387 / 385                      │
│ Long / Short profit %         │ -5.74% / -0.69%                │
│ Long / Short profit USDT      │ -57.380 / -6.899               │
│                               │                                │
│ Best Pair                     │ BTC/USDT:USDT 0.00%            │
│ Worst Pair                    │ ETH/USDT:USDT -6.43%           │
│ Best trade                    │ ETH/USDT:USDT 2.00%            │
│ Worst trade                   │ ETH/USDT:USDT -2.11%           │
│ Best day                      │ 3.453 USDT                     │
│ Worst day                     │ -13.227 USDT                   │
│ Days win/draw/lose            │ 39 / 0 / 50                    │
│ Min/Max/Avg. Duration Winners │ 0d 00:00 / 0d 03:00 / 0d 00:59 │
│ Min/Max/Avg. Duration Losers  │ 0d 00:00 / 0d 10:25 / 0d 01:34 │
│ Max Consecutive Wins / Loss   │ 10 / 9                         │
│ Rejected Entry signals        │ 0                              │
│ Entry/Exit Timeouts           │ 0 / 0                          │
│                               │                                │
│ Min balance                   │ 929.122 USDT                   │
│ Max balance                   │ 1000.782 USDT                  │
│ Max % of account underwater   │ 7.16%                          │
│ Absolute drawdown             │ 71.66 USDT (7.16%)             │
│ Drawdown duration             │ 80 days 07:25:00               │
│ Profit at drawdown start      │ 0.782 USDT                     │
│ Profit at drawdown end        │ -70.878 USDT                   │
│ Drawdown start                │ 2025-01-03 05:05:00            │
│ Drawdown end                  │ 2025-03-24 12:30:00            │
│ Market change                 │ -28.60%                        │
└───────────────────────────────┴────────────────────────────────┘

Backtested 2025-01-01 00:00:00 -> 2025-04-01 00:00:00 | Max open trades : 2
                                                                 STRATEGY SUMMARY                                                                  
┏━━━━━━━━━━━━━━━━━━━━━━━━━━━━┳━━━━━━━━┳━━━━━━━━━━━━━━┳━━━━━━━━━━━━━━━━━┳━━━━━━━━━━━━━━┳━━━━━━━━━━━━━━┳━━━━━━━━━━━━━━━━━━━━━━━━┳━━━━━━━━━━━━━━━━━━━┓
┃                   Strategy ┃ Trades ┃ Avg Profit % ┃ Tot Profit USDT ┃ Tot Profit % ┃ Avg Duration ┃  Win  Draw  Loss  Win% ┃          Drawdown ┃
┡━━━━━━━━━━━━━━━━━━━━━━━━━━━━╇━━━━━━━━╇━━━━━━━━━━━━━━╇━━━━━━━━━━━━━━━━━╇━━━━━━━━━━━━━━╇━━━━━━━━━━━━━━╇━━━━━━━━━━━━━━━━━━━━━━━━╇━━━━━━━━━━━━━━━━━━━┩
│ AutoresearchFreqAIStrategy │    772 │        -0.11 │         -64.280 │        -6.43 │      1:22:00 │  415    41   316  53.8 │ 71.66 USDT  7.16% │
└────────────────────────────┴────────┴──────────────┴─────────────────┴──────────────┴──────────────┴────────────────────────┴───────────────────┘

