$ /Users/maryamsediqi/freqtrade/.venv/bin/freqtrade backtesting --config user_data/config_freqai_autoresearch.json --strategy AutoresearchFreqAIStrategy --timerange 20250101-20250601 --export trades --backtest-filename /Users/maryamsediqi/autoresearch/freqtrade/runs/backtest_AutoresearchFreqAIStrategy_20260310T160505Z.json --strategy-path /Users/maryamsediqi/autoresearch/freqtrade/strategies --freqaimodel PyTorchMLPRegressor

2026-03-10 17:05:05,962 - freqtrade - INFO - freqtrade 2026.2
2026-03-10 17:05:06,129 - numexpr.utils - INFO - NumExpr defaulting to 8 threads.
2026-03-10 17:05:06,923 - freqtrade.configuration.load_config - INFO - Using config: user_data/config_freqai_autoresearch.json ...
2026-03-10 17:05:06,924 - freqtrade.loggers - INFO - Enabling colorized output.
2026-03-10 17:05:06,925 - freqtrade.loggers - INFO - Logfile configured
2026-03-10 17:05:06,925 - freqtrade.loggers - INFO - Verbosity set to 0
2026-03-10 17:05:06,925 - freqtrade.configuration.configuration - INFO - Using additional Strategy lookup path: /Users/maryamsediqi/autoresearch/freqtrade/strategies
2026-03-10 17:05:06,925 - freqtrade.configuration.configuration - INFO - Using max_open_trades: 2 ...
2026-03-10 17:05:06,925 - freqtrade.configuration.configuration - INFO - Parameter --timerange detected: 20250101-20250601 ...
2026-03-10 17:05:06,925 - freqtrade.configuration.configuration - INFO - Using user-data directory: /Users/maryamsediqi/freqtrade/user_data ...
2026-03-10 17:05:06,926 - freqtrade.configuration.configuration - INFO - Using data directory: /Users/maryamsediqi/freqtrade/user_data/data/binance ...
2026-03-10 17:05:06,926 - freqtrade.configuration.configuration - INFO - Storing backtest results to 
/Users/maryamsediqi/autoresearch/freqtrade/runs/backtest_AutoresearchFreqAIStrategy_20260310T160505Z.json ...
2026-03-10 17:05:06,926 - freqtrade.configuration.configuration - WARNING - DEPRECATED: Using `--export-filename` has no impact when backtesting. Please use `--notes` to annotate backtest results and 
`--backtest-directory` to specify the output directory. 
2026-03-10 17:05:06,926 - freqtrade.configuration.configuration - INFO - Parameter --export detected: trades ...
2026-03-10 17:05:06,926 - freqtrade.configuration.configuration - INFO - Parameter --cache=day detected ...
2026-03-10 17:05:06,926 - freqtrade.configuration.configuration - INFO - Filter trades by timerange: 20250101-20250601
2026-03-10 17:05:06,926 - freqtrade.configuration.configuration - INFO - Using freqaimodel class name: PyTorchMLPRegressor
2026-03-10 17:05:06,927 - freqtrade.exchange.check_exchange - INFO - Checking exchange...
2026-03-10 17:05:06,931 - freqtrade.exchange.check_exchange - INFO - Exchange "binance" is officially supported by the Freqtrade development team.
2026-03-10 17:05:06,931 - freqtrade.configuration.configuration - INFO - Using pairlist from configuration.
2026-03-10 17:05:06,931 - freqtrade.configuration.config_validation - INFO - Validating configuration ...
2026-03-10 17:05:06,932 - freqtrade.commands.optimize_commands - INFO - Starting freqtrade in Backtesting mode
2026-03-10 17:05:06,932 - freqtrade.exchange.exchange - INFO - Instance is running with dry_run enabled
2026-03-10 17:05:06,932 - freqtrade.exchange.exchange - INFO - Using CCXT 4.5.39
2026-03-10 17:05:06,933 - freqtrade.exchange.exchange - INFO - Applying additional ccxt config: {'options': {'defaultType': 'swap'}}
2026-03-10 17:05:06,936 - freqtrade.exchange.exchange - INFO - Applying additional ccxt config: {'options': {'defaultType': 'swap'}}
2026-03-10 17:05:06,940 - freqtrade.exchange.exchange - INFO - Using Exchange "Binance"
2026-03-10 17:05:08,415 - freqtrade.resolvers.exchange_resolver - INFO - Using resolved exchange 'Binance'...
2026-03-10 17:05:08,423 - freqtrade.resolvers.iresolver - INFO - Using resolved strategy AutoresearchFreqAIStrategy from 
'/Users/maryamsediqi/autoresearch/freqtrade/strategies/AutoresearchFreqAIStrategy.py'...
2026-03-10 17:05:08,423 - freqtrade.strategy.hyper - INFO - Found no parameter file.
2026-03-10 17:05:08,424 - freqtrade.resolvers.strategy_resolver - INFO - Override strategy 'timeframe' with value from the configuration: 5m.
2026-03-10 17:05:08,424 - freqtrade.resolvers.strategy_resolver - INFO - Override strategy 'stake_currency' with value from the configuration: USDT.
2026-03-10 17:05:08,424 - freqtrade.resolvers.strategy_resolver - INFO - Override strategy 'stake_amount' with value from the configuration: 75.
2026-03-10 17:05:08,424 - freqtrade.resolvers.strategy_resolver - INFO - Override strategy 'max_open_trades' with value from the configuration: 2.
2026-03-10 17:05:08,424 - freqtrade.resolvers.strategy_resolver - INFO - Strategy using minimal_roi: {'0': 0.02, '60': 0.01, '180': 0.0}
2026-03-10 17:05:08,424 - freqtrade.resolvers.strategy_resolver - INFO - Strategy using timeframe: 5m
2026-03-10 17:05:08,424 - freqtrade.resolvers.strategy_resolver - INFO - Strategy using stoploss: -0.02
2026-03-10 17:05:08,425 - freqtrade.resolvers.strategy_resolver - INFO - Strategy using trailing_stop: False
2026-03-10 17:05:08,425 - freqtrade.resolvers.strategy_resolver - INFO - Strategy using trailing_stop_positive_offset: 0.0
2026-03-10 17:05:08,425 - freqtrade.resolvers.strategy_resolver - INFO - Strategy using trailing_only_offset_is_reached: False
2026-03-10 17:05:08,425 - freqtrade.resolvers.strategy_resolver - INFO - Strategy using use_custom_stoploss: False
2026-03-10 17:05:08,425 - freqtrade.resolvers.strategy_resolver - INFO - Strategy using process_only_new_candles: True
2026-03-10 17:05:08,425 - freqtrade.resolvers.strategy_resolver - INFO - Strategy using order_types: {'entry': 'limit', 'exit': 'limit', 'stoploss': 'limit', 'stoploss_on_exchange': False, 
'stoploss_on_exchange_interval': 60}
2026-03-10 17:05:08,425 - freqtrade.resolvers.strategy_resolver - INFO - Strategy using order_time_in_force: {'entry': 'GTC', 'exit': 'GTC'}
2026-03-10 17:05:08,425 - freqtrade.resolvers.strategy_resolver - INFO - Strategy using stake_currency: USDT
2026-03-10 17:05:08,425 - freqtrade.resolvers.strategy_resolver - INFO - Strategy using stake_amount: 75
2026-03-10 17:05:08,426 - freqtrade.resolvers.strategy_resolver - INFO - Strategy using startup_candle_count: 240
2026-03-10 17:05:08,426 - freqtrade.resolvers.strategy_resolver - INFO - Strategy using use_exit_signal: True
2026-03-10 17:05:08,426 - freqtrade.resolvers.strategy_resolver - INFO - Strategy using exit_profit_only: False
2026-03-10 17:05:08,426 - freqtrade.resolvers.strategy_resolver - INFO - Strategy using ignore_roi_if_entry_signal: False
2026-03-10 17:05:08,426 - freqtrade.resolvers.strategy_resolver - INFO - Strategy using exit_profit_offset: 0.0
2026-03-10 17:05:08,426 - freqtrade.resolvers.strategy_resolver - INFO - Strategy using disable_dataframe_checks: False
2026-03-10 17:05:08,426 - freqtrade.resolvers.strategy_resolver - INFO - Strategy using ignore_buying_expired_candle_after: 0
2026-03-10 17:05:08,426 - freqtrade.resolvers.strategy_resolver - INFO - Strategy using position_adjustment_enable: False
2026-03-10 17:05:08,426 - freqtrade.resolvers.strategy_resolver - INFO - Strategy using max_entry_position_adjustment: -1
2026-03-10 17:05:08,427 - freqtrade.resolvers.strategy_resolver - INFO - Strategy using max_open_trades: 2
2026-03-10 17:05:08,427 - freqtrade.configuration.config_validation - INFO - Validating configuration ...
2026-03-10 17:05:08,433 - freqtrade.resolvers.iresolver - INFO - Using resolved pairlist StaticPairList from '/Users/maryamsediqi/freqtrade/freqtrade/plugins/pairlist/StaticPairList.py'...
2026-03-10 17:05:08,436 - freqtrade.optimize.backtesting - INFO - Using fee 0.0500% - worst case fee from exchange (lowest tier).
2026-03-10 17:05:08,437 - freqtrade.data.dataprovider - INFO - Increasing startup_candle_count for freqai on 5m to 8880
2026-03-10 17:05:08,522 - freqtrade.optimize.backtesting - INFO - Loading data from 2024-12-01 04:00:00 up to 2025-06-01 00:00:00 (181 days).
2026-03-10 17:05:08,958 - freqtrade.optimize.backtesting - INFO - Dataload complete. Calculating indicators
2026-03-10 17:05:08,959 - freqtrade.optimize.backtesting - INFO - Running backtesting for Strategy AutoresearchFreqAIStrategy
2026-03-10 17:05:10,252 - freqtrade.resolvers.iresolver - INFO - Using resolved freqaimodel PyTorchMLPRegressor from 
'/Users/maryamsediqi/freqtrade/freqtrade/freqai/prediction_models/PyTorchMLPRegressor.py'...
2026-03-10 17:05:10,253 - freqtrade.freqai.data_drawer - INFO - Could not find existing datadrawer, starting from scratch
2026-03-10 17:05:10,253 - freqtrade.freqai.data_drawer - INFO - Could not find existing historic_predictions, starting from scratch
2026-03-10 17:05:10,253 - freqtrade.freqai.freqai_interface - INFO - Set fresh train queue from whitelist. Queue: ['BTC/USDT:USDT', 'ETH/USDT:USDT']
2026-03-10 17:05:10,269 - freqtrade.freqai.freqai_interface - INFO - Training 22 timeranges
2026-03-10 17:05:10,269 - freqtrade.freqai.freqai_interface - INFO - Training BTC/USDT:USDT, 1/2 pairs from 2024-12-02 00:00:00 to 2025-01-01 00:00:00, 1/22 trains
2026-03-10 17:05:10,270 - freqtrade.freqai.data_kitchen - INFO - Found backtesting prediction file at 
/Users/maryamsediqi/freqtrade/user_data/models/autoresearch-v1/backtesting_predictions/cb_btc_1735689600_prediction.feather
2026-03-10 17:05:10,278 - freqtrade.data.dataprovider - INFO - Increasing startup_candle_count for freqai on 15m to 3120
2026-03-10 17:05:10,278 - freqtrade.data.dataprovider - INFO - Loading data for BTC/USDT:USDT 15m from 2024-11-29 12:00:00 to 2025-06-01 00:00:00
2026-03-10 17:05:10,309 - freqtrade.data.dataprovider - INFO - Increasing startup_candle_count for freqai on 1h to 960
2026-03-10 17:05:10,309 - freqtrade.data.dataprovider - INFO - Loading data for BTC/USDT:USDT 1h from 2024-11-22 00:00:00 to 2025-06-01 00:00:00
2026-03-10 17:05:10,328 - freqtrade.data.dataprovider - INFO - Increasing startup_candle_count for freqai on 5m to 8880
2026-03-10 17:05:10,328 - freqtrade.data.dataprovider - INFO - Loading data for ETH/USDT:USDT 5m from 2024-12-01 04:00:00 to 2025-06-01 00:00:00
2026-03-10 17:05:10,404 - freqtrade.data.dataprovider - INFO - Increasing startup_candle_count for freqai on 15m to 3120
2026-03-10 17:05:10,404 - freqtrade.data.dataprovider - INFO - Loading data for ETH/USDT:USDT 15m from 2024-11-29 12:00:00 to 2025-06-01 00:00:00
2026-03-10 17:05:10,436 - freqtrade.data.dataprovider - INFO - Increasing startup_candle_count for freqai on 1h to 960
2026-03-10 17:05:10,436 - freqtrade.data.dataprovider - INFO - Loading data for ETH/USDT:USDT 1h from 2024-11-22 00:00:00 to 2025-06-01 00:00:00
2026-03-10 17:05:10,455 - freqtrade.freqai.freqai_interface - INFO - Training BTC/USDT:USDT, 1/2 pairs from 2024-12-09 00:00:00 to 2025-01-08 00:00:00, 2/22 trains
2026-03-10 17:05:10,456 - freqtrade.freqai.data_kitchen - INFO - Found backtesting prediction file at 
/Users/maryamsediqi/freqtrade/user_data/models/autoresearch-v1/backtesting_predictions/cb_btc_1736294400_prediction.feather
2026-03-10 17:05:10,457 - freqtrade.freqai.freqai_interface - INFO - Training BTC/USDT:USDT, 1/2 pairs from 2024-12-16 00:00:00 to 2025-01-15 00:00:00, 3/22 trains
2026-03-10 17:05:10,457 - freqtrade.freqai.data_kitchen - INFO - Found backtesting prediction file at 
/Users/maryamsediqi/freqtrade/user_data/models/autoresearch-v1/backtesting_predictions/cb_btc_1736899200_prediction.feather
2026-03-10 17:05:10,458 - freqtrade.freqai.freqai_interface - INFO - Training BTC/USDT:USDT, 1/2 pairs from 2024-12-23 00:00:00 to 2025-01-22 00:00:00, 4/22 trains
2026-03-10 17:05:10,459 - freqtrade.freqai.data_kitchen - INFO - Found backtesting prediction file at 
/Users/maryamsediqi/freqtrade/user_data/models/autoresearch-v1/backtesting_predictions/cb_btc_1737504000_prediction.feather
2026-03-10 17:05:10,460 - freqtrade.freqai.freqai_interface - INFO - Training BTC/USDT:USDT, 1/2 pairs from 2024-12-30 00:00:00 to 2025-01-29 00:00:00, 5/22 trains
2026-03-10 17:05:10,460 - freqtrade.freqai.data_kitchen - INFO - Found backtesting prediction file at 
/Users/maryamsediqi/freqtrade/user_data/models/autoresearch-v1/backtesting_predictions/cb_btc_1738108800_prediction.feather
2026-03-10 17:05:10,461 - freqtrade.freqai.freqai_interface - INFO - Training BTC/USDT:USDT, 1/2 pairs from 2025-01-06 00:00:00 to 2025-02-05 00:00:00, 6/22 trains
2026-03-10 17:05:10,462 - freqtrade.freqai.data_kitchen - INFO - Found backtesting prediction file at 
/Users/maryamsediqi/freqtrade/user_data/models/autoresearch-v1/backtesting_predictions/cb_btc_1738713600_prediction.feather
2026-03-10 17:05:10,463 - freqtrade.freqai.freqai_interface - INFO - Training BTC/USDT:USDT, 1/2 pairs from 2025-01-13 00:00:00 to 2025-02-12 00:00:00, 7/22 trains
2026-03-10 17:05:10,463 - freqtrade.freqai.data_kitchen - INFO - Found backtesting prediction file at 
/Users/maryamsediqi/freqtrade/user_data/models/autoresearch-v1/backtesting_predictions/cb_btc_1739318400_prediction.feather
2026-03-10 17:05:10,464 - freqtrade.freqai.freqai_interface - INFO - Training BTC/USDT:USDT, 1/2 pairs from 2025-01-20 00:00:00 to 2025-02-19 00:00:00, 8/22 trains
2026-03-10 17:05:10,465 - freqtrade.freqai.data_kitchen - INFO - Found backtesting prediction file at 
/Users/maryamsediqi/freqtrade/user_data/models/autoresearch-v1/backtesting_predictions/cb_btc_1739923200_prediction.feather
2026-03-10 17:05:10,466 - freqtrade.freqai.freqai_interface - INFO - Training BTC/USDT:USDT, 1/2 pairs from 2025-01-27 00:00:00 to 2025-02-26 00:00:00, 9/22 trains
2026-03-10 17:05:10,466 - freqtrade.freqai.data_kitchen - INFO - Found backtesting prediction file at 
/Users/maryamsediqi/freqtrade/user_data/models/autoresearch-v1/backtesting_predictions/cb_btc_1740528000_prediction.feather
2026-03-10 17:05:10,467 - freqtrade.freqai.freqai_interface - INFO - Training BTC/USDT:USDT, 1/2 pairs from 2025-02-03 00:00:00 to 2025-03-05 00:00:00, 10/22 trains
2026-03-10 17:05:10,468 - freqtrade.freqai.data_kitchen - INFO - Found backtesting prediction file at 
/Users/maryamsediqi/freqtrade/user_data/models/autoresearch-v1/backtesting_predictions/cb_btc_1741132800_prediction.feather
2026-03-10 17:05:10,469 - freqtrade.freqai.freqai_interface - INFO - Training BTC/USDT:USDT, 1/2 pairs from 2025-02-10 00:00:00 to 2025-03-12 00:00:00, 11/22 trains
2026-03-10 17:05:10,470 - freqtrade.freqai.data_kitchen - INFO - Found backtesting prediction file at 
/Users/maryamsediqi/freqtrade/user_data/models/autoresearch-v1/backtesting_predictions/cb_btc_1741737600_prediction.feather
2026-03-10 17:05:10,471 - freqtrade.freqai.freqai_interface - INFO - Training BTC/USDT:USDT, 1/2 pairs from 2025-02-17 00:00:00 to 2025-03-19 00:00:00, 12/22 trains
2026-03-10 17:05:10,471 - freqtrade.freqai.data_kitchen - INFO - Found backtesting prediction file at 
/Users/maryamsediqi/freqtrade/user_data/models/autoresearch-v1/backtesting_predictions/cb_btc_1742342400_prediction.feather
2026-03-10 17:05:10,472 - freqtrade.freqai.freqai_interface - INFO - Training BTC/USDT:USDT, 1/2 pairs from 2025-02-24 00:00:00 to 2025-03-26 00:00:00, 13/22 trains
2026-03-10 17:05:10,473 - freqtrade.freqai.data_kitchen - INFO - Found backtesting prediction file at 
/Users/maryamsediqi/freqtrade/user_data/models/autoresearch-v1/backtesting_predictions/cb_btc_1742947200_prediction.feather
2026-03-10 17:05:10,474 - freqtrade.freqai.freqai_interface - INFO - Training BTC/USDT:USDT, 1/2 pairs from 2025-03-03 00:00:00 to 2025-04-02 00:00:00, 14/22 trains
2026-03-10 17:05:10,475 - freqtrade.freqai.data_kitchen - INFO - Found backtesting prediction file at 
/Users/maryamsediqi/freqtrade/user_data/models/autoresearch-v1/backtesting_predictions/cb_btc_1743552000_prediction.feather
2026-03-10 17:05:10,476 - freqtrade.freqai.freqai_interface - INFO - Training BTC/USDT:USDT, 1/2 pairs from 2025-03-10 00:00:00 to 2025-04-09 00:00:00, 15/22 trains
2026-03-10 17:05:10,477 - freqtrade.freqai.data_kitchen - INFO - Found backtesting prediction file at 
/Users/maryamsediqi/freqtrade/user_data/models/autoresearch-v1/backtesting_predictions/cb_btc_1744156800_prediction.feather
2026-03-10 17:05:10,479 - freqtrade.freqai.freqai_interface - INFO - Training BTC/USDT:USDT, 1/2 pairs from 2025-03-17 00:00:00 to 2025-04-16 00:00:00, 16/22 trains
2026-03-10 17:05:10,479 - freqtrade.freqai.data_kitchen - INFO - Found backtesting prediction file at 
/Users/maryamsediqi/freqtrade/user_data/models/autoresearch-v1/backtesting_predictions/cb_btc_1744761600_prediction.feather
2026-03-10 17:05:10,481 - freqtrade.freqai.freqai_interface - INFO - Training BTC/USDT:USDT, 1/2 pairs from 2025-03-24 00:00:00 to 2025-04-23 00:00:00, 17/22 trains
2026-03-10 17:05:10,481 - freqtrade.freqai.data_kitchen - INFO - Found backtesting prediction file at 
/Users/maryamsediqi/freqtrade/user_data/models/autoresearch-v1/backtesting_predictions/cb_btc_1745366400_prediction.feather
2026-03-10 17:05:10,482 - freqtrade.freqai.freqai_interface - INFO - Training BTC/USDT:USDT, 1/2 pairs from 2025-03-31 00:00:00 to 2025-04-30 00:00:00, 18/22 trains
2026-03-10 17:05:10,483 - freqtrade.freqai.data_kitchen - INFO - Found backtesting prediction file at 
/Users/maryamsediqi/freqtrade/user_data/models/autoresearch-v1/backtesting_predictions/cb_btc_1745971200_prediction.feather
2026-03-10 17:05:10,484 - freqtrade.freqai.freqai_interface - INFO - Training BTC/USDT:USDT, 1/2 pairs from 2025-04-07 00:00:00 to 2025-05-07 00:00:00, 19/22 trains
2026-03-10 17:05:10,484 - freqtrade.freqai.data_kitchen - INFO - Found backtesting prediction file at 
/Users/maryamsediqi/freqtrade/user_data/models/autoresearch-v1/backtesting_predictions/cb_btc_1746576000_prediction.feather
2026-03-10 17:05:10,485 - freqtrade.freqai.freqai_interface - INFO - Training BTC/USDT:USDT, 1/2 pairs from 2025-04-14 00:00:00 to 2025-05-14 00:00:00, 20/22 trains
2026-03-10 17:05:10,486 - freqtrade.freqai.data_kitchen - INFO - Found backtesting prediction file at 
/Users/maryamsediqi/freqtrade/user_data/models/autoresearch-v1/backtesting_predictions/cb_btc_1747180800_prediction.feather
2026-03-10 17:05:10,487 - freqtrade.freqai.freqai_interface - INFO - Training BTC/USDT:USDT, 1/2 pairs from 2025-04-21 00:00:00 to 2025-05-21 00:00:00, 21/22 trains
2026-03-10 17:05:10,487 - freqtrade.freqai.data_kitchen - INFO - Found backtesting prediction file at 
/Users/maryamsediqi/freqtrade/user_data/models/autoresearch-v1/backtesting_predictions/cb_btc_1747785600_prediction.feather
2026-03-10 17:05:10,488 - freqtrade.freqai.freqai_interface - INFO - Training BTC/USDT:USDT, 1/2 pairs from 2025-04-28 00:00:00 to 2025-05-28 00:00:00, 22/22 trains
2026-03-10 17:05:10,489 - freqtrade.freqai.data_kitchen - INFO - Found backtesting prediction file at 
/Users/maryamsediqi/freqtrade/user_data/models/autoresearch-v1/backtesting_predictions/cb_btc_1748390400_prediction.feather
2026-03-10 17:05:10,504 - freqtrade.freqai.freqai_interface - INFO - Training 22 timeranges
2026-03-10 17:05:10,505 - freqtrade.freqai.freqai_interface - INFO - Training ETH/USDT:USDT, 2/2 pairs from 2024-12-02 00:00:00 to 2025-01-01 00:00:00, 1/22 trains
2026-03-10 17:05:10,505 - freqtrade.freqai.data_kitchen - INFO - Found backtesting prediction file at 
/Users/maryamsediqi/freqtrade/user_data/models/autoresearch-v1/backtesting_predictions/cb_eth_1735689600_prediction.feather
2026-03-10 17:05:10,537 - freqtrade.data.dataprovider - INFO - Increasing startup_candle_count for freqai on 5m to 8880
2026-03-10 17:05:10,537 - freqtrade.data.dataprovider - INFO - Loading data for BTC/USDT:USDT 5m from 2024-12-01 04:00:00 to 2025-06-01 00:00:00
2026-03-10 17:05:10,624 - freqtrade.freqai.freqai_interface - INFO - Training ETH/USDT:USDT, 2/2 pairs from 2024-12-09 00:00:00 to 2025-01-08 00:00:00, 2/22 trains
2026-03-10 17:05:10,624 - freqtrade.freqai.data_kitchen - INFO - Found backtesting prediction file at 
/Users/maryamsediqi/freqtrade/user_data/models/autoresearch-v1/backtesting_predictions/cb_eth_1736294400_prediction.feather
2026-03-10 17:05:10,625 - freqtrade.freqai.freqai_interface - INFO - Training ETH/USDT:USDT, 2/2 pairs from 2024-12-16 00:00:00 to 2025-01-15 00:00:00, 3/22 trains
2026-03-10 17:05:10,626 - freqtrade.freqai.data_kitchen - INFO - Found backtesting prediction file at 
/Users/maryamsediqi/freqtrade/user_data/models/autoresearch-v1/backtesting_predictions/cb_eth_1736899200_prediction.feather
2026-03-10 17:05:10,627 - freqtrade.freqai.freqai_interface - INFO - Training ETH/USDT:USDT, 2/2 pairs from 2024-12-23 00:00:00 to 2025-01-22 00:00:00, 4/22 trains
2026-03-10 17:05:10,628 - freqtrade.freqai.data_kitchen - INFO - Found backtesting prediction file at 
/Users/maryamsediqi/freqtrade/user_data/models/autoresearch-v1/backtesting_predictions/cb_eth_1737504000_prediction.feather
2026-03-10 17:05:10,629 - freqtrade.freqai.freqai_interface - INFO - Training ETH/USDT:USDT, 2/2 pairs from 2024-12-30 00:00:00 to 2025-01-29 00:00:00, 5/22 trains
2026-03-10 17:05:10,629 - freqtrade.freqai.data_kitchen - INFO - Found backtesting prediction file at 
/Users/maryamsediqi/freqtrade/user_data/models/autoresearch-v1/backtesting_predictions/cb_eth_1738108800_prediction.feather
2026-03-10 17:05:10,630 - freqtrade.freqai.freqai_interface - INFO - Training ETH/USDT:USDT, 2/2 pairs from 2025-01-06 00:00:00 to 2025-02-05 00:00:00, 6/22 trains
2026-03-10 17:05:10,631 - freqtrade.freqai.data_kitchen - INFO - Found backtesting prediction file at 
/Users/maryamsediqi/freqtrade/user_data/models/autoresearch-v1/backtesting_predictions/cb_eth_1738713600_prediction.feather
2026-03-10 17:05:10,632 - freqtrade.freqai.freqai_interface - INFO - Training ETH/USDT:USDT, 2/2 pairs from 2025-01-13 00:00:00 to 2025-02-12 00:00:00, 7/22 trains
2026-03-10 17:05:10,632 - freqtrade.freqai.data_kitchen - INFO - Found backtesting prediction file at 
/Users/maryamsediqi/freqtrade/user_data/models/autoresearch-v1/backtesting_predictions/cb_eth_1739318400_prediction.feather
2026-03-10 17:05:10,633 - freqtrade.freqai.freqai_interface - INFO - Training ETH/USDT:USDT, 2/2 pairs from 2025-01-20 00:00:00 to 2025-02-19 00:00:00, 8/22 trains
2026-03-10 17:05:10,634 - freqtrade.freqai.data_kitchen - INFO - Found backtesting prediction file at 
/Users/maryamsediqi/freqtrade/user_data/models/autoresearch-v1/backtesting_predictions/cb_eth_1739923200_prediction.feather
2026-03-10 17:05:10,635 - freqtrade.freqai.freqai_interface - INFO - Training ETH/USDT:USDT, 2/2 pairs from 2025-01-27 00:00:00 to 2025-02-26 00:00:00, 9/22 trains
2026-03-10 17:05:10,635 - freqtrade.freqai.data_kitchen - INFO - Found backtesting prediction file at 
/Users/maryamsediqi/freqtrade/user_data/models/autoresearch-v1/backtesting_predictions/cb_eth_1740528000_prediction.feather
2026-03-10 17:05:10,636 - freqtrade.freqai.freqai_interface - INFO - Training ETH/USDT:USDT, 2/2 pairs from 2025-02-03 00:00:00 to 2025-03-05 00:00:00, 10/22 trains
2026-03-10 17:05:10,637 - freqtrade.freqai.data_kitchen - INFO - Found backtesting prediction file at 
/Users/maryamsediqi/freqtrade/user_data/models/autoresearch-v1/backtesting_predictions/cb_eth_1741132800_prediction.feather
2026-03-10 17:05:10,638 - freqtrade.freqai.freqai_interface - INFO - Training ETH/USDT:USDT, 2/2 pairs from 2025-02-10 00:00:00 to 2025-03-12 00:00:00, 11/22 trains
2026-03-10 17:05:10,638 - freqtrade.freqai.data_kitchen - INFO - Found backtesting prediction file at 
/Users/maryamsediqi/freqtrade/user_data/models/autoresearch-v1/backtesting_predictions/cb_eth_1741737600_prediction.feather
2026-03-10 17:05:10,639 - freqtrade.freqai.freqai_interface - INFO - Training ETH/USDT:USDT, 2/2 pairs from 2025-02-17 00:00:00 to 2025-03-19 00:00:00, 12/22 trains
2026-03-10 17:05:10,640 - freqtrade.freqai.data_kitchen - INFO - Found backtesting prediction file at 
/Users/maryamsediqi/freqtrade/user_data/models/autoresearch-v1/backtesting_predictions/cb_eth_1742342400_prediction.feather
2026-03-10 17:05:10,641 - freqtrade.freqai.freqai_interface - INFO - Training ETH/USDT:USDT, 2/2 pairs from 2025-02-24 00:00:00 to 2025-03-26 00:00:00, 13/22 trains
2026-03-10 17:05:10,641 - freqtrade.freqai.data_kitchen - INFO - Found backtesting prediction file at 
/Users/maryamsediqi/freqtrade/user_data/models/autoresearch-v1/backtesting_predictions/cb_eth_1742947200_prediction.feather
2026-03-10 17:05:10,642 - freqtrade.freqai.freqai_interface - INFO - Training ETH/USDT:USDT, 2/2 pairs from 2025-03-03 00:00:00 to 2025-04-02 00:00:00, 14/22 trains
2026-03-10 17:05:10,643 - freqtrade.freqai.data_kitchen - INFO - Found backtesting prediction file at 
/Users/maryamsediqi/freqtrade/user_data/models/autoresearch-v1/backtesting_predictions/cb_eth_1743552000_prediction.feather
2026-03-10 17:05:10,644 - freqtrade.freqai.freqai_interface - INFO - Training ETH/USDT:USDT, 2/2 pairs from 2025-03-10 00:00:00 to 2025-04-09 00:00:00, 15/22 trains
2026-03-10 17:05:10,644 - freqtrade.freqai.data_kitchen - INFO - Found backtesting prediction file at 
/Users/maryamsediqi/freqtrade/user_data/models/autoresearch-v1/backtesting_predictions/cb_eth_1744156800_prediction.feather
2026-03-10 17:05:10,645 - freqtrade.freqai.freqai_interface - INFO - Training ETH/USDT:USDT, 2/2 pairs from 2025-03-17 00:00:00 to 2025-04-16 00:00:00, 16/22 trains
2026-03-10 17:05:10,646 - freqtrade.freqai.data_kitchen - INFO - Found backtesting prediction file at 
/Users/maryamsediqi/freqtrade/user_data/models/autoresearch-v1/backtesting_predictions/cb_eth_1744761600_prediction.feather
2026-03-10 17:05:10,647 - freqtrade.freqai.freqai_interface - INFO - Training ETH/USDT:USDT, 2/2 pairs from 2025-03-24 00:00:00 to 2025-04-23 00:00:00, 17/22 trains
2026-03-10 17:05:10,647 - freqtrade.freqai.data_kitchen - INFO - Found backtesting prediction file at 
/Users/maryamsediqi/freqtrade/user_data/models/autoresearch-v1/backtesting_predictions/cb_eth_1745366400_prediction.feather
2026-03-10 17:05:10,648 - freqtrade.freqai.freqai_interface - INFO - Training ETH/USDT:USDT, 2/2 pairs from 2025-03-31 00:00:00 to 2025-04-30 00:00:00, 18/22 trains
2026-03-10 17:05:10,649 - freqtrade.freqai.data_kitchen - INFO - Found backtesting prediction file at 
/Users/maryamsediqi/freqtrade/user_data/models/autoresearch-v1/backtesting_predictions/cb_eth_1745971200_prediction.feather
2026-03-10 17:05:10,650 - freqtrade.freqai.freqai_interface - INFO - Training ETH/USDT:USDT, 2/2 pairs from 2025-04-07 00:00:00 to 2025-05-07 00:00:00, 19/22 trains
2026-03-10 17:05:10,650 - freqtrade.freqai.data_kitchen - INFO - Found backtesting prediction file at 
/Users/maryamsediqi/freqtrade/user_data/models/autoresearch-v1/backtesting_predictions/cb_eth_1746576000_prediction.feather
2026-03-10 17:05:10,651 - freqtrade.freqai.freqai_interface - INFO - Training ETH/USDT:USDT, 2/2 pairs from 2025-04-14 00:00:00 to 2025-05-14 00:00:00, 20/22 trains
2026-03-10 17:05:10,652 - freqtrade.freqai.data_kitchen - INFO - Found backtesting prediction file at 
/Users/maryamsediqi/freqtrade/user_data/models/autoresearch-v1/backtesting_predictions/cb_eth_1747180800_prediction.feather
2026-03-10 17:05:10,653 - freqtrade.freqai.freqai_interface - INFO - Training ETH/USDT:USDT, 2/2 pairs from 2025-04-21 00:00:00 to 2025-05-21 00:00:00, 21/22 trains
2026-03-10 17:05:10,653 - freqtrade.freqai.data_kitchen - INFO - Found backtesting prediction file at 
/Users/maryamsediqi/freqtrade/user_data/models/autoresearch-v1/backtesting_predictions/cb_eth_1747785600_prediction.feather
2026-03-10 17:05:10,654 - freqtrade.freqai.freqai_interface - INFO - Training ETH/USDT:USDT, 2/2 pairs from 2025-04-28 00:00:00 to 2025-05-28 00:00:00, 22/22 trains
2026-03-10 17:05:10,655 - freqtrade.freqai.data_kitchen - INFO - Found backtesting prediction file at 
/Users/maryamsediqi/freqtrade/user_data/models/autoresearch-v1/backtesting_predictions/cb_eth_1748390400_prediction.feather
2026-03-10 17:05:10,670 - freqtrade.optimize.backtesting - INFO - Backtesting with data from 2025-01-01 00:00:00 up to 2025-06-01 00:00:00 (151 days).
2026-03-10 17:05:13,663 - freqtrade.misc - INFO - dumping json to "/Users/maryamsediqi/freqtrade/user_data/backtest_results/backtest-result-2026-03-10_17-05-13.meta.json"
Result for strategy AutoresearchFreqAIStrategy
                                                BACKTESTING REPORT                                                
┏━━━━━━━━━━━━━━━┳━━━━━━━━┳━━━━━━━━━━━━━━┳━━━━━━━━━━━━━━━━━┳━━━━━━━━━━━━━━┳━━━━━━━━━━━━━━┳━━━━━━━━━━━━━━━━━━━━━━━━┓
┃          Pair ┃ Trades ┃ Avg Profit % ┃ Tot Profit USDT ┃ Tot Profit % ┃ Avg Duration ┃  Win  Draw  Loss  Win% ┃
┡━━━━━━━━━━━━━━━╇━━━━━━━━╇━━━━━━━━━━━━━━╇━━━━━━━━━━━━━━━━━╇━━━━━━━━━━━━━━╇━━━━━━━━━━━━━━╇━━━━━━━━━━━━━━━━━━━━━━━━┩
│ BTC/USDT:USDT │      0 │          0.0 │           0.000 │          0.0 │         0:00 │    0     0     0     0 │
│ ETH/USDT:USDT │   1520 │        -0.15 │        -167.127 │       -16.71 │      1:12:00 │  820    48   652  53.9 │
│         TOTAL │   1520 │        -0.15 │        -167.127 │       -16.71 │      1:12:00 │  820    48   652  53.9 │
└───────────────┴────────┴──────────────┴─────────────────┴──────────────┴──────────────┴────────────────────────┘
                                             LEFT OPEN TRADES REPORT                                              
┏━━━━━━━━━━━━━━━┳━━━━━━━━┳━━━━━━━━━━━━━━┳━━━━━━━━━━━━━━━━━┳━━━━━━━━━━━━━━┳━━━━━━━━━━━━━━┳━━━━━━━━━━━━━━━━━━━━━━━━┓
┃          Pair ┃ Trades ┃ Avg Profit % ┃ Tot Profit USDT ┃ Tot Profit % ┃ Avg Duration ┃  Win  Draw  Loss  Win% ┃
┡━━━━━━━━━━━━━━━╇━━━━━━━━╇━━━━━━━━━━━━━━╇━━━━━━━━━━━━━━━━━╇━━━━━━━━━━━━━━╇━━━━━━━━━━━━━━╇━━━━━━━━━━━━━━━━━━━━━━━━┩
│ ETH/USDT:USDT │      1 │        -0.36 │          -0.262 │        -0.03 │      0:30:00 │    0     0     1     0 │
│         TOTAL │      1 │        -0.36 │          -0.262 │        -0.03 │      0:30:00 │    0     0     1     0 │
└───────────────┴────────┴──────────────┴─────────────────┴──────────────┴──────────────┴────────────────────────┘
                                                ENTER TAG STATS                                                
┏━━━━━━━━━━━┳━━━━━━━━━┳━━━━━━━━━━━━━━┳━━━━━━━━━━━━━━━━━┳━━━━━━━━━━━━━━┳━━━━━━━━━━━━━━┳━━━━━━━━━━━━━━━━━━━━━━━━┓
┃ Enter Tag ┃ Entries ┃ Avg Profit % ┃ Tot Profit USDT ┃ Tot Profit % ┃ Avg Duration ┃  Win  Draw  Loss  Win% ┃
┡━━━━━━━━━━━╇━━━━━━━━━╇━━━━━━━━━━━━━━╇━━━━━━━━━━━━━━━━━╇━━━━━━━━━━━━━━╇━━━━━━━━━━━━━━╇━━━━━━━━━━━━━━━━━━━━━━━━┩
│  ml_short │     816 │        -0.11 │         -67.228 │        -6.72 │      1:10:00 │  446    24   346  54.7 │
│   ml_long │     704 │        -0.19 │         -99.899 │        -9.99 │      1:16:00 │  374    24   306  53.1 │
│     TOTAL │    1520 │        -0.15 │        -167.127 │       -16.71 │      1:12:00 │  820    48   652  53.9 │
└───────────┴─────────┴──────────────┴─────────────────┴──────────────┴──────────────┴────────────────────────┘
                                                EXIT REASON STATS                                                
┏━━━━━━━━━━━━━━━┳━━━━━━━┳━━━━━━━━━━━━━━┳━━━━━━━━━━━━━━━━━┳━━━━━━━━━━━━━━┳━━━━━━━━━━━━━━┳━━━━━━━━━━━━━━━━━━━━━━━━┓
┃   Exit Reason ┃ Exits ┃ Avg Profit % ┃ Tot Profit USDT ┃ Tot Profit % ┃ Avg Duration ┃  Win  Draw  Loss  Win% ┃
┡━━━━━━━━━━━━━━━╇━━━━━━━╇━━━━━━━━━━━━━━╇━━━━━━━━━━━━━━━━━╇━━━━━━━━━━━━━━╇━━━━━━━━━━━━━━╇━━━━━━━━━━━━━━━━━━━━━━━━┩
│           roi │   211 │         0.86 │         133.574 │        13.36 │      2:03:00 │  163    48     0   100 │
│ ml_exit_short │  1026 │         0.09 │          64.644 │         6.46 │      0:59:00 │  629     0   397  61.3 │
│       ml_exit │    42 │         0.22 │           6.816 │         0.68 │      0:59:00 │   28     0    14  66.7 │
│    force_exit │     1 │        -0.36 │          -0.262 │        -0.03 │      0:30:00 │    0     0     1     0 │
│     stop_loss │   240 │         -2.1 │        -371.899 │       -37.19 │      1:28:00 │    0     0   240     0 │
│         TOTAL │  1520 │        -0.15 │        -167.127 │       -16.71 │      1:12:00 │  820    48   652  53.9 │
└───────────────┴───────┴──────────────┴─────────────────┴──────────────┴──────────────┴────────────────────────┘
                                                       MIXED TAG STATS                                                        
┏━━━━━━━━━━━┳━━━━━━━━━━━━━━━┳━━━━━━━━┳━━━━━━━━━━━━━━┳━━━━━━━━━━━━━━━━━┳━━━━━━━━━━━━━━┳━━━━━━━━━━━━━━┳━━━━━━━━━━━━━━━━━━━━━━━━┓
┃ Enter Tag ┃   Exit Reason ┃ Trades ┃ Avg Profit % ┃ Tot Profit USDT ┃ Tot Profit % ┃ Avg Duration ┃  Win  Draw  Loss  Win% ┃
┡━━━━━━━━━━━╇━━━━━━━━━━━━━━━╇━━━━━━━━╇━━━━━━━━━━━━━━╇━━━━━━━━━━━━━━━━━╇━━━━━━━━━━━━━━╇━━━━━━━━━━━━━━╇━━━━━━━━━━━━━━━━━━━━━━━━┩
│   ml_long │           roi │    128 │         0.94 │          89.300 │         8.93 │      1:53:00 │  104    24     0   100 │
│  ml_short │           roi │     83 │         0.72 │          44.274 │         4.43 │      2:20:00 │   59    24     0   100 │
│   ml_long │ ml_exit_short │    381 │         0.14 │          40.083 │         4.01 │      1:04:00 │  242     0   139  63.5 │
│  ml_short │ ml_exit_short │    645 │         0.05 │          24.561 │         2.46 │      0:56:00 │  387     0   258  60.0 │
│   ml_long │       ml_exit │     42 │         0.22 │           6.816 │         0.68 │      0:59:00 │   28     0    14  66.7 │
│   ml_long │    force_exit │      1 │        -0.36 │          -0.262 │        -0.03 │      0:30:00 │    0     0     1     0 │
│  ml_short │     stop_loss │     88 │         -2.1 │        -136.063 │       -13.61 │      1:42:00 │    0     0    88     0 │
│   ml_long │     stop_loss │    152 │         -2.1 │        -235.836 │       -23.58 │      1:20:00 │    0     0   152     0 │
│     TOTAL │               │   1520 │        -0.15 │        -167.127 │       -16.71 │      1:12:00 │  820    48   652  53.9 │
└───────────┴───────────────┴────────┴──────────────┴─────────────────┴──────────────┴──────────────┴────────────────────────┘
                         SUMMARY METRICS                          
┏━━━━━━━━━━━━━━━━━━━━━━━━━━━━━━━┳━━━━━━━━━━━━━━━━━━━━━━━━━━━━━━━━┓
┃ Metric                        ┃ Value                          ┃
┡━━━━━━━━━━━━━━━━━━━━━━━━━━━━━━━╇━━━━━━━━━━━━━━━━━━━━━━━━━━━━━━━━┩
│ Backtesting from              │ 2025-01-01 00:00:00            │
│ Backtesting to                │ 2025-06-01 00:00:00            │
│ Trading Mode                  │ Isolated Futures               │
│ Max open trades               │ 2                              │
│                               │                                │
│ Total/Daily Avg Trades        │ 1520 / 10.07                   │
│ Starting balance              │ 1000 USDT                      │
│ Final balance                 │ 832.873 USDT                   │
│ Absolute profit               │ -167.127 USDT                  │
│ Total profit %                │ -16.71%                        │
│ CAGR %                        │ -35.73%                        │
│ Sortino                       │ -31.99                         │
│ Sharpe                        │ -28.70                         │
│ Calmar                        │ -12.55                         │
│ SQN                           │ -5.82                          │
│ Profit factor                 │ 0.64                           │
│ Expectancy (Ratio)            │ -0.11 (-0.18)                  │
│ Avg. daily profit             │ -1.107 USDT                    │
│ Avg. stake amount             │ 73.798 USDT                    │
│ Total trade volume            │ 224417.759 USDT                │
│                               │                                │
│ Long / Short trades           │ 704 / 816                      │
│ Long / Short profit %         │ -9.99% / -6.72%                │
│ Long / Short profit USDT      │ -99.899 / -67.228              │
│                               │                                │
│ Best Pair                     │ BTC/USDT:USDT 0.00%            │
│ Worst Pair                    │ ETH/USDT:USDT -16.71%          │
│ Best trade                    │ ETH/USDT:USDT 2.00%            │
│ Worst trade                   │ ETH/USDT:USDT -2.11%           │
│ Best day                      │ 2.652 USDT                     │
│ Worst day                     │ -13.238 USDT                   │
│ Days win/draw/lose            │ 50 / 0 / 102                   │
│ Min/Max/Avg. Duration Winners │ 0d 00:00 / 0d 03:00 / 0d 00:51 │
│ Min/Max/Avg. Duration Losers  │ 0d 00:00 / 0d 10:25 / 0d 01:27 │
│ Max Consecutive Wins / Loss   │ 10 / 9                         │
│ Rejected Entry signals        │ 0                              │
│ Entry/Exit Timeouts           │ 0 / 0                          │
│                               │                                │
│ Min balance                   │ 831.616 USDT                   │
│ Max balance                   │ 1000.128 USDT                  │
│ Max % of account underwater   │ 16.85%                         │
│ Absolute drawdown             │ 168.512 USDT (16.85%)          │
│ Drawdown duration             │ 148 days 20:15:00              │
│ Profit at drawdown start      │ 0.128 USDT                     │
│ Profit at drawdown end        │ -168.384 USDT                  │
│ Drawdown start                │ 2025-01-02 05:15:00            │
│ Drawdown end                  │ 2025-05-31 01:30:00            │
│ Market change                 │ -6.43%                         │
└───────────────────────────────┴────────────────────────────────┘

Backtested 2025-01-01 00:00:00 -> 2025-06-01 00:00:00 | Max open trades : 2
                                                                   STRATEGY SUMMARY                                                                   
┏━━━━━━━━━━━━━━━━━━━━━━━━━━━━┳━━━━━━━━┳━━━━━━━━━━━━━━┳━━━━━━━━━━━━━━━━━┳━━━━━━━━━━━━━━┳━━━━━━━━━━━━━━┳━━━━━━━━━━━━━━━━━━━━━━━━┳━━━━━━━━━━━━━━━━━━━━━━┓
┃                   Strategy ┃ Trades ┃ Avg Profit % ┃ Tot Profit USDT ┃ Tot Profit % ┃ Avg Duration ┃  Win  Draw  Loss  Win% ┃             Drawdown ┃
┡━━━━━━━━━━━━━━━━━━━━━━━━━━━━╇━━━━━━━━╇━━━━━━━━━━━━━━╇━━━━━━━━━━━━━━━━━╇━━━━━━━━━━━━━━╇━━━━━━━━━━━━━━╇━━━━━━━━━━━━━━━━━━━━━━━━╇━━━━━━━━━━━━━━━━━━━━━━┩
│ AutoresearchFreqAIStrategy │   1520 │        -0.15 │        -167.127 │       -16.71 │      1:12:00 │  820    48   652  53.9 │ 168.512 USDT  16.85% │
└────────────────────────────┴────────┴──────────────┴─────────────────┴──────────────┴──────────────┴────────────────────────┴──────────────────────┘

