$ /Users/maryamsediqi/freqtrade/.venv/bin/freqtrade backtesting --config user_data/config_freqai_autoresearch.json --strategy AutoresearchFreqAIStrategy --timerange 20250501-20250515 --export trades --backtest-filename /Users/maryamsediqi/autoresearch/freqtrade/runs/backtest_AutoresearchFreqAIStrategy_20260310T154038Z.json --strategy-path /Users/maryamsediqi/autoresearch/freqtrade/strategies --freqaimodel PyTorchMLPRegressor

2026-03-10 16:40:38,675 - freqtrade - INFO - freqtrade 2026.2
2026-03-10 16:40:39,090 - numexpr.utils - INFO - NumExpr defaulting to 8 threads.
2026-03-10 16:40:40,156 - freqtrade.configuration.load_config - INFO - Using config: user_data/config_freqai_autoresearch.json ...
2026-03-10 16:40:40,159 - freqtrade.loggers - INFO - Enabling colorized output.
2026-03-10 16:40:40,159 - freqtrade.loggers - INFO - Logfile configured
2026-03-10 16:40:40,159 - freqtrade.loggers - INFO - Verbosity set to 0
2026-03-10 16:40:40,160 - freqtrade.configuration.configuration - INFO - Using additional Strategy lookup path: /Users/maryamsediqi/autoresearch/freqtrade/strategies
2026-03-10 16:40:40,160 - freqtrade.configuration.configuration - INFO - Using max_open_trades: 2 ...
2026-03-10 16:40:40,160 - freqtrade.configuration.configuration - INFO - Parameter --timerange detected: 20250501-20250515 ...
2026-03-10 16:40:40,160 - freqtrade.configuration.configuration - INFO - Using user-data directory: /Users/maryamsediqi/freqtrade/user_data ...
2026-03-10 16:40:40,161 - freqtrade.configuration.configuration - INFO - Using data directory: /Users/maryamsediqi/freqtrade/user_data/data/binance ...
2026-03-10 16:40:40,161 - freqtrade.configuration.configuration - INFO - Storing backtest results to 
/Users/maryamsediqi/autoresearch/freqtrade/runs/backtest_AutoresearchFreqAIStrategy_20260310T154038Z.json ...
2026-03-10 16:40:40,161 - freqtrade.configuration.configuration - WARNING - DEPRECATED: Using `--export-filename` has no impact when backtesting. Please use `--notes` to annotate backtest results and 
`--backtest-directory` to specify the output directory. 
2026-03-10 16:40:40,161 - freqtrade.configuration.configuration - INFO - Parameter --export detected: trades ...
2026-03-10 16:40:40,161 - freqtrade.configuration.configuration - INFO - Parameter --cache=day detected ...
2026-03-10 16:40:40,162 - freqtrade.configuration.configuration - INFO - Filter trades by timerange: 20250501-20250515
2026-03-10 16:40:40,162 - freqtrade.configuration.configuration - INFO - Using freqaimodel class name: PyTorchMLPRegressor
2026-03-10 16:40:40,162 - freqtrade.exchange.check_exchange - INFO - Checking exchange...
2026-03-10 16:40:40,166 - freqtrade.exchange.check_exchange - INFO - Exchange "binance" is officially supported by the Freqtrade development team.
2026-03-10 16:40:40,166 - freqtrade.configuration.configuration - INFO - Using pairlist from configuration.
2026-03-10 16:40:40,167 - freqtrade.configuration.config_validation - INFO - Validating configuration ...
2026-03-10 16:40:40,168 - freqtrade.commands.optimize_commands - INFO - Starting freqtrade in Backtesting mode
2026-03-10 16:40:40,168 - freqtrade.exchange.exchange - INFO - Instance is running with dry_run enabled
2026-03-10 16:40:40,168 - freqtrade.exchange.exchange - INFO - Using CCXT 4.5.39
2026-03-10 16:40:40,168 - freqtrade.exchange.exchange - INFO - Applying additional ccxt config: {'options': {'defaultType': 'swap'}}
2026-03-10 16:40:40,172 - freqtrade.exchange.exchange - INFO - Applying additional ccxt config: {'options': {'defaultType': 'swap'}}
2026-03-10 16:40:40,177 - freqtrade.exchange.exchange - INFO - Using Exchange "Binance"
2026-03-10 16:40:41,872 - freqtrade.resolvers.exchange_resolver - INFO - Using resolved exchange 'Binance'...
2026-03-10 16:40:41,884 - freqtrade.resolvers.iresolver - INFO - Using resolved strategy AutoresearchFreqAIStrategy from 
'/Users/maryamsediqi/autoresearch/freqtrade/strategies/AutoresearchFreqAIStrategy.py'...
2026-03-10 16:40:41,885 - freqtrade.strategy.hyper - INFO - Found no parameter file.
2026-03-10 16:40:41,885 - freqtrade.resolvers.strategy_resolver - INFO - Override strategy 'timeframe' with value from the configuration: 5m.
2026-03-10 16:40:41,885 - freqtrade.resolvers.strategy_resolver - INFO - Override strategy 'stake_currency' with value from the configuration: USDT.
2026-03-10 16:40:41,885 - freqtrade.resolvers.strategy_resolver - INFO - Override strategy 'stake_amount' with value from the configuration: 75.
2026-03-10 16:40:41,886 - freqtrade.resolvers.strategy_resolver - INFO - Override strategy 'max_open_trades' with value from the configuration: 2.
2026-03-10 16:40:41,886 - freqtrade.resolvers.strategy_resolver - INFO - Strategy using minimal_roi: {'0': 0.02, '60': 0.01, '180': 0.0}
2026-03-10 16:40:41,886 - freqtrade.resolvers.strategy_resolver - INFO - Strategy using timeframe: 5m
2026-03-10 16:40:41,886 - freqtrade.resolvers.strategy_resolver - INFO - Strategy using stoploss: -0.02
2026-03-10 16:40:41,886 - freqtrade.resolvers.strategy_resolver - INFO - Strategy using trailing_stop: False
2026-03-10 16:40:41,887 - freqtrade.resolvers.strategy_resolver - INFO - Strategy using trailing_stop_positive_offset: 0.0
2026-03-10 16:40:41,887 - freqtrade.resolvers.strategy_resolver - INFO - Strategy using trailing_only_offset_is_reached: False
2026-03-10 16:40:41,887 - freqtrade.resolvers.strategy_resolver - INFO - Strategy using use_custom_stoploss: False
2026-03-10 16:40:41,887 - freqtrade.resolvers.strategy_resolver - INFO - Strategy using process_only_new_candles: True
2026-03-10 16:40:41,887 - freqtrade.resolvers.strategy_resolver - INFO - Strategy using order_types: {'entry': 'limit', 'exit': 'limit', 'stoploss': 'limit', 'stoploss_on_exchange': False, 
'stoploss_on_exchange_interval': 60}
2026-03-10 16:40:41,888 - freqtrade.resolvers.strategy_resolver - INFO - Strategy using order_time_in_force: {'entry': 'GTC', 'exit': 'GTC'}
2026-03-10 16:40:41,888 - freqtrade.resolvers.strategy_resolver - INFO - Strategy using stake_currency: USDT
2026-03-10 16:40:41,888 - freqtrade.resolvers.strategy_resolver - INFO - Strategy using stake_amount: 75
2026-03-10 16:40:41,888 - freqtrade.resolvers.strategy_resolver - INFO - Strategy using startup_candle_count: 240
2026-03-10 16:40:41,889 - freqtrade.resolvers.strategy_resolver - INFO - Strategy using use_exit_signal: True
2026-03-10 16:40:41,889 - freqtrade.resolvers.strategy_resolver - INFO - Strategy using exit_profit_only: False
2026-03-10 16:40:41,889 - freqtrade.resolvers.strategy_resolver - INFO - Strategy using ignore_roi_if_entry_signal: False
2026-03-10 16:40:41,889 - freqtrade.resolvers.strategy_resolver - INFO - Strategy using exit_profit_offset: 0.0
2026-03-10 16:40:41,889 - freqtrade.resolvers.strategy_resolver - INFO - Strategy using disable_dataframe_checks: False
2026-03-10 16:40:41,890 - freqtrade.resolvers.strategy_resolver - INFO - Strategy using ignore_buying_expired_candle_after: 0
2026-03-10 16:40:41,890 - freqtrade.resolvers.strategy_resolver - INFO - Strategy using position_adjustment_enable: False
2026-03-10 16:40:41,890 - freqtrade.resolvers.strategy_resolver - INFO - Strategy using max_entry_position_adjustment: -1
2026-03-10 16:40:41,890 - freqtrade.resolvers.strategy_resolver - INFO - Strategy using max_open_trades: 2
2026-03-10 16:40:41,890 - freqtrade.configuration.config_validation - INFO - Validating configuration ...
2026-03-10 16:40:41,897 - freqtrade.resolvers.iresolver - INFO - Using resolved pairlist StaticPairList from '/Users/maryamsediqi/freqtrade/freqtrade/plugins/pairlist/StaticPairList.py'...
2026-03-10 16:40:41,901 - freqtrade.optimize.backtesting - INFO - Using fee 0.0500% - worst case fee from exchange (lowest tier).
2026-03-10 16:40:41,901 - freqtrade.data.dataprovider - INFO - Increasing startup_candle_count for freqai on 5m to 8880
2026-03-10 16:40:42,059 - freqtrade.optimize.backtesting - INFO - Loading data from 2025-03-31 04:00:00 up to 2025-05-15 00:00:00 (44 days).
2026-03-10 16:40:42,201 - freqtrade.optimize.backtesting - INFO - Dataload complete. Calculating indicators
2026-03-10 16:40:42,203 - freqtrade.optimize.backtesting - INFO - Running backtesting for Strategy AutoresearchFreqAIStrategy
2026-03-10 16:40:44,418 - freqtrade.resolvers.iresolver - INFO - Using resolved freqaimodel PyTorchMLPRegressor from 
'/Users/maryamsediqi/freqtrade/freqtrade/freqai/prediction_models/PyTorchMLPRegressor.py'...
2026-03-10 16:40:44,418 - freqtrade.freqai.data_drawer - INFO - Could not find existing datadrawer, starting from scratch
2026-03-10 16:40:44,418 - freqtrade.freqai.data_drawer - INFO - Could not find existing historic_predictions, starting from scratch
2026-03-10 16:40:44,419 - freqtrade.freqai.freqai_interface - INFO - Set fresh train queue from whitelist. Queue: ['BTC/USDT:USDT', 'ETH/USDT:USDT']
2026-03-10 16:40:44,442 - freqtrade.freqai.freqai_interface - INFO - Training 2 timeranges
2026-03-10 16:40:44,443 - freqtrade.freqai.freqai_interface - INFO - Training BTC/USDT:USDT, 1/2 pairs from 2025-04-01 00:00:00 to 2025-05-01 00:00:00, 1/2 trains
2026-03-10 16:40:44,443 - freqtrade.freqai.data_kitchen - INFO - Could not find backtesting prediction file at 
/Users/maryamsediqi/freqtrade/user_data/models/autoresearch-v1/backtesting_predictions/cb_btc_1746057600_prediction.feather
2026-03-10 16:40:44,477 - freqtrade.data.dataprovider - INFO - Increasing startup_candle_count for freqai on 15m to 3120
2026-03-10 16:40:44,478 - freqtrade.data.dataprovider - INFO - Loading data for BTC/USDT:USDT 15m from 2025-03-29 12:00:00 to 2025-05-15 00:00:00
2026-03-10 16:40:44,532 - freqtrade.data.dataprovider - INFO - Increasing startup_candle_count for freqai on 1h to 960
2026-03-10 16:40:44,532 - freqtrade.data.dataprovider - INFO - Loading data for BTC/USDT:USDT 1h from 2025-03-22 00:00:00 to 2025-05-15 00:00:00
2026-03-10 16:40:44,612 - freqtrade.data.dataprovider - INFO - Increasing startup_candle_count for freqai on 5m to 8880
2026-03-10 16:40:44,612 - freqtrade.data.dataprovider - INFO - Loading data for ETH/USDT:USDT 5m from 2025-03-31 04:00:00 to 2025-05-15 00:00:00
2026-03-10 16:40:44,655 - freqtrade.data.dataprovider - INFO - Increasing startup_candle_count for freqai on 15m to 3120
2026-03-10 16:40:44,655 - freqtrade.data.dataprovider - INFO - Loading data for ETH/USDT:USDT 15m from 2025-03-29 12:00:00 to 2025-05-15 00:00:00
2026-03-10 16:40:44,739 - freqtrade.data.dataprovider - INFO - Increasing startup_candle_count for freqai on 1h to 960
2026-03-10 16:40:44,739 - freqtrade.data.dataprovider - INFO - Loading data for ETH/USDT:USDT 1h from 2025-03-22 00:00:00 to 2025-05-15 00:00:00
2026-03-10 16:40:44,836 - freqtrade.freqai.freqai_interface - INFO - Could not find model at /Users/maryamsediqi/freqtrade/user_data/models/autoresearch-v1/sub-train-BTC_1746057600/cb_btc_1746057600
2026-03-10 16:40:44,927 - freqtrade.freqai.base_models.BasePyTorchRegressor - INFO - -------------------- Starting training BTC/USDT:USDT --------------------
2026-03-10 16:40:44,945 - freqtrade.freqai.data_kitchen - INFO - BTC/USDT:USDT: dropped 24 training points due to NaNs in populated dataset 8640.
2026-03-10 16:40:44,966 - freqtrade.freqai.base_models.BasePyTorchRegressor - INFO - Training model on 438 features
2026-03-10 16:40:44,967 - freqtrade.freqai.base_models.BasePyTorchRegressor - INFO - Training model on 6462 data points
2026-03-10 16:41:02,268 - freqtrade.freqai.base_models.BasePyTorchRegressor - INFO - -------------------- Done training BTC/USDT:USDT (17.34 secs) --------------------
2026-03-10 16:41:02,275 - freqtrade.freqai.freqai_interface - INFO - Saving metadata to disk.
2026-03-10 16:41:02,425 - datasieve.pipeline - WARNING - Could not find step di in pipeline, returning None
2026-03-10 16:41:02,475 - freqtrade.freqai.freqai_interface - INFO - Training BTC/USDT:USDT, 1/2 pairs from 2025-04-08 00:00:00 to 2025-05-08 00:00:00, 2/2 trains
2026-03-10 16:41:02,475 - freqtrade.freqai.data_kitchen - INFO - Could not find backtesting prediction file at 
/Users/maryamsediqi/freqtrade/user_data/models/autoresearch-v1/backtesting_predictions/cb_btc_1746662400_prediction.feather
2026-03-10 16:41:02,547 - freqtrade.freqai.freqai_interface - INFO - Could not find model at /Users/maryamsediqi/freqtrade/user_data/models/autoresearch-v1/sub-train-BTC_1746662400/cb_btc_1746662400
2026-03-10 16:41:02,549 - freqtrade.freqai.base_models.BasePyTorchRegressor - INFO - -------------------- Starting training BTC/USDT:USDT --------------------
2026-03-10 16:41:02,613 - freqtrade.freqai.data_kitchen - INFO - BTC/USDT:USDT: dropped 24 training points due to NaNs in populated dataset 8640.
2026-03-10 16:41:02,648 - freqtrade.freqai.base_models.BasePyTorchRegressor - INFO - Training model on 438 features
2026-03-10 16:41:02,649 - freqtrade.freqai.base_models.BasePyTorchRegressor - INFO - Training model on 6462 data points
2026-03-10 16:41:18,651 - freqtrade.freqai.base_models.BasePyTorchRegressor - INFO - -------------------- Done training BTC/USDT:USDT (16.10 secs) --------------------
2026-03-10 16:41:18,653 - freqtrade.freqai.freqai_interface - INFO - Saving metadata to disk.
2026-03-10 16:41:18,673 - datasieve.pipeline - WARNING - Could not find step di in pipeline, returning None
2026-03-10 16:41:18,776 - freqtrade.freqai.freqai_interface - INFO - Training 2 timeranges
2026-03-10 16:41:18,777 - freqtrade.freqai.freqai_interface - INFO - Training ETH/USDT:USDT, 2/2 pairs from 2025-04-01 00:00:00 to 2025-05-01 00:00:00, 1/2 trains
2026-03-10 16:41:18,777 - freqtrade.freqai.data_kitchen - INFO - Could not find backtesting prediction file at 
/Users/maryamsediqi/freqtrade/user_data/models/autoresearch-v1/backtesting_predictions/cb_eth_1746057600_prediction.feather
2026-03-10 16:41:18,964 - freqtrade.data.dataprovider - INFO - Increasing startup_candle_count for freqai on 5m to 8880
2026-03-10 16:41:18,964 - freqtrade.data.dataprovider - INFO - Loading data for BTC/USDT:USDT 5m from 2025-03-31 04:00:00 to 2025-05-15 00:00:00
2026-03-10 16:41:19,211 - freqtrade.freqai.freqai_interface - INFO - Could not find model at /Users/maryamsediqi/freqtrade/user_data/models/autoresearch-v1/sub-train-ETH_1746057600/cb_eth_1746057600
2026-03-10 16:41:19,215 - freqtrade.freqai.base_models.BasePyTorchRegressor - INFO - -------------------- Starting training ETH/USDT:USDT --------------------
2026-03-10 16:41:19,239 - freqtrade.freqai.data_kitchen - INFO - ETH/USDT:USDT: dropped 24 training points due to NaNs in populated dataset 8640.
2026-03-10 16:41:19,274 - freqtrade.freqai.base_models.BasePyTorchRegressor - INFO - Training model on 438 features
2026-03-10 16:41:19,274 - freqtrade.freqai.base_models.BasePyTorchRegressor - INFO - Training model on 6462 data points
2026-03-10 16:41:35,453 - freqtrade.freqai.base_models.BasePyTorchRegressor - INFO - -------------------- Done training ETH/USDT:USDT (16.24 secs) --------------------
2026-03-10 16:41:35,455 - freqtrade.freqai.freqai_interface - INFO - Saving metadata to disk.
2026-03-10 16:41:35,496 - datasieve.pipeline - WARNING - Could not find step di in pipeline, returning None
2026-03-10 16:41:35,508 - freqtrade.freqai.freqai_interface - INFO - Training ETH/USDT:USDT, 2/2 pairs from 2025-04-08 00:00:00 to 2025-05-08 00:00:00, 2/2 trains
2026-03-10 16:41:35,508 - freqtrade.freqai.data_kitchen - INFO - Could not find backtesting prediction file at 
/Users/maryamsediqi/freqtrade/user_data/models/autoresearch-v1/backtesting_predictions/cb_eth_1746662400_prediction.feather
2026-03-10 16:41:35,579 - freqtrade.freqai.freqai_interface - INFO - Could not find model at /Users/maryamsediqi/freqtrade/user_data/models/autoresearch-v1/sub-train-ETH_1746662400/cb_eth_1746662400
2026-03-10 16:41:35,581 - freqtrade.freqai.base_models.BasePyTorchRegressor - INFO - -------------------- Starting training ETH/USDT:USDT --------------------
2026-03-10 16:41:35,636 - freqtrade.freqai.data_kitchen - INFO - ETH/USDT:USDT: dropped 24 training points due to NaNs in populated dataset 8640.
2026-03-10 16:41:35,688 - freqtrade.freqai.base_models.BasePyTorchRegressor - INFO - Training model on 438 features
2026-03-10 16:41:35,689 - freqtrade.freqai.base_models.BasePyTorchRegressor - INFO - Training model on 6462 data points
2026-03-10 16:41:51,897 - freqtrade.freqai.base_models.BasePyTorchRegressor - INFO - -------------------- Done training ETH/USDT:USDT (16.32 secs) --------------------
2026-03-10 16:41:51,899 - freqtrade.freqai.freqai_interface - INFO - Saving metadata to disk.
2026-03-10 16:41:51,933 - datasieve.pipeline - WARNING - Could not find step di in pipeline, returning None
2026-03-10 16:41:52,043 - freqtrade.optimize.backtesting - INFO - Backtesting with data from 2025-05-01 00:00:00 up to 2025-05-15 00:00:00 (14 days).
2026-03-10 16:41:52,560 - freqtrade.misc - INFO - dumping json to "/Users/maryamsediqi/freqtrade/user_data/backtest_results/backtest-result-2026-03-10_16-41-52.meta.json"
Result for strategy AutoresearchFreqAIStrategy
                                                BACKTESTING REPORT                                                
┏━━━━━━━━━━━━━━━┳━━━━━━━━┳━━━━━━━━━━━━━━┳━━━━━━━━━━━━━━━━━┳━━━━━━━━━━━━━━┳━━━━━━━━━━━━━━┳━━━━━━━━━━━━━━━━━━━━━━━━┓
┃          Pair ┃ Trades ┃ Avg Profit % ┃ Tot Profit USDT ┃ Tot Profit % ┃ Avg Duration ┃  Win  Draw  Loss  Win% ┃
┡━━━━━━━━━━━━━━━╇━━━━━━━━╇━━━━━━━━━━━━━━╇━━━━━━━━━━━━━━━━━╇━━━━━━━━━━━━━━╇━━━━━━━━━━━━━━╇━━━━━━━━━━━━━━━━━━━━━━━━┩
│ BTC/USDT:USDT │      0 │          0.0 │           0.000 │          0.0 │         0:00 │    0     0     0     0 │
│ ETH/USDT:USDT │    165 │        -0.18 │         -22.478 │        -2.25 │      1:05:00 │   93     2    70  56.4 │
│         TOTAL │    165 │        -0.18 │         -22.478 │        -2.25 │      1:05:00 │   93     2    70  56.4 │
└───────────────┴────────┴──────────────┴─────────────────┴──────────────┴──────────────┴────────────────────────┘
                                             LEFT OPEN TRADES REPORT                                              
┏━━━━━━━━━━━━━━━┳━━━━━━━━┳━━━━━━━━━━━━━━┳━━━━━━━━━━━━━━━━━┳━━━━━━━━━━━━━━┳━━━━━━━━━━━━━━┳━━━━━━━━━━━━━━━━━━━━━━━━┓
┃          Pair ┃ Trades ┃ Avg Profit % ┃ Tot Profit USDT ┃ Tot Profit % ┃ Avg Duration ┃  Win  Draw  Loss  Win% ┃
┡━━━━━━━━━━━━━━━╇━━━━━━━━╇━━━━━━━━━━━━━━╇━━━━━━━━━━━━━━━━━╇━━━━━━━━━━━━━━╇━━━━━━━━━━━━━━╇━━━━━━━━━━━━━━━━━━━━━━━━┩
│ ETH/USDT:USDT │      1 │        -0.17 │          -0.126 │        -0.01 │      0:10:00 │    0     0     1     0 │
│         TOTAL │      1 │        -0.17 │          -0.126 │        -0.01 │      0:10:00 │    0     0     1     0 │
└───────────────┴────────┴──────────────┴─────────────────┴──────────────┴──────────────┴────────────────────────┘
                                                ENTER TAG STATS                                                
┏━━━━━━━━━━━┳━━━━━━━━━┳━━━━━━━━━━━━━━┳━━━━━━━━━━━━━━━━━┳━━━━━━━━━━━━━━┳━━━━━━━━━━━━━━┳━━━━━━━━━━━━━━━━━━━━━━━━┓
┃ Enter Tag ┃ Entries ┃ Avg Profit % ┃ Tot Profit USDT ┃ Tot Profit % ┃ Avg Duration ┃  Win  Draw  Loss  Win% ┃
┡━━━━━━━━━━━╇━━━━━━━━━╇━━━━━━━━━━━━━━╇━━━━━━━━━━━━━━━━━╇━━━━━━━━━━━━━━╇━━━━━━━━━━━━━━╇━━━━━━━━━━━━━━━━━━━━━━━━┩
│   ml_long │      43 │         0.03 │           0.856 │         0.09 │      1:25:00 │   25     2    16  58.1 │
│  ml_short │     122 │        -0.26 │         -23.334 │        -2.33 │      0:59:00 │   68     0    54  55.7 │
│     TOTAL │     165 │        -0.18 │         -22.478 │        -2.25 │      1:05:00 │   93     2    70  56.4 │
└───────────┴─────────┴──────────────┴─────────────────┴──────────────┴──────────────┴────────────────────────┘
                                                EXIT REASON STATS                                                
┏━━━━━━━━━━━━━━━┳━━━━━━━┳━━━━━━━━━━━━━━┳━━━━━━━━━━━━━━━━━┳━━━━━━━━━━━━━━┳━━━━━━━━━━━━━━┳━━━━━━━━━━━━━━━━━━━━━━━━┓
┃   Exit Reason ┃ Exits ┃ Avg Profit % ┃ Tot Profit USDT ┃ Tot Profit % ┃ Avg Duration ┃  Win  Draw  Loss  Win% ┃
┡━━━━━━━━━━━━━━━╇━━━━━━━╇━━━━━━━━━━━━━━╇━━━━━━━━━━━━━━━━━╇━━━━━━━━━━━━━━╇━━━━━━━━━━━━━━╇━━━━━━━━━━━━━━━━━━━━━━━━┩
│ ml_exit_short │   125 │         0.09 │           8.300 │         0.83 │      0:58:00 │   82     0    43  65.6 │
│           roi │     9 │         1.14 │           7.560 │         0.76 │      1:26:00 │    7     2     0   100 │
│       ml_exit │     4 │         0.71 │           2.084 │         0.21 │      0:46:00 │    4     0     0   100 │
│    force_exit │     1 │        -0.17 │          -0.126 │        -0.01 │      0:10:00 │    0     0     1     0 │
│     stop_loss │    26 │         -2.1 │         -40.296 │        -4.03 │      1:38:00 │    0     0    26     0 │
│         TOTAL │   165 │        -0.18 │         -22.478 │        -2.25 │      1:05:00 │   93     2    70  56.4 │
└───────────────┴───────┴──────────────┴─────────────────┴──────────────┴──────────────┴────────────────────────┘
                                                       MIXED TAG STATS                                                        
┏━━━━━━━━━━━┳━━━━━━━━━━━━━━━┳━━━━━━━━┳━━━━━━━━━━━━━━┳━━━━━━━━━━━━━━━━━┳━━━━━━━━━━━━━━┳━━━━━━━━━━━━━━┳━━━━━━━━━━━━━━━━━━━━━━━━┓
┃ Enter Tag ┃   Exit Reason ┃ Trades ┃ Avg Profit % ┃ Tot Profit USDT ┃ Tot Profit % ┃ Avg Duration ┃  Win  Draw  Loss  Win% ┃
┡━━━━━━━━━━━╇━━━━━━━━━━━━━━━╇━━━━━━━━╇━━━━━━━━━━━━━━╇━━━━━━━━━━━━━━━━━╇━━━━━━━━━━━━━━╇━━━━━━━━━━━━━━╇━━━━━━━━━━━━━━━━━━━━━━━━┩
│  ml_short │           roi │      7 │         1.46 │           7.560 │         0.76 │      0:56:00 │    7     0     0   100 │
│  ml_short │ ml_exit_short │     90 │          0.1 │           6.443 │         0.64 │      0:53:00 │   61     0    29  67.8 │
│   ml_long │       ml_exit │      4 │         0.71 │           2.084 │         0.21 │      0:46:00 │    4     0     0   100 │
│   ml_long │ ml_exit_short │     35 │         0.07 │           1.857 │         0.19 │      1:11:00 │   21     0    14  60.0 │
│   ml_long │           roi │      2 │          0.0 │           0.000 │          0.0 │      3:10:00 │    0     2     0     0 │
│  ml_short │    force_exit │      1 │        -0.17 │          -0.126 │        -0.01 │      0:10:00 │    0     0     1     0 │
│   ml_long │     stop_loss │      2 │         -2.1 │          -3.085 │        -0.31 │      4:58:00 │    0     0     2     0 │
│  ml_short │     stop_loss │     24 │         -2.1 │         -37.211 │        -3.72 │      1:21:00 │    0     0    24     0 │
│     TOTAL │               │    165 │        -0.18 │         -22.478 │        -2.25 │      1:05:00 │   93     2    70  56.4 │
└───────────┴───────────────┴────────┴──────────────┴─────────────────┴──────────────┴──────────────┴────────────────────────┘
                         SUMMARY METRICS                          
┏━━━━━━━━━━━━━━━━━━━━━━━━━━━━━━━┳━━━━━━━━━━━━━━━━━━━━━━━━━━━━━━━━┓
┃ Metric                        ┃ Value                          ┃
┡━━━━━━━━━━━━━━━━━━━━━━━━━━━━━━━╇━━━━━━━━━━━━━━━━━━━━━━━━━━━━━━━━┩
│ Backtesting from              │ 2025-05-01 00:00:00            │
│ Backtesting to                │ 2025-05-15 00:00:00            │
│ Trading Mode                  │ Isolated Futures               │
│ Max open trades               │ 2                              │
│                               │                                │
│ Total/Daily Avg Trades        │ 165 / 11.79                    │
│ Starting balance              │ 1000 USDT                      │
│ Final balance                 │ 977.522 USDT                   │
│ Absolute profit               │ -22.478 USDT                   │
│ Total profit %                │ -2.25%                         │
│ CAGR %                        │ -44.72%                        │
│ Sortino                       │ -45.50                         │
│ Sharpe                        │ -44.48                         │
│ Calmar                        │ -111.64                        │
│ SQN                           │ -2.53                          │
│ Profit factor                 │ 0.53                           │
│ Expectancy (Ratio)            │ -0.14 (-0.21)                  │
│ Avg. daily profit             │ -1.606 USDT                    │
│ Avg. stake amount             │ 73.822 USDT                    │
│ Total trade volume            │ 24392.004 USDT                 │
│                               │                                │
│ Long / Short trades           │ 43 / 122                       │
│ Long / Short profit %         │ 0.09% / -2.33%                 │
│ Long / Short profit USDT      │ 0.856 / -23.334                │
│                               │                                │
│ Best Pair                     │ BTC/USDT:USDT 0.00%            │
│ Worst Pair                    │ ETH/USDT:USDT -2.25%           │
│ Best trade                    │ ETH/USDT:USDT 2.00%            │
│ Worst trade                   │ ETH/USDT:USDT -2.10%           │
│ Best day                      │ 2.028 USDT                     │
│ Worst day                     │ -11.76 USDT                    │
│ Days win/draw/lose            │ 6 / 0 / 9                      │
│ Min/Max/Avg. Duration Winners │ 0d 00:05 / 0d 03:00 / 0d 00:43 │
│ Min/Max/Avg. Duration Losers  │ 0d 00:00 / 0d 07:20 / 0d 01:32 │
│ Max Consecutive Wins / Loss   │ 7 / 9                          │
│ Rejected Entry signals        │ 0                              │
│ Entry/Exit Timeouts           │ 0 / 0                          │
│                               │                                │
│ Min balance                   │ 975.83 USDT                    │
│ Max balance                   │ 1003.398 USDT                  │
│ Max % of account underwater   │ 2.75%                          │
│ Absolute drawdown             │ 27.569 USDT (2.75%)            │
│ Drawdown duration             │ 9 days 00:15:00                │
│ Profit at drawdown start      │ 3.398 USDT                     │
│ Profit at drawdown end        │ -24.17 USDT                    │
│ Drawdown start                │ 2025-05-04 22:35:00            │
│ Drawdown end                  │ 2025-05-13 22:50:00            │
│ Market change                 │ 27.77%                         │
└───────────────────────────────┴────────────────────────────────┘

Backtested 2025-05-01 00:00:00 -> 2025-05-15 00:00:00 | Max open trades : 2
                                                                  STRATEGY SUMMARY                                                                  
┏━━━━━━━━━━━━━━━━━━━━━━━━━━━━┳━━━━━━━━┳━━━━━━━━━━━━━━┳━━━━━━━━━━━━━━━━━┳━━━━━━━━━━━━━━┳━━━━━━━━━━━━━━┳━━━━━━━━━━━━━━━━━━━━━━━━┳━━━━━━━━━━━━━━━━━━━━┓
┃                   Strategy ┃ Trades ┃ Avg Profit % ┃ Tot Profit USDT ┃ Tot Profit % ┃ Avg Duration ┃  Win  Draw  Loss  Win% ┃           Drawdown ┃
┡━━━━━━━━━━━━━━━━━━━━━━━━━━━━╇━━━━━━━━╇━━━━━━━━━━━━━━╇━━━━━━━━━━━━━━━━━╇━━━━━━━━━━━━━━╇━━━━━━━━━━━━━━╇━━━━━━━━━━━━━━━━━━━━━━━━╇━━━━━━━━━━━━━━━━━━━━┩
│ AutoresearchFreqAIStrategy │    165 │        -0.18 │         -22.478 │        -2.25 │      1:05:00 │   93     2    70  56.4 │ 27.569 USDT  2.75% │
└────────────────────────────┴────────┴──────────────┴─────────────────┴──────────────┴──────────────┴────────────────────────┴────────────────────┘

